nohup: ignoring input
2025-09-01 22:01:16,766 - INFO - Starting YouTube capture for https://www.youtube.com/watch?v=DNnj_9bVWGI
2025-09-01 22:01:16,766 - INFO - Getting stream URL for: https://www.youtube.com/watch?v=DNnj_9bVWGI
2025-09-01 22:01:18,264 - INFO - Chosen format: 1912x1080 @ 30.0fps | vcodec=avc1.640028 acodec=mp4a.40.2 prot=m3u8_native ext=mp4
2025-09-01 22:01:20,768 - INFO - Stream opened: 1912x1080 at 30.0 fps
2025-09-01 22:01:20,768 - INFO - Capturing every 300.0 seconds
2025-09-01 22:01:20,768 - INFO - Will run for 25200 seconds
2025-09-01 22:01:20,768 - INFO - Saving to: /home/exouser/cv/images/youtube_DNnj_9bVWGI
2025-09-01 22:01:20,915 - INFO - Saved: youtube_snapshot_20250901_220120.jpg | Size: 1.6MB
2025-09-01 22:01:20,915 - INFO - Captures: 1 | Remaining: 25196s
2025-09-01 22:06:20,985 - INFO - Saved: youtube_snapshot_20250901_220620.jpg | Size: 1.6MB
2025-09-01 22:06:20,986 - INFO - Captures: 2 | Remaining: 24896s
2025-09-01 22:11:21,049 - INFO - Saved: youtube_snapshot_20250901_221120.jpg | Size: 1.6MB
2025-09-01 22:11:21,050 - INFO - Captures: 3 | Remaining: 24596s
2025-09-01 22:16:21,104 - INFO - Saved: youtube_snapshot_20250901_221621.jpg | Size: 1.6MB
2025-09-01 22:16:21,105 - INFO - Captures: 4 | Remaining: 24296s
2025-09-01 22:21:21,163 - INFO - Saved: youtube_snapshot_20250901_222121.jpg | Size: 1.6MB
2025-09-01 22:21:21,163 - INFO - Captures: 5 | Remaining: 23996s
2025-09-01 22:26:21,227 - INFO - Saved: youtube_snapshot_20250901_222621.jpg | Size: 1.6MB
2025-09-01 22:26:21,227 - INFO - Captures: 6 | Remaining: 23696s
2025-09-01 22:31:21,289 - INFO - Saved: youtube_snapshot_20250901_223121.jpg | Size: 1.6MB
2025-09-01 22:31:21,290 - INFO - Captures: 7 | Remaining: 23395s
2025-09-01 22:36:21,352 - INFO - Saved: youtube_snapshot_20250901_223621.jpg | Size: 1.6MB
2025-09-01 22:36:21,352 - INFO - Captures: 8 | Remaining: 23095s
2025-09-01 22:41:21,405 - INFO - Saved: youtube_snapshot_20250901_224121.jpg | Size: 1.6MB
2025-09-01 22:41:21,405 - INFO - Captures: 9 | Remaining: 22795s
2025-09-01 22:46:21,469 - INFO - Saved: youtube_snapshot_20250901_224621.jpg | Size: 1.6MB
2025-09-01 22:46:21,470 - INFO - Captures: 10 | Remaining: 22495s
2025-09-01 22:51:21,531 - INFO - Saved: youtube_snapshot_20250901_225121.jpg | Size: 1.6MB
2025-09-01 22:51:21,532 - INFO - Captures: 11 | Remaining: 22195s
2025-09-01 22:56:21,583 - INFO - Saved: youtube_snapshot_20250901_225621.jpg | Size: 1.5MB
2025-09-01 22:56:21,583 - INFO - Captures: 12 | Remaining: 21895s
2025-09-01 23:01:21,641 - INFO - Saved: youtube_snapshot_20250901_230121.jpg | Size: 1.5MB
2025-09-01 23:01:21,641 - INFO - Captures: 13 | Remaining: 21595s
2025-09-01 23:06:21,698 - INFO - Saved: youtube_snapshot_20250901_230621.jpg | Size: 1.5MB
2025-09-01 23:06:21,698 - INFO - Captures: 14 | Remaining: 21295s
2025-09-01 23:11:21,756 - INFO - Saved: youtube_snapshot_20250901_231121.jpg | Size: 1.5MB
2025-09-01 23:11:21,756 - INFO - Captures: 15 | Remaining: 20995s
2025-09-01 23:16:21,813 - INFO - Saved: youtube_snapshot_20250901_231621.jpg | Size: 1.5MB
2025-09-01 23:16:21,814 - INFO - Captures: 16 | Remaining: 20695s
2025-09-01 23:21:21,872 - INFO - Saved: youtube_snapshot_20250901_232121.jpg | Size: 1.5MB
2025-09-01 23:21:21,872 - INFO - Captures: 17 | Remaining: 20395s
2025-09-01 23:26:21,925 - INFO - Saved: youtube_snapshot_20250901_232621.jpg | Size: 1.5MB
2025-09-01 23:26:21,925 - INFO - Captures: 18 | Remaining: 20095s
2025-09-01 23:31:21,983 - INFO - Saved: youtube_snapshot_20250901_233121.jpg | Size: 1.5MB
2025-09-01 23:31:21,983 - INFO - Captures: 19 | Remaining: 19795s
2025-09-01 23:36:22,041 - INFO - Saved: youtube_snapshot_20250901_233621.jpg | Size: 1.5MB
2025-09-01 23:36:22,041 - INFO - Captures: 20 | Remaining: 19495s
2025-09-01 23:41:22,101 - INFO - Saved: youtube_snapshot_20250901_234122.jpg | Size: 1.5MB
2025-09-01 23:41:22,101 - INFO - Captures: 21 | Remaining: 19195s
2025-09-01 23:46:22,158 - INFO - Saved: youtube_snapshot_20250901_234622.jpg | Size: 1.5MB
2025-09-01 23:46:22,158 - INFO - Captures: 22 | Remaining: 18895s
2025-09-01 23:51:22,214 - INFO - Saved: youtube_snapshot_20250901_235122.jpg | Size: 1.5MB
2025-09-01 23:51:22,215 - INFO - Captures: 23 | Remaining: 18595s
2025-09-01 23:56:22,274 - INFO - Saved: youtube_snapshot_20250901_235622.jpg | Size: 1.5MB
2025-09-01 23:56:22,274 - INFO - Captures: 24 | Remaining: 18294s
2025-09-02 00:01:22,333 - INFO - Saved: youtube_snapshot_20250902_000122.jpg | Size: 1.5MB
2025-09-02 00:01:22,334 - INFO - Captures: 25 | Remaining: 17994s
2025-09-02 00:06:22,390 - INFO - Saved: youtube_snapshot_20250902_000622.jpg | Size: 1.5MB
2025-09-02 00:06:22,391 - INFO - Captures: 26 | Remaining: 17694s
2025-09-02 00:11:22,449 - INFO - Saved: youtube_snapshot_20250902_001122.jpg | Size: 1.5MB
2025-09-02 00:11:22,449 - INFO - Captures: 27 | Remaining: 17394s
2025-09-02 00:16:22,506 - INFO - Saved: youtube_snapshot_20250902_001622.jpg | Size: 1.5MB
2025-09-02 00:16:22,506 - INFO - Captures: 28 | Remaining: 17094s
2025-09-02 00:21:22,572 - INFO - Saved: youtube_snapshot_20250902_002122.jpg | Size: 1.5MB
2025-09-02 00:21:22,572 - INFO - Captures: 29 | Remaining: 16794s
2025-09-02 00:26:22,636 - INFO - Saved: youtube_snapshot_20250902_002622.jpg | Size: 1.5MB
2025-09-02 00:26:22,637 - INFO - Captures: 30 | Remaining: 16494s
2025-09-02 00:31:22,697 - INFO - Saved: youtube_snapshot_20250902_003122.jpg | Size: 1.5MB
2025-09-02 00:31:22,697 - INFO - Captures: 31 | Remaining: 16194s
2025-09-02 00:36:22,749 - INFO - Saved: youtube_snapshot_20250902_003622.jpg | Size: 1.5MB
2025-09-02 00:36:22,749 - INFO - Captures: 32 | Remaining: 15894s
2025-09-02 00:41:22,809 - INFO - Saved: youtube_snapshot_20250902_004122.jpg | Size: 1.5MB
2025-09-02 00:41:22,809 - INFO - Captures: 33 | Remaining: 15594s
2025-09-02 00:46:22,868 - INFO - Saved: youtube_snapshot_20250902_004622.jpg | Size: 1.5MB
2025-09-02 00:46:22,868 - INFO - Captures: 34 | Remaining: 15294s
2025-09-02 00:51:22,929 - INFO - Saved: youtube_snapshot_20250902_005122.jpg | Size: 1.5MB
2025-09-02 00:51:22,929 - INFO - Captures: 35 | Remaining: 14994s
2025-09-02 00:56:22,986 - INFO - Saved: youtube_snapshot_20250902_005622.jpg | Size: 1.5MB
2025-09-02 00:56:22,987 - INFO - Captures: 36 | Remaining: 14694s
2025-09-02 01:01:23,038 - INFO - Saved: youtube_snapshot_20250902_010122.jpg | Size: 1.5MB
2025-09-02 01:01:23,038 - INFO - Captures: 37 | Remaining: 14394s
2025-09-02 01:06:23,097 - INFO - Saved: youtube_snapshot_20250902_010623.jpg | Size: 1.5MB
2025-09-02 01:06:23,097 - INFO - Captures: 38 | Remaining: 14094s
2025-09-02 01:11:23,149 - INFO - Saved: youtube_snapshot_20250902_011123.jpg | Size: 1.5MB
2025-09-02 01:11:23,149 - INFO - Captures: 39 | Remaining: 13794s
2025-09-02 01:16:23,208 - INFO - Saved: youtube_snapshot_20250902_011623.jpg | Size: 1.5MB
2025-09-02 01:16:23,208 - INFO - Captures: 40 | Remaining: 13494s
2025-09-02 01:21:23,264 - INFO - Saved: youtube_snapshot_20250902_012123.jpg | Size: 1.5MB
2025-09-02 01:21:23,264 - INFO - Captures: 41 | Remaining: 13194s
2025-09-02 01:26:23,316 - INFO - Saved: youtube_snapshot_20250902_012623.jpg | Size: 1.4MB
2025-09-02 01:26:23,317 - INFO - Captures: 42 | Remaining: 12893s
2025-09-02 01:31:23,367 - INFO - Saved: youtube_snapshot_20250902_013123.jpg | Size: 1.4MB
2025-09-02 01:31:23,367 - INFO - Captures: 43 | Remaining: 12593s
2025-09-02 01:36:23,421 - INFO - Saved: youtube_snapshot_20250902_013623.jpg | Size: 1.4MB
2025-09-02 01:36:23,422 - INFO - Captures: 44 | Remaining: 12293s
2025-09-02 01:41:23,478 - INFO - Saved: youtube_snapshot_20250902_014123.jpg | Size: 1.4MB
2025-09-02 01:41:23,478 - INFO - Captures: 45 | Remaining: 11993s
2025-09-02 01:46:23,532 - INFO - Saved: youtube_snapshot_20250902_014623.jpg | Size: 1.4MB
2025-09-02 01:46:23,533 - INFO - Captures: 46 | Remaining: 11693s
2025-09-02 01:51:23,593 - INFO - Saved: youtube_snapshot_20250902_015123.jpg | Size: 1.4MB
2025-09-02 01:51:23,593 - INFO - Captures: 47 | Remaining: 11393s
2025-09-02 01:56:23,648 - INFO - Saved: youtube_snapshot_20250902_015623.jpg | Size: 1.4MB
2025-09-02 01:56:23,648 - INFO - Captures: 48 | Remaining: 11093s
2025-09-02 02:01:23,700 - INFO - Saved: youtube_snapshot_20250902_020123.jpg | Size: 1.4MB
2025-09-02 02:01:23,700 - INFO - Captures: 49 | Remaining: 10793s
2025-09-02 02:06:23,756 - INFO - Saved: youtube_snapshot_20250902_020623.jpg | Size: 1.4MB
2025-09-02 02:06:23,756 - INFO - Captures: 50 | Remaining: 10493s
2025-09-02 02:11:23,811 - INFO - Saved: youtube_snapshot_20250902_021123.jpg | Size: 1.4MB
2025-09-02 02:11:23,811 - INFO - Captures: 51 | Remaining: 10193s
2025-09-02 02:16:23,861 - INFO - Saved: youtube_snapshot_20250902_021623.jpg | Size: 1.4MB
2025-09-02 02:16:23,861 - INFO - Captures: 52 | Remaining: 9893s
2025-09-02 02:21:23,916 - INFO - Saved: youtube_snapshot_20250902_022123.jpg | Size: 1.4MB
2025-09-02 02:21:23,916 - INFO - Captures: 53 | Remaining: 9593s
2025-09-02 02:26:23,972 - INFO - Saved: youtube_snapshot_20250902_022623.jpg | Size: 1.4MB
2025-09-02 02:26:23,972 - INFO - Captures: 54 | Remaining: 9293s
2025-09-02 02:31:24,025 - INFO - Saved: youtube_snapshot_20250902_023123.jpg | Size: 1.4MB
2025-09-02 02:31:24,025 - INFO - Captures: 55 | Remaining: 8993s
2025-09-02 02:36:24,081 - INFO - Saved: youtube_snapshot_20250902_023624.jpg | Size: 1.4MB
2025-09-02 02:36:24,081 - INFO - Captures: 56 | Remaining: 8693s
2025-09-02 02:41:24,136 - INFO - Saved: youtube_snapshot_20250902_024124.jpg | Size: 1.4MB
2025-09-02 02:41:24,136 - INFO - Captures: 57 | Remaining: 8393s
2025-09-02 02:46:24,188 - INFO - Saved: youtube_snapshot_20250902_024624.jpg | Size: 1.4MB
2025-09-02 02:46:24,189 - INFO - Captures: 58 | Remaining: 8093s
2025-09-02 02:51:24,244 - INFO - Saved: youtube_snapshot_20250902_025124.jpg | Size: 1.4MB
2025-09-02 02:51:24,244 - INFO - Captures: 59 | Remaining: 7793s
2025-09-02 02:56:24,295 - INFO - Saved: youtube_snapshot_20250902_025624.jpg | Size: 1.4MB
2025-09-02 02:56:24,295 - INFO - Captures: 60 | Remaining: 7492s
2025-09-02 03:01:24,359 - INFO - Saved: youtube_snapshot_20250902_030124.jpg | Size: 1.4MB
2025-09-02 03:01:24,360 - INFO - Captures: 61 | Remaining: 7192s
2025-09-02 03:06:24,415 - INFO - Saved: youtube_snapshot_20250902_030624.jpg | Size: 1.4MB
2025-09-02 03:06:24,416 - INFO - Captures: 62 | Remaining: 6892s
2025-09-02 03:11:24,475 - INFO - Saved: youtube_snapshot_20250902_031124.jpg | Size: 1.4MB
2025-09-02 03:11:24,475 - INFO - Captures: 63 | Remaining: 6592s
2025-09-02 03:16:24,530 - INFO - Saved: youtube_snapshot_20250902_031624.jpg | Size: 1.4MB
2025-09-02 03:16:24,530 - INFO - Captures: 64 | Remaining: 6292s
2025-09-02 03:21:24,581 - INFO - Saved: youtube_snapshot_20250902_032124.jpg | Size: 1.4MB
2025-09-02 03:21:24,581 - INFO - Captures: 65 | Remaining: 5992s
2025-09-02 03:26:24,656 - INFO - Saved: youtube_snapshot_20250902_032624.jpg | Size: 1.4MB
2025-09-02 03:26:24,656 - INFO - Captures: 66 | Remaining: 5692s
2025-09-02 03:31:24,713 - INFO - Saved: youtube_snapshot_20250902_033124.jpg | Size: 1.4MB
2025-09-02 03:31:24,713 - INFO - Captures: 67 | Remaining: 5392s
2025-09-02 03:36:24,774 - INFO - Saved: youtube_snapshot_20250902_033624.jpg | Size: 1.4MB
2025-09-02 03:36:24,774 - INFO - Captures: 68 | Remaining: 5092s
2025-09-02 03:41:24,830 - INFO - Saved: youtube_snapshot_20250902_034124.jpg | Size: 1.4MB
2025-09-02 03:41:24,831 - INFO - Captures: 69 | Remaining: 4792s
2025-09-02 03:46:24,883 - INFO - Saved: youtube_snapshot_20250902_034624.jpg | Size: 1.4MB
2025-09-02 03:46:24,883 - INFO - Captures: 70 | Remaining: 4492s
2025-09-02 03:51:24,938 - INFO - Saved: youtube_snapshot_20250902_035124.jpg | Size: 1.4MB
2025-09-02 03:51:24,938 - INFO - Captures: 71 | Remaining: 4192s
2025-09-02 03:56:24,989 - INFO - Saved: youtube_snapshot_20250902_035624.jpg | Size: 1.4MB
2025-09-02 03:56:24,990 - INFO - Captures: 72 | Remaining: 3892s
2025-09-02 04:01:25,049 - INFO - Saved: youtube_snapshot_20250902_040125.jpg | Size: 1.4MB
2025-09-02 04:01:25,050 - INFO - Captures: 73 | Remaining: 3592s
2025-09-02 04:06:25,105 - INFO - Saved: youtube_snapshot_20250902_040625.jpg | Size: 1.4MB
2025-09-02 04:06:25,105 - INFO - Captures: 74 | Remaining: 3292s
2025-09-02 04:11:25,161 - INFO - Saved: youtube_snapshot_20250902_041125.jpg | Size: 1.4MB
2025-09-02 04:11:25,162 - INFO - Captures: 75 | Remaining: 2992s
2025-09-02 04:16:25,220 - INFO - Saved: youtube_snapshot_20250902_041625.jpg | Size: 1.4MB
2025-09-02 04:16:25,220 - INFO - Captures: 76 | Remaining: 2692s
2025-09-02 04:21:25,273 - INFO - Saved: youtube_snapshot_20250902_042125.jpg | Size: 1.4MB
2025-09-02 04:21:25,273 - INFO - Captures: 77 | Remaining: 2391s
2025-09-02 04:26:25,337 - INFO - Saved: youtube_snapshot_20250902_042625.jpg | Size: 1.4MB
2025-09-02 04:26:25,337 - INFO - Captures: 78 | Remaining: 2091s
2025-09-02 04:31:25,388 - INFO - Saved: youtube_snapshot_20250902_043125.jpg | Size: 1.4MB
2025-09-02 04:31:25,388 - INFO - Captures: 79 | Remaining: 1791s
2025-09-02 04:36:25,451 - INFO - Saved: youtube_snapshot_20250902_043625.jpg | Size: 1.4MB
2025-09-02 04:36:25,451 - INFO - Captures: 80 | Remaining: 1491s
2025-09-02 04:41:25,504 - INFO - Saved: youtube_snapshot_20250902_044125.jpg | Size: 1.4MB
2025-09-02 04:41:25,504 - INFO - Captures: 81 | Remaining: 1191s
2025-09-02 04:46:25,558 - INFO - Saved: youtube_snapshot_20250902_044625.jpg | Size: 1.4MB
2025-09-02 04:46:25,559 - INFO - Captures: 82 | Remaining: 891s
2025-09-02 04:51:25,613 - INFO - Saved: youtube_snapshot_20250902_045125.jpg | Size: 1.4MB
2025-09-02 04:51:25,614 - INFO - Captures: 83 | Remaining: 591s
2025-09-02 04:56:25,672 - INFO - Saved: youtube_snapshot_20250902_045625.jpg | Size: 1.4MB
2025-09-02 04:56:25,672 - INFO - Captures: 84 | Remaining: 291s
2025-09-02 05:01:25,672 - INFO - Maximum runtime reached. Captured 84 images.
2025-09-02 05:01:25,675 - INFO - Video capture released
