2025-09-01 15:58:58,425 - INFO - Starting webcam capture for https://share.earthcam.net/tJ90CoLmq7TzrY396Yd88M3ySv9LnAn8E0UsZn2nKhs!/hilton_waikiki_beach/camera/live
2025-09-01 15:58:58,425 - INFO - Python version: 3.12.3 (main, Aug 14 2025, 17:47:21) [GCC 13.3.0]
2025-09-01 15:58:58,425 - INFO - Using browser binary: /usr/bin/chromium-browser
2025-09-01 15:58:59,425 - INFO - Chrome driver initialized successfully (session: 23609a717b6d7d619e2d73a2f814fd24)
2025-09-01 15:58:59,426 - INFO - Loading webcam URL: https://share.earthcam.net/tJ90CoLmq7TzrY396Yd88M3ySv9LnAn8E0UsZn2nKhs!/hilton_waikiki_beach/camera/live
2025-09-01 15:59:00,838 - INFO - Found video/canvas element
2025-09-01 15:59:03,839 - INFO - Page loaded successfully
2025-09-01 15:59:03,840 - INFO - Capturing every 5.0 seconds
2025-09-01 15:59:03,840 - INFO - Will run for 60 seconds
2025-09-01 15:59:03,840 - INFO - Saving to: /home/exouser/cv/images/https:/share.earthcam.net/tJ90CoLmq7TzrY396Yd88M3ySv9LnAn8E0UsZn2nKhs!/hilton_waikiki_beach/camera/live
2025-09-01 15:59:03,840 - INFO - Logging to: /home/exouser/cv/webcam_capture.log
2025-09-01 15:59:03,840 - INFO - Performing scheduled browser restart
2025-09-01 15:59:04,073 - INFO - Snapshot saved: webcam_snapshot_20250901_155903.png
2025-09-01 15:59:04,074 - INFO - Captures: 1 | Remaining: 54s | Restarts: 1
2025-09-01 15:59:09,277 - INFO - Snapshot saved: webcam_snapshot_20250901_155909.png
2025-09-01 15:59:09,277 - INFO - Captures: 2 | Remaining: 49s | Restarts: 1
2025-09-01 15:59:14,510 - INFO - Snapshot saved: webcam_snapshot_20250901_155914.png
2025-09-01 15:59:14,512 - INFO - Captures: 3 | Remaining: 44s | Restarts: 1
2025-09-01 15:59:19,673 - INFO - Snapshot saved: webcam_snapshot_20250901_155919.png
2025-09-01 15:59:19,673 - INFO - Captures: 4 | Remaining: 39s | Restarts: 1
2025-09-01 15:59:24,896 - INFO - Snapshot saved: webcam_snapshot_20250901_155924.png
2025-09-01 15:59:24,896 - INFO - Captures: 5 | Remaining: 34s | Restarts: 1
2025-09-01 15:59:30,050 - INFO - Snapshot saved: webcam_snapshot_20250901_155929.png
2025-09-01 15:59:30,050 - INFO - Captures: 6 | Remaining: 28s | Restarts: 1
2025-09-01 15:59:35,204 - INFO - Snapshot saved: webcam_snapshot_20250901_155935.png
2025-09-01 15:59:35,204 - INFO - Captures: 7 | Remaining: 23s | Restarts: 1
2025-09-01 15:59:40,349 - INFO - Snapshot saved: webcam_snapshot_20250901_155940.png
2025-09-01 15:59:40,349 - INFO - Captures: 8 | Remaining: 18s | Restarts: 1
2025-09-01 15:59:45,504 - INFO - Snapshot saved: webcam_snapshot_20250901_155945.png
2025-09-01 15:59:45,504 - INFO - Captures: 9 | Remaining: 13s | Restarts: 1
2025-09-01 15:59:50,650 - INFO - Snapshot saved: webcam_snapshot_20250901_155950.png
2025-09-01 15:59:50,650 - INFO - Captures: 10 | Remaining: 8s | Restarts: 1
2025-09-01 15:59:55,783 - INFO - Snapshot saved: webcam_snapshot_20250901_155955.png
2025-09-01 15:59:55,784 - INFO - Captures: 11 | Remaining: 3s | Restarts: 1
2025-09-01 16:00:00,784 - INFO - Maximum runtime reached. Captured 11 images.
2025-09-01 16:00:00,872 - INFO - Browser closed
2025-09-01 16:01:50,145 - INFO - Starting webcam capture for https://share.earthcam.net/tJ90CoLmq7TzrY396Yd88M3ySv9LnAn8E0UsZn2nKhs!/hilton_waikiki_beach/camera/live
2025-09-01 16:01:50,145 - INFO - Python version: 3.12.3 (main, Aug 14 2025, 17:47:21) [GCC 13.3.0]
2025-09-01 16:01:50,145 - INFO - Using browser binary: /usr/bin/chromium-browser
2025-09-01 16:01:51,152 - INFO - Chrome driver initialized successfully (session: ded9a21c2e262b70f7ad364762889aef)
2025-09-01 16:01:51,153 - INFO - Loading webcam URL: https://share.earthcam.net/tJ90CoLmq7TzrY396Yd88M3ySv9LnAn8E0UsZn2nKhs!/hilton_waikiki_beach/camera/live
2025-09-01 16:01:52,704 - INFO - Found video/canvas element
2025-09-01 16:01:55,704 - INFO - Page loaded successfully
2025-09-01 16:01:55,705 - INFO - Capturing every 5.0 seconds
2025-09-01 16:01:55,705 - INFO - Will run for 60 seconds
2025-09-01 16:01:55,705 - INFO - Saving to: /home/exouser/cv/images/share.earthcam.net
2025-09-01 16:01:55,705 - INFO - Logging to: /home/exouser/cv/webcam_capture.log
2025-09-01 16:01:55,705 - INFO - Performing scheduled browser restart
2025-09-01 16:01:55,875 - INFO - Snapshot saved: webcam_snapshot_20250901_160155.png
2025-09-01 16:01:55,875 - INFO - Captures: 1 | Remaining: 54s | Restarts: 1
2025-09-01 16:02:01,012 - INFO - Snapshot saved: webcam_snapshot_20250901_160200.png
2025-09-01 16:02:01,012 - INFO - Captures: 2 | Remaining: 49s | Restarts: 1
2025-09-01 16:02:06,254 - INFO - Snapshot saved: webcam_snapshot_20250901_160206.png
2025-09-01 16:02:06,254 - INFO - Captures: 3 | Remaining: 44s | Restarts: 1
2025-09-01 16:02:11,436 - INFO - Snapshot saved: webcam_snapshot_20250901_160211.png
2025-09-01 16:02:11,436 - INFO - Captures: 4 | Remaining: 39s | Restarts: 1
2025-09-01 16:02:16,563 - INFO - Snapshot saved: webcam_snapshot_20250901_160216.png
2025-09-01 16:02:16,563 - INFO - Captures: 5 | Remaining: 34s | Restarts: 1
2025-09-01 16:02:21,696 - INFO - Snapshot saved: webcam_snapshot_20250901_160221.png
2025-09-01 16:02:21,696 - INFO - Captures: 6 | Remaining: 28s | Restarts: 1
2025-09-01 16:02:26,855 - INFO - Snapshot saved: webcam_snapshot_20250901_160226.png
2025-09-01 16:02:26,855 - INFO - Captures: 7 | Remaining: 23s | Restarts: 1
2025-09-01 16:02:32,028 - INFO - Snapshot saved: webcam_snapshot_20250901_160231.png
2025-09-01 16:02:32,029 - INFO - Captures: 8 | Remaining: 18s | Restarts: 1
2025-09-01 16:02:37,283 - INFO - Snapshot saved: webcam_snapshot_20250901_160237.png
2025-09-01 16:02:37,283 - INFO - Captures: 9 | Remaining: 13s | Restarts: 1
2025-09-01 16:02:42,488 - INFO - Snapshot saved: webcam_snapshot_20250901_160242.png
2025-09-01 16:02:42,489 - INFO - Captures: 10 | Remaining: 8s | Restarts: 1
2025-09-01 16:02:47,626 - INFO - Snapshot saved: webcam_snapshot_20250901_160247.png
2025-09-01 16:02:47,627 - INFO - Captures: 11 | Remaining: 3s | Restarts: 1
2025-09-01 16:02:52,627 - INFO - Maximum runtime reached. Captured 11 images.
2025-09-01 16:02:52,707 - INFO - Browser closed
2025-09-01 16:04:12,728 - INFO - Starting webcam capture for https://share.earthcam.net/tJ90CoLmq7TzrY396Yd88M3ySv9LnAn8E0UsZn2nKhs!/hilton_waikiki_beach/camera/live
2025-09-01 16:04:12,728 - INFO - Python version: 3.12.3 (main, Aug 14 2025, 17:47:21) [GCC 13.3.0]
2025-09-01 16:04:12,729 - INFO - Using browser binary: /usr/bin/chromium-browser
2025-09-01 16:04:13,641 - INFO - Chrome driver initialized successfully (session: 9043a6ddb581a0ad5c94fa9da3dd45c2)
2025-09-01 16:04:13,641 - INFO - Loading webcam URL: https://share.earthcam.net/tJ90CoLmq7TzrY396Yd88M3ySv9LnAn8E0UsZn2nKhs!/hilton_waikiki_beach/camera/live
2025-09-01 16:04:15,113 - INFO - Found video/canvas element
2025-09-01 16:04:18,114 - INFO - Page loaded successfully
2025-09-01 16:04:18,114 - INFO - Capturing every 5.0 seconds
2025-09-01 16:04:18,114 - INFO - Will run for 60 seconds
2025-09-01 16:04:18,114 - INFO - Saving to: /home/exouser/cv/images/share.earthcam.net
2025-09-01 16:04:18,114 - INFO - Logging to: /home/exouser/cv/webcam_capture.log
2025-09-01 16:04:18,114 - INFO - Performing scheduled browser restart
2025-09-01 16:04:18,287 - INFO - Snapshot saved: webcam_snapshot_20250901_160418.png
2025-09-01 16:04:18,287 - INFO - Captures: 1 | Remaining: 54s | Restarts: 1
2025-09-01 16:04:23,435 - INFO - Snapshot saved: webcam_snapshot_20250901_160423.png
2025-09-01 16:04:23,436 - INFO - Captures: 2 | Remaining: 49s | Restarts: 1
2025-09-01 16:04:28,588 - INFO - Snapshot saved: webcam_snapshot_20250901_160428.png
2025-09-01 16:04:28,588 - INFO - Captures: 3 | Remaining: 44s | Restarts: 1
2025-09-01 16:04:33,763 - INFO - Snapshot saved: webcam_snapshot_20250901_160433.png
2025-09-01 16:04:33,763 - INFO - Captures: 4 | Remaining: 39s | Restarts: 1
2025-09-01 16:04:39,001 - INFO - Snapshot saved: webcam_snapshot_20250901_160438.png
2025-09-01 16:04:39,001 - INFO - Captures: 5 | Remaining: 34s | Restarts: 1
2025-09-01 16:04:44,175 - INFO - Snapshot saved: webcam_snapshot_20250901_160444.png
2025-09-01 16:04:44,175 - INFO - Captures: 6 | Remaining: 29s | Restarts: 1
2025-09-01 16:04:49,420 - INFO - Snapshot saved: webcam_snapshot_20250901_160449.png
2025-09-01 16:04:49,420 - INFO - Captures: 7 | Remaining: 23s | Restarts: 1
2025-09-01 16:04:54,635 - INFO - Snapshot saved: webcam_snapshot_20250901_160454.png
2025-09-01 16:04:54,635 - INFO - Captures: 8 | Remaining: 18s | Restarts: 1
2025-09-01 16:04:59,954 - INFO - Snapshot saved: webcam_snapshot_20250901_160459.png
2025-09-01 16:04:59,955 - INFO - Captures: 9 | Remaining: 13s | Restarts: 1
2025-09-01 16:05:05,170 - INFO - Snapshot saved: webcam_snapshot_20250901_160504.png
2025-09-01 16:05:05,170 - INFO - Captures: 10 | Remaining: 8s | Restarts: 1
2025-09-01 16:05:10,600 - INFO - Snapshot saved: webcam_snapshot_20250901_160510.png
2025-09-01 16:05:10,600 - INFO - Captures: 11 | Remaining: 2s | Restarts: 1
2025-09-01 16:05:15,600 - INFO - Maximum runtime reached. Captured 11 images.
2025-09-01 16:05:15,685 - INFO - Browser closed
2025-09-01 16:07:22,586 - INFO - Starting webcam capture for https://share.earthcam.net/tJ90CoLmq7TzrY396Yd88M3ySv9LnAn8E0UsZn2nKhs!/hilton_waikiki_beach/camera/live
2025-09-01 16:07:22,587 - INFO - Python version: 3.12.3 (main, Aug 14 2025, 17:47:21) [GCC 13.3.0]
2025-09-01 16:07:22,587 - INFO - Using browser binary: /usr/bin/chromium-browser
2025-09-01 16:07:23,555 - INFO - Chrome driver initialized successfully (session: 11aa8246cb15e644cbec8f87fedc145f)
2025-09-01 16:07:23,555 - INFO - Loading webcam URL: https://share.earthcam.net/tJ90CoLmq7TzrY396Yd88M3ySv9LnAn8E0UsZn2nKhs!/hilton_waikiki_beach/camera/live
2025-09-01 16:07:25,006 - INFO - Found video/canvas element
2025-09-01 16:07:28,006 - INFO - Page loaded successfully
2025-09-01 16:07:28,006 - INFO - Capturing every 5.0 seconds
2025-09-01 16:07:28,006 - INFO - Will run for 60 seconds
2025-09-01 16:07:28,006 - INFO - Saving to: /home/exouser/cv/images/share.earthcam.net
2025-09-01 16:07:28,006 - INFO - Logging to: /home/exouser/cv/webcam_capture.log
2025-09-01 16:07:28,006 - INFO - Performing scheduled browser restart
2025-09-01 16:07:28,189 - INFO - Snapshot saved: webcam_snapshot_20250901_160728.png
2025-09-01 16:07:28,189 - INFO - Captures: 1 | Remaining: 54s | Restarts: 1
2025-09-01 16:07:33,330 - INFO - Snapshot saved: webcam_snapshot_20250901_160733.png
2025-09-01 16:07:33,330 - INFO - Captures: 2 | Remaining: 49s | Restarts: 1
2025-09-01 16:07:38,492 - INFO - Snapshot saved: webcam_snapshot_20250901_160738.png
2025-09-01 16:07:38,492 - INFO - Captures: 3 | Remaining: 44s | Restarts: 1
2025-09-01 16:07:43,674 - INFO - Snapshot saved: webcam_snapshot_20250901_160743.png
2025-09-01 16:07:43,674 - INFO - Captures: 4 | Remaining: 39s | Restarts: 1
2025-09-01 16:07:48,828 - INFO - Snapshot saved: webcam_snapshot_20250901_160748.png
2025-09-01 16:07:48,828 - INFO - Captures: 5 | Remaining: 34s | Restarts: 1
2025-09-01 16:07:54,168 - INFO - Snapshot saved: webcam_snapshot_20250901_160753.png
2025-09-01 16:07:54,168 - INFO - Captures: 6 | Remaining: 28s | Restarts: 1
2025-09-01 16:07:59,368 - INFO - Snapshot saved: webcam_snapshot_20250901_160759.png
2025-09-01 16:07:59,368 - INFO - Captures: 7 | Remaining: 23s | Restarts: 1
2025-09-01 16:08:04,966 - INFO - Snapshot saved: webcam_snapshot_20250901_160804.png
2025-09-01 16:08:04,966 - INFO - Captures: 8 | Remaining: 18s | Restarts: 1
2025-09-01 16:08:10,136 - INFO - Snapshot saved: webcam_snapshot_20250901_160809.png
2025-09-01 16:08:10,136 - INFO - Captures: 9 | Remaining: 12s | Restarts: 1
2025-09-01 16:08:15,385 - INFO - Snapshot saved: webcam_snapshot_20250901_160815.png
2025-09-01 16:08:15,385 - INFO - Captures: 10 | Remaining: 7s | Restarts: 1
2025-09-01 16:08:20,628 - INFO - Snapshot saved: webcam_snapshot_20250901_160820.png
2025-09-01 16:08:20,628 - INFO - Captures: 11 | Remaining: 2s | Restarts: 1
2025-09-01 16:08:25,628 - INFO - Maximum runtime reached. Captured 11 images.
2025-09-01 16:08:25,826 - INFO - Browser closed
2025-09-01 16:11:42,345 - INFO - Starting webcam capture for https://share.earthcam.net/tJ90CoLmq7TzrY396Yd88M3ySv9LnAn8E0UsZn2nKhs!/hilton_waikiki_beach/camera/live
2025-09-01 16:11:42,345 - INFO - Python version: 3.12.3 (main, Aug 14 2025, 17:47:21) [GCC 13.3.0]
2025-09-01 16:11:42,345 - INFO - Using browser binary: /usr/bin/chromium-browser
2025-09-01 16:11:43,270 - INFO - Chrome driver initialized successfully (session: 152f9f109323a8c65a4dd44957592081)
2025-09-01 16:11:43,270 - INFO - Loading webcam URL: https://share.earthcam.net/tJ90CoLmq7TzrY396Yd88M3ySv9LnAn8E0UsZn2nKhs!/hilton_waikiki_beach/camera/live
2025-09-01 16:11:44,679 - INFO - Found video/canvas element
2025-09-01 16:11:47,680 - INFO - Page loaded successfully
2025-09-01 16:11:47,680 - INFO - Capturing every 300.0 seconds
2025-09-01 16:11:47,680 - INFO - Will run for 604800 seconds
2025-09-01 16:11:47,680 - INFO - Saving to: /home/exouser/cv/images/share.earthcam.net
2025-09-01 16:11:47,680 - INFO - Logging to: /home/exouser/cv/webcam_capture.log
2025-09-01 16:11:47,680 - INFO - Performing scheduled browser restart
2025-09-01 16:11:47,828 - INFO - Snapshot saved: webcam_snapshot_20250901_161147.png
2025-09-01 16:11:47,828 - INFO - Captures: 1 | Remaining: 604795s | Restarts: 1
2025-09-01 16:15:12,838 - INFO - Starting webcam capture for https://share.earthcam.net/tJ90CoLmq7TzrY396Yd88M3ySv9LnAn8E0UsZn2nKhs!/hilton_waikiki_beach/camera/live
2025-09-01 16:15:12,838 - INFO - Python version: 3.12.3 (main, Aug 14 2025, 17:47:21) [GCC 13.3.0]
2025-09-01 16:15:12,838 - INFO - Using browser binary: /usr/bin/chromium-browser
2025-09-01 16:15:13,796 - INFO - Chrome driver initialized successfully (session: c4a3b23bf644945ede1fa0ebd190fceb)
2025-09-01 16:15:13,797 - INFO - Loading webcam URL: https://share.earthcam.net/tJ90CoLmq7TzrY396Yd88M3ySv9LnAn8E0UsZn2nKhs!/hilton_waikiki_beach/camera/live
2025-09-01 16:15:17,149 - INFO - Found video/canvas element
2025-09-01 16:15:20,149 - INFO - Page loaded successfully
2025-09-01 16:15:20,150 - INFO - Capturing every 300.0 seconds
2025-09-01 16:15:20,150 - INFO - Will run for 604800 seconds
2025-09-01 16:15:20,150 - INFO - Saving to: /home/exouser/cv/images/share.earthcam.net
2025-09-01 16:15:20,150 - INFO - Logging to: /home/exouser/cv/webcam_capture.log
2025-09-01 16:15:20,150 - INFO - Performing scheduled browser restart
2025-09-01 16:15:20,185 - INFO - Found video/canvas with dimensions: 1280x720
2025-09-01 16:15:20,956 - INFO - Snapshot saved: webcam_snapshot_20250901_161520.png with full page screenshot
2025-09-01 16:15:20,956 - INFO - Captures: 1 | Remaining: 604792s | Restarts: 1
2025-09-01 16:20:21,007 - WARNING - Browser session died, restarting...
2025-09-01 16:20:21,041 - INFO - Using browser binary: /usr/bin/chromium-browser
2025-09-01 16:20:22,007 - INFO - Chrome driver initialized successfully (session: db6b342f243aec2212e866f685d43b5b)
2025-09-01 16:20:22,007 - INFO - Loading webcam URL: https://share.earthcam.net/tJ90CoLmq7TzrY396Yd88M3ySv9LnAn8E0UsZn2nKhs!/hilton_waikiki_beach/camera/live
2025-09-01 16:20:23,435 - INFO - Found video/canvas element
2025-09-01 16:20:26,435 - INFO - Page loaded successfully
2025-09-01 16:20:26,451 - INFO - Found video/canvas with dimensions: 1280x720
2025-09-01 16:20:26,875 - INFO - Snapshot saved: webcam_snapshot_20250901_162020.png with full page screenshot
2025-09-01 16:20:26,875 - INFO - Captures: 2 | Remaining: 604486s | Restarts: 1
2025-09-01 16:25:26,896 - INFO - Found video/canvas with dimensions: 1280x720
2025-09-01 16:25:27,188 - INFO - Snapshot saved: webcam_snapshot_20250901_162526.png with full page screenshot
2025-09-01 16:25:27,188 - INFO - Captures: 3 | Remaining: 604186s | Restarts: 1
2025-09-01 16:30:27,210 - INFO - Found video/canvas with dimensions: 1280x720
2025-09-01 16:30:27,526 - INFO - Snapshot saved: webcam_snapshot_20250901_163027.png with full page screenshot
2025-09-01 16:30:27,527 - INFO - Captures: 4 | Remaining: 603885s | Restarts: 1
2025-09-01 16:35:27,549 - INFO - Found video/canvas with dimensions: 1280x720
2025-09-01 16:35:27,961 - INFO - Snapshot saved: webcam_snapshot_20250901_163527.png with full page screenshot
2025-09-01 16:35:27,961 - INFO - Captures: 5 | Remaining: 603585s | Restarts: 1
2025-09-01 16:40:27,993 - INFO - Found video/canvas with dimensions: 1280x720
2025-09-01 16:40:28,472 - INFO - Snapshot saved: webcam_snapshot_20250901_164027.png with full page screenshot
2025-09-01 16:40:28,472 - INFO - Captures: 6 | Remaining: 603284s | Restarts: 1
2025-09-01 16:45:28,496 - INFO - Found video/canvas with dimensions: 1280x720
2025-09-01 16:45:28,953 - INFO - Snapshot saved: webcam_snapshot_20250901_164528.png with full page screenshot
2025-09-01 16:45:28,953 - INFO - Captures: 7 | Remaining: 602984s | Restarts: 1
2025-09-01 16:50:28,980 - INFO - Found video/canvas with dimensions: 1280x720
2025-09-01 16:50:29,300 - INFO - Snapshot saved: webcam_snapshot_20250901_165028.png with full page screenshot
2025-09-01 16:50:29,300 - INFO - Captures: 8 | Remaining: 602684s | Restarts: 1
2025-09-01 16:55:29,329 - INFO - Found video/canvas with dimensions: 1280x720
2025-09-01 16:55:29,638 - INFO - Snapshot saved: webcam_snapshot_20250901_165529.png with full page screenshot
2025-09-01 16:55:29,638 - INFO - Captures: 9 | Remaining: 602383s | Restarts: 1
2025-09-01 17:00:29,675 - INFO - Found video/canvas with dimensions: 1280x720
2025-09-01 17:00:29,991 - INFO - Snapshot saved: webcam_snapshot_20250901_170029.png with full page screenshot
2025-09-01 17:00:29,991 - INFO - Captures: 10 | Remaining: 602083s | Restarts: 1
2025-09-01 17:05:30,022 - INFO - Found video/canvas with dimensions: 1280x720
2025-09-01 17:05:30,437 - INFO - Snapshot saved: webcam_snapshot_20250901_170529.png with full page screenshot
2025-09-01 17:05:30,437 - INFO - Captures: 11 | Remaining: 601782s | Restarts: 1
2025-09-01 17:10:30,470 - INFO - Found video/canvas with dimensions: 1280x720
2025-09-01 17:10:30,881 - INFO - Snapshot saved: webcam_snapshot_20250901_171030.png with full page screenshot
2025-09-01 17:10:30,881 - INFO - Captures: 12 | Remaining: 601482s | Restarts: 1
2025-09-01 17:15:30,917 - INFO - Found video/canvas with dimensions: 1280x720
2025-09-01 17:15:31,331 - INFO - Snapshot saved: webcam_snapshot_20250901_171530.png with full page screenshot
2025-09-01 17:15:31,331 - INFO - Captures: 13 | Remaining: 601182s | Restarts: 1
2025-09-01 17:20:31,356 - INFO - Found video/canvas with dimensions: 1280x720
2025-09-01 17:20:31,714 - INFO - Snapshot saved: webcam_snapshot_20250901_172031.png with full page screenshot
2025-09-01 17:20:31,714 - INFO - Captures: 14 | Remaining: 600881s | Restarts: 1
2025-09-01 17:25:31,745 - INFO - Found video/canvas with dimensions: 1280x720
2025-09-01 17:25:32,115 - INFO - Snapshot saved: webcam_snapshot_20250901_172531.png with full page screenshot
2025-09-01 17:25:32,116 - INFO - Captures: 15 | Remaining: 600581s | Restarts: 1
2025-09-01 17:30:32,146 - INFO - Found video/canvas with dimensions: 1280x720
2025-09-01 17:30:32,446 - INFO - Snapshot saved: webcam_snapshot_20250901_173032.png with full page screenshot
2025-09-01 17:30:32,448 - INFO - Captures: 16 | Remaining: 600280s | Restarts: 1
2025-09-01 17:35:32,479 - INFO - Found video/canvas with dimensions: 1280x720
2025-09-01 17:35:32,899 - INFO - Snapshot saved: webcam_snapshot_20250901_173532.png with full page screenshot
2025-09-01 17:35:32,899 - INFO - Captures: 17 | Remaining: 599980s | Restarts: 1
2025-09-01 17:40:32,932 - INFO - Found video/canvas with dimensions: 1280x720
2025-09-01 17:40:33,314 - INFO - Snapshot saved: webcam_snapshot_20250901_174032.png with full page screenshot
2025-09-01 17:40:33,315 - INFO - Captures: 18 | Remaining: 599680s | Restarts: 1
2025-09-01 17:45:33,344 - INFO - Found video/canvas with dimensions: 1280x720
2025-09-01 17:45:33,708 - INFO - Snapshot saved: webcam_snapshot_20250901_174533.png with full page screenshot
2025-09-01 17:45:33,708 - INFO - Captures: 19 | Remaining: 599379s | Restarts: 1
2025-09-01 17:50:33,732 - INFO - Found video/canvas with dimensions: 1280x720
2025-09-01 17:50:34,127 - INFO - Snapshot saved: webcam_snapshot_20250901_175033.png with full page screenshot
2025-09-01 17:50:34,127 - INFO - Captures: 20 | Remaining: 599079s | Restarts: 1
2025-09-01 17:55:34,187 - INFO - Found video/canvas with dimensions: 1280x720
2025-09-01 17:55:34,618 - INFO - Snapshot saved: webcam_snapshot_20250901_175534.png with full page screenshot
2025-09-01 17:55:34,618 - INFO - Captures: 21 | Remaining: 598778s | Restarts: 1
2025-09-01 18:00:34,651 - INFO - Found video/canvas with dimensions: 1280x720
2025-09-01 18:00:34,980 - INFO - Snapshot saved: webcam_snapshot_20250901_180034.png with full page screenshot
2025-09-01 18:00:34,980 - INFO - Captures: 22 | Remaining: 598478s | Restarts: 1
2025-09-01 18:08:12,365 - INFO - Starting webcam capture for https://share.earthcam.net/tJ90CoLmq7TzrY396Yd88M3ySv9LnAn8E0UsZn2nKhs!/hilton_waikiki_beach/camera/live
2025-09-01 18:08:12,365 - INFO - Python version: 3.12.3 (main, Aug 14 2025, 17:47:21) [GCC 13.3.0]
2025-09-01 18:08:12,365 - INFO - Using browser binary: /usr/bin/chromium-browser
2025-09-01 18:08:13,696 - INFO - Chrome driver initialized successfully (session: b3c586e0d7720b1e10d8a0dede20ecfe)
2025-09-01 18:08:13,696 - INFO - Loading webcam URL: https://share.earthcam.net/tJ90CoLmq7TzrY396Yd88M3ySv9LnAn8E0UsZn2nKhs!/hilton_waikiki_beach/camera/live
2025-09-01 18:08:16,178 - INFO - Found video/canvas element
2025-09-01 18:08:19,190 - INFO - Page loaded successfully
2025-09-01 18:08:19,191 - INFO - Capturing every 5.0 seconds
2025-09-01 18:08:19,191 - INFO - Will run for 15 seconds
2025-09-01 18:08:19,191 - INFO - Saving to: /home/exouser/cv/images/share.earthcam.net
2025-09-01 18:08:19,191 - INFO - Logging to: /home/exouser/cv/webcam_capture.log
2025-09-01 18:08:19,191 - INFO - Performing scheduled browser restart
2025-09-01 18:08:20,274 - INFO - Saved: webcam_snapshot_20250901_180819.png | Size: 1.7MB
2025-09-01 18:08:20,274 - INFO - Captures: 1 | Remaining: 7s | Restarts: 1
2025-09-01 18:08:25,978 - INFO - Saved: webcam_snapshot_20250901_180825.png | Size: 1.7MB
2025-09-01 18:08:25,978 - INFO - Captures: 2 | Remaining: 1s | Restarts: 1
2025-09-01 18:08:30,990 - INFO - Maximum runtime reached. Captured 2 images.
2025-09-01 18:08:31,324 - INFO - Browser closed
2025-09-01 18:09:32,709 - INFO - Starting webcam capture for https://share.earthcam.net/tJ90CoLmq7TzrY396Yd88M3ySv9LnAn8E0UsZn2nKhs!/hilton_waikiki_beach/camera/live
2025-09-01 18:09:32,709 - INFO - Python version: 3.12.3 (main, Aug 14 2025, 17:47:21) [GCC 13.3.0]
2025-09-01 18:09:32,709 - INFO - Using browser binary: /usr/bin/chromium-browser
2025-09-01 18:09:33,906 - INFO - Chrome driver initialized successfully (session: 66eb36bb1e1dfab5899f93e3dd433947)
2025-09-01 18:09:33,906 - INFO - Loading webcam URL: https://share.earthcam.net/tJ90CoLmq7TzrY396Yd88M3ySv9LnAn8E0UsZn2nKhs!/hilton_waikiki_beach/camera/live
2025-09-01 18:09:35,775 - INFO - Found video/canvas element
2025-09-01 18:09:38,775 - INFO - Page loaded successfully
2025-09-01 18:09:38,775 - INFO - Capturing every 300.0 seconds
2025-09-01 18:09:38,775 - INFO - Will run for 604800 seconds
2025-09-01 18:09:38,775 - INFO - Saving to: /home/exouser/cv/images/share.earthcam.net
2025-09-01 18:09:38,775 - INFO - Logging to: /home/exouser/cv/webcam_capture.log
2025-09-01 18:09:38,775 - INFO - Performing scheduled browser restart
2025-09-01 18:09:40,350 - INFO - Saved: webcam_snapshot_20250901_180938.png | Size: 1.7MB
2025-09-01 18:09:40,351 - INFO - Captures: 1 | Remaining: 604792s | Restarts: 1
2025-09-01 18:14:40,981 - INFO - Saved: webcam_snapshot_20250901_181440.png | Size: 1.8MB
2025-09-01 18:14:40,983 - INFO - Captures: 2 | Remaining: 604492s | Restarts: 1
2025-09-01 18:19:41,602 - INFO - Saved: webcam_snapshot_20250901_181940.png | Size: 1.8MB
2025-09-01 18:19:41,602 - INFO - Captures: 3 | Remaining: 604191s | Restarts: 1
2025-09-01 18:24:42,217 - INFO - Saved: webcam_snapshot_20250901_182441.png | Size: 1.7MB
2025-09-01 18:24:42,218 - INFO - Captures: 4 | Remaining: 603890s | Restarts: 1
2025-09-01 18:29:42,727 - INFO - Saved: webcam_snapshot_20250901_182942.png | Size: 1.3MB
2025-09-01 18:29:42,728 - INFO - Captures: 5 | Remaining: 603590s | Restarts: 1
2025-09-01 18:34:43,302 - INFO - Saved: webcam_snapshot_20250901_183442.png | Size: 1.7MB
2025-09-01 18:34:43,303 - INFO - Captures: 6 | Remaining: 603289s | Restarts: 1
2025-09-01 18:39:43,963 - INFO - Saved: webcam_snapshot_20250901_183943.png | Size: 1.8MB
2025-09-01 18:39:43,963 - INFO - Captures: 7 | Remaining: 602989s | Restarts: 1
2025-09-01 18:44:44,578 - INFO - Saved: webcam_snapshot_20250901_184443.png | Size: 1.6MB
2025-09-01 18:44:44,578 - INFO - Captures: 8 | Remaining: 602688s | Restarts: 1
2025-09-01 18:49:45,182 - INFO - Saved: webcam_snapshot_20250901_184944.png | Size: 1.5MB
2025-09-01 18:49:45,182 - INFO - Captures: 9 | Remaining: 602388s | Restarts: 1
2025-09-01 18:54:45,804 - INFO - Saved: webcam_snapshot_20250901_185445.png | Size: 1.4MB
2025-09-01 18:54:45,804 - INFO - Captures: 10 | Remaining: 602087s | Restarts: 1
2025-09-01 18:59:46,226 - INFO - Saved: webcam_snapshot_20250901_185945.png | Size: 0.9MB
2025-09-01 18:59:46,226 - INFO - Captures: 11 | Remaining: 601786s | Restarts: 1
2025-09-01 19:04:46,654 - INFO - Saved: webcam_snapshot_20250901_190446.png | Size: 0.9MB
2025-09-01 19:04:46,654 - INFO - Captures: 12 | Remaining: 601486s | Restarts: 1
2025-09-01 19:09:47,088 - INFO - Saved: webcam_snapshot_20250901_190946.png | Size: 1.0MB
2025-09-01 19:09:47,088 - INFO - Captures: 13 | Remaining: 601186s | Restarts: 1
2025-09-01 19:14:47,771 - INFO - Saved: webcam_snapshot_20250901_191447.png | Size: 1.9MB
2025-09-01 19:14:47,771 - INFO - Captures: 14 | Remaining: 600885s | Restarts: 1
2025-09-01 19:19:48,455 - INFO - Saved: webcam_snapshot_20250901_191947.png | Size: 1.9MB
2025-09-01 19:19:48,456 - INFO - Captures: 15 | Remaining: 600584s | Restarts: 1
2025-09-01 19:24:49,070 - INFO - Saved: webcam_snapshot_20250901_192448.png | Size: 1.6MB
2025-09-01 19:24:49,070 - INFO - Captures: 16 | Remaining: 600284s | Restarts: 1
2025-09-01 19:29:49,725 - INFO - Saved: webcam_snapshot_20250901_192949.png | Size: 1.8MB
2025-09-01 19:29:49,725 - INFO - Captures: 17 | Remaining: 599983s | Restarts: 1
2025-09-01 19:34:50,249 - INFO - Saved: webcam_snapshot_20250901_193449.png | Size: 1.4MB
2025-09-01 19:34:50,250 - INFO - Captures: 18 | Remaining: 599682s | Restarts: 1
2025-09-01 19:39:50,744 - INFO - Saved: webcam_snapshot_20250901_193950.png | Size: 1.4MB
2025-09-01 19:39:50,744 - INFO - Captures: 19 | Remaining: 599382s | Restarts: 1
2025-09-01 19:44:51,259 - INFO - Saved: webcam_snapshot_20250901_194450.png | Size: 1.4MB
2025-09-01 19:44:51,260 - INFO - Captures: 20 | Remaining: 599081s | Restarts: 1
2025-09-01 19:49:51,933 - INFO - Saved: webcam_snapshot_20250901_194951.png | Size: 1.8MB
2025-09-01 19:49:51,933 - INFO - Captures: 21 | Remaining: 598781s | Restarts: 1
2025-09-01 19:54:52,586 - INFO - Saved: webcam_snapshot_20250901_195451.png | Size: 1.9MB
2025-09-01 19:54:52,586 - INFO - Captures: 22 | Remaining: 598480s | Restarts: 1
2025-09-01 19:59:53,227 - INFO - Saved: webcam_snapshot_20250901_195952.png | Size: 1.8MB
2025-09-01 19:59:53,227 - INFO - Captures: 23 | Remaining: 598179s | Restarts: 1
2025-09-01 20:04:53,861 - INFO - Saved: webcam_snapshot_20250901_200453.png | Size: 1.9MB
2025-09-01 20:04:53,862 - INFO - Captures: 24 | Remaining: 597879s | Restarts: 1
2025-09-01 20:09:54,366 - INFO - Saved: webcam_snapshot_20250901_200953.png | Size: 1.3MB
2025-09-01 20:09:54,367 - INFO - Captures: 25 | Remaining: 597578s | Restarts: 1
2025-09-01 20:14:54,847 - INFO - Saved: webcam_snapshot_20250901_201454.png | Size: 1.2MB
2025-09-01 20:14:54,847 - INFO - Captures: 26 | Remaining: 597278s | Restarts: 1
2025-09-01 20:19:55,500 - INFO - Saved: webcam_snapshot_20250901_201954.png | Size: 1.8MB
2025-09-01 20:19:55,501 - INFO - Captures: 27 | Remaining: 596977s | Restarts: 1
2025-09-01 20:24:55,795 - WARNING - Browser session died, restarting...
2025-09-01 20:24:55,832 - INFO - Using browser binary: /usr/bin/chromium-browser
2025-09-01 20:24:56,990 - INFO - Chrome driver initialized successfully (session: 3e3e02927a084d9c280a066f838605d8)
2025-09-01 20:24:56,990 - INFO - Loading webcam URL: https://share.earthcam.net/tJ90CoLmq7TzrY396Yd88M3ySv9LnAn8E0UsZn2nKhs!/hilton_waikiki_beach/camera/live
2025-09-01 20:24:58,594 - INFO - Found video/canvas element
2025-09-01 20:25:01,595 - INFO - Page loaded successfully
2025-09-01 20:25:02,272 - INFO - Saved: webcam_snapshot_20250901_202455.png | Size: 1.8MB
2025-09-01 20:25:02,272 - INFO - Captures: 28 | Remaining: 596670s | Restarts: 1
2025-09-01 20:30:02,920 - INFO - Saved: webcam_snapshot_20250901_203002.png | Size: 1.8MB
2025-09-01 20:30:02,920 - INFO - Captures: 29 | Remaining: 596370s | Restarts: 1
2025-09-01 20:35:03,575 - INFO - Saved: webcam_snapshot_20250901_203502.png | Size: 1.9MB
2025-09-01 20:35:03,575 - INFO - Captures: 30 | Remaining: 596069s | Restarts: 1
2025-09-01 20:40:04,023 - INFO - Saved: webcam_snapshot_20250901_204003.png | Size: 1.1MB
2025-09-01 20:40:04,023 - INFO - Captures: 31 | Remaining: 595769s | Restarts: 1
2025-09-01 20:45:04,516 - INFO - Saved: webcam_snapshot_20250901_204504.png | Size: 1.1MB
2025-09-01 20:45:04,517 - INFO - Captures: 32 | Remaining: 595468s | Restarts: 1
2025-09-01 20:50:05,216 - INFO - Saved: webcam_snapshot_20250901_205004.png | Size: 2.1MB
2025-09-01 20:50:05,216 - INFO - Captures: 33 | Remaining: 595167s | Restarts: 1
2025-09-01 20:55:05,886 - INFO - Saved: webcam_snapshot_20250901_205505.png | Size: 2.0MB
2025-09-01 20:55:05,887 - INFO - Captures: 34 | Remaining: 594867s | Restarts: 1
2025-09-01 21:00:06,575 - INFO - Saved: webcam_snapshot_20250901_210005.png | Size: 1.9MB
2025-09-01 21:00:06,576 - INFO - Captures: 35 | Remaining: 594566s | Restarts: 1
2025-09-01 21:05:07,253 - INFO - Saved: webcam_snapshot_20250901_210506.png | Size: 2.0MB
2025-09-01 21:05:07,253 - INFO - Captures: 36 | Remaining: 594265s | Restarts: 1
2025-09-01 21:10:07,764 - INFO - Saved: webcam_snapshot_20250901_211007.png | Size: 1.4MB
2025-09-01 21:10:07,764 - INFO - Captures: 37 | Remaining: 593965s | Restarts: 1
2025-09-01 21:15:08,262 - INFO - Saved: webcam_snapshot_20250901_211507.png | Size: 1.4MB
2025-09-01 21:15:08,262 - INFO - Captures: 38 | Remaining: 593664s | Restarts: 1
2025-09-01 21:20:08,962 - INFO - Saved: webcam_snapshot_20250901_212008.png | Size: 2.1MB
2025-09-01 21:20:08,962 - INFO - Captures: 39 | Remaining: 593364s | Restarts: 1
2025-09-01 21:25:09,655 - INFO - Saved: webcam_snapshot_20250901_212508.png | Size: 2.0MB
2025-09-01 21:25:09,656 - INFO - Captures: 40 | Remaining: 593063s | Restarts: 1
2025-09-01 21:30:10,352 - INFO - Saved: webcam_snapshot_20250901_213009.png | Size: 2.0MB
2025-09-01 21:30:10,353 - INFO - Captures: 41 | Remaining: 592762s | Restarts: 1
2025-09-01 21:35:10,884 - INFO - Saved: webcam_snapshot_20250901_213510.png | Size: 1.3MB
2025-09-01 21:35:10,885 - INFO - Captures: 42 | Remaining: 592462s | Restarts: 1
2025-09-01 21:40:11,397 - INFO - Saved: webcam_snapshot_20250901_214010.png | Size: 1.3MB
2025-09-01 21:40:11,397 - INFO - Captures: 43 | Remaining: 592161s | Restarts: 1
2025-09-01 21:45:12,022 - INFO - Saved: webcam_snapshot_20250901_214511.png | Size: 1.8MB
2025-09-01 21:45:12,023 - INFO - Captures: 44 | Remaining: 591861s | Restarts: 1
2025-09-01 21:50:12,708 - INFO - Saved: webcam_snapshot_20250901_215012.png | Size: 1.8MB
2025-09-01 21:50:12,708 - INFO - Captures: 45 | Remaining: 591560s | Restarts: 1
2025-09-01 21:55:13,297 - INFO - Saved: webcam_snapshot_20250901_215512.png | Size: 1.7MB
2025-09-01 21:55:13,297 - INFO - Captures: 46 | Remaining: 591259s | Restarts: 1
2025-09-01 22:00:13,903 - INFO - Saved: webcam_snapshot_20250901_220013.png | Size: 1.8MB
2025-09-01 22:00:13,905 - INFO - Captures: 47 | Remaining: 590959s | Restarts: 1
2025-09-01 22:05:14,404 - INFO - Saved: webcam_snapshot_20250901_220513.png | Size: 1.3MB
2025-09-01 22:05:14,404 - INFO - Captures: 48 | Remaining: 590658s | Restarts: 1
2025-09-01 22:10:14,882 - INFO - Saved: webcam_snapshot_20250901_221014.png | Size: 1.3MB
2025-09-01 22:10:14,882 - INFO - Captures: 49 | Remaining: 590358s | Restarts: 1
2025-09-01 22:15:15,482 - INFO - Saved: webcam_snapshot_20250901_221514.png | Size: 1.8MB
2025-09-01 22:15:15,483 - INFO - Captures: 50 | Remaining: 590057s | Restarts: 1
2025-09-01 22:20:16,065 - INFO - Saved: webcam_snapshot_20250901_222015.png | Size: 1.7MB
2025-09-01 22:20:16,066 - INFO - Captures: 51 | Remaining: 589757s | Restarts: 1
2025-09-01 22:25:16,668 - INFO - Saved: webcam_snapshot_20250901_222516.png | Size: 1.8MB
2025-09-01 22:25:16,668 - INFO - Captures: 52 | Remaining: 589456s | Restarts: 1
2025-09-01 22:30:17,335 - INFO - Saved: webcam_snapshot_20250901_223016.png | Size: 1.8MB
2025-09-01 22:30:17,335 - INFO - Captures: 53 | Remaining: 589155s | Restarts: 1
2025-09-01 22:35:17,829 - INFO - Saved: webcam_snapshot_20250901_223517.png | Size: 1.1MB
2025-09-01 22:35:17,829 - INFO - Captures: 54 | Remaining: 588855s | Restarts: 1
2025-09-01 22:40:18,122 - WARNING - Browser session died, restarting...
2025-09-01 22:40:18,129 - INFO - Using browser binary: /usr/bin/chromium-browser
2025-09-01 22:40:19,185 - INFO - Chrome driver initialized successfully (session: 1f99071a5f0abf6136501fc2a6ef6014)
2025-09-01 22:40:19,185 - INFO - Loading webcam URL: https://share.earthcam.net/tJ90CoLmq7TzrY396Yd88M3ySv9LnAn8E0UsZn2nKhs!/hilton_waikiki_beach/camera/live
2025-09-01 22:40:20,895 - INFO - Found video/canvas element
2025-09-01 22:40:23,895 - INFO - Page loaded successfully
2025-09-01 22:40:24,409 - INFO - Saved: webcam_snapshot_20250901_224017.png | Size: 1.4MB
2025-09-01 22:40:24,409 - INFO - Captures: 55 | Remaining: 588548s | Restarts: 1
2025-09-01 22:45:25,002 - INFO - Saved: webcam_snapshot_20250901_224524.png | Size: 1.9MB
2025-09-01 22:45:25,003 - INFO - Captures: 56 | Remaining: 588248s | Restarts: 1
2025-09-01 22:50:25,592 - INFO - Saved: webcam_snapshot_20250901_225025.png | Size: 1.9MB
2025-09-01 22:50:25,592 - INFO - Captures: 57 | Remaining: 587947s | Restarts: 1
2025-09-01 22:55:26,218 - INFO - Saved: webcam_snapshot_20250901_225525.png | Size: 1.9MB
2025-09-01 22:55:26,218 - INFO - Captures: 58 | Remaining: 587646s | Restarts: 1
2025-09-01 23:00:26,811 - INFO - Saved: webcam_snapshot_20250901_230026.png | Size: 1.7MB
2025-09-01 23:00:26,811 - INFO - Captures: 59 | Remaining: 587346s | Restarts: 1
2025-09-01 23:05:27,098 - INFO - Saved: webcam_snapshot_20250901_230526.png | Size: 0.6MB
2025-09-01 23:05:27,098 - INFO - Captures: 60 | Remaining: 587046s | Restarts: 1
2025-09-01 23:10:27,446 - INFO - Saved: webcam_snapshot_20250901_231027.png | Size: 0.7MB
2025-09-01 23:10:27,446 - INFO - Captures: 61 | Remaining: 586745s | Restarts: 1
2025-09-01 23:15:27,753 - INFO - Saved: webcam_snapshot_20250901_231527.png | Size: 0.7MB
2025-09-01 23:15:27,753 - INFO - Captures: 62 | Remaining: 586445s | Restarts: 1
2025-09-01 23:20:28,156 - INFO - Saved: webcam_snapshot_20250901_232027.png | Size: 0.8MB
2025-09-01 23:20:28,156 - INFO - Captures: 63 | Remaining: 586145s | Restarts: 1
2025-09-01 23:25:28,787 - INFO - Saved: webcam_snapshot_20250901_232528.png | Size: 1.8MB
2025-09-01 23:25:28,787 - INFO - Captures: 64 | Remaining: 585844s | Restarts: 1
2025-09-01 23:30:29,475 - INFO - Saved: webcam_snapshot_20250901_233028.png | Size: 1.8MB
2025-09-01 23:30:29,475 - INFO - Captures: 65 | Remaining: 585543s | Restarts: 1
2025-09-01 23:35:30,112 - INFO - Saved: webcam_snapshot_20250901_233529.png | Size: 1.8MB
2025-09-01 23:35:30,112 - INFO - Captures: 66 | Remaining: 585243s | Restarts: 1
2025-09-01 23:40:30,652 - INFO - Saved: webcam_snapshot_20250901_234030.png | Size: 1.1MB
2025-09-01 23:40:30,652 - INFO - Captures: 67 | Remaining: 584942s | Restarts: 1
2025-09-01 23:45:31,148 - INFO - Saved: webcam_snapshot_20250901_234530.png | Size: 1.1MB
2025-09-01 23:45:31,148 - INFO - Captures: 68 | Remaining: 584642s | Restarts: 1
2025-09-01 23:50:31,702 - INFO - Saved: webcam_snapshot_20250901_235031.png | Size: 1.5MB
2025-09-01 23:50:31,702 - INFO - Captures: 69 | Remaining: 584341s | Restarts: 1
2025-09-01 23:55:32,286 - INFO - Saved: webcam_snapshot_20250901_235531.png | Size: 1.8MB
2025-09-01 23:55:32,286 - INFO - Captures: 70 | Remaining: 584040s | Restarts: 1
2025-09-02 00:00:32,901 - INFO - Saved: webcam_snapshot_20250902_000032.png | Size: 1.8MB
2025-09-02 00:00:32,901 - INFO - Captures: 71 | Remaining: 583740s | Restarts: 1
2025-09-02 00:05:33,561 - INFO - Saved: webcam_snapshot_20250902_000532.png | Size: 2.0MB
2025-09-02 00:05:33,562 - INFO - Captures: 72 | Remaining: 583439s | Restarts: 1
2025-09-02 00:10:34,096 - INFO - Saved: webcam_snapshot_20250902_001033.png | Size: 1.1MB
2025-09-02 00:10:34,096 - INFO - Captures: 73 | Remaining: 583139s | Restarts: 1
2025-09-02 00:15:34,568 - INFO - Saved: webcam_snapshot_20250902_001534.png | Size: 1.0MB
2025-09-02 00:15:34,568 - INFO - Captures: 74 | Remaining: 582838s | Restarts: 1
2025-09-02 00:20:35,161 - INFO - Saved: webcam_snapshot_20250902_002034.png | Size: 1.7MB
2025-09-02 00:20:35,161 - INFO - Captures: 75 | Remaining: 582538s | Restarts: 1
2025-09-02 00:25:35,743 - INFO - Saved: webcam_snapshot_20250902_002535.png | Size: 1.7MB
2025-09-02 00:25:35,743 - INFO - Captures: 76 | Remaining: 582237s | Restarts: 1
2025-09-02 00:30:36,401 - INFO - Saved: webcam_snapshot_20250902_003035.png | Size: 1.9MB
2025-09-02 00:30:36,401 - INFO - Captures: 77 | Remaining: 581936s | Restarts: 1
2025-09-02 00:35:37,140 - INFO - Saved: webcam_snapshot_20250902_003536.png | Size: 1.7MB
2025-09-02 00:35:37,140 - INFO - Captures: 78 | Remaining: 581636s | Restarts: 1
2025-09-02 00:40:37,449 - INFO - Saved: webcam_snapshot_20250902_004037.png | Size: 0.7MB
2025-09-02 00:40:37,449 - INFO - Captures: 79 | Remaining: 581335s | Restarts: 1
2025-09-02 00:45:37,832 - INFO - Saved: webcam_snapshot_20250902_004537.png | Size: 0.8MB
2025-09-02 00:45:37,833 - INFO - Captures: 80 | Remaining: 581035s | Restarts: 1
2025-09-02 00:50:38,413 - INFO - Saved: webcam_snapshot_20250902_005037.png | Size: 1.8MB
2025-09-02 00:50:38,413 - INFO - Captures: 81 | Remaining: 580734s | Restarts: 1
2025-09-02 00:55:38,707 - WARNING - Browser session died, restarting...
2025-09-02 00:55:38,714 - INFO - Using browser binary: /usr/bin/chromium-browser
2025-09-02 00:55:39,740 - INFO - Chrome driver initialized successfully (session: bd584604ae8c71ed19a3f4c2672fd016)
2025-09-02 00:55:39,741 - INFO - Loading webcam URL: https://share.earthcam.net/tJ90CoLmq7TzrY396Yd88M3ySv9LnAn8E0UsZn2nKhs!/hilton_waikiki_beach/camera/live
2025-09-02 00:55:41,389 - INFO - Found video/canvas element
2025-09-02 00:55:44,389 - INFO - Page loaded successfully
2025-09-02 00:55:44,951 - INFO - Saved: webcam_snapshot_20250902_005538.png | Size: 1.8MB
2025-09-02 00:55:44,951 - INFO - Captures: 82 | Remaining: 580428s | Restarts: 1
2025-09-02 01:00:45,531 - INFO - Saved: webcam_snapshot_20250902_010044.png | Size: 1.9MB
2025-09-02 01:00:45,531 - INFO - Captures: 83 | Remaining: 580127s | Restarts: 1
2025-09-02 01:05:46,202 - INFO - Saved: webcam_snapshot_20250902_010545.png | Size: 2.1MB
2025-09-02 01:05:46,202 - INFO - Captures: 84 | Remaining: 579827s | Restarts: 1
2025-09-02 01:10:46,622 - INFO - Saved: webcam_snapshot_20250902_011046.png | Size: 1.0MB
2025-09-02 01:10:46,622 - INFO - Captures: 85 | Remaining: 579526s | Restarts: 1
2025-09-02 01:15:47,094 - INFO - Saved: webcam_snapshot_20250902_011546.png | Size: 1.2MB
2025-09-02 01:15:47,094 - INFO - Captures: 86 | Remaining: 579226s | Restarts: 1
2025-09-02 01:20:47,513 - INFO - Saved: webcam_snapshot_20250902_012047.png | Size: 0.9MB
2025-09-02 01:20:47,513 - INFO - Captures: 87 | Remaining: 578925s | Restarts: 1
2025-09-02 01:25:48,170 - INFO - Saved: webcam_snapshot_20250902_012547.png | Size: 1.9MB
2025-09-02 01:25:48,170 - INFO - Captures: 88 | Remaining: 578625s | Restarts: 1
2025-09-02 01:30:48,756 - INFO - Saved: webcam_snapshot_20250902_013048.png | Size: 1.9MB
2025-09-02 01:30:48,757 - INFO - Captures: 89 | Remaining: 578324s | Restarts: 1
2025-09-02 01:35:49,376 - INFO - Saved: webcam_snapshot_20250902_013548.png | Size: 1.9MB
2025-09-02 01:35:49,376 - INFO - Captures: 90 | Remaining: 578023s | Restarts: 1
2025-09-02 01:40:50,060 - INFO - Saved: webcam_snapshot_20250902_014049.png | Size: 2.1MB
2025-09-02 01:40:50,060 - INFO - Captures: 91 | Remaining: 577723s | Restarts: 1
2025-09-02 01:45:50,660 - INFO - Saved: webcam_snapshot_20250902_014550.png | Size: 1.6MB
2025-09-02 01:45:50,661 - INFO - Captures: 92 | Remaining: 577422s | Restarts: 1
2025-09-02 01:50:51,064 - INFO - Saved: webcam_snapshot_20250902_015050.png | Size: 0.8MB
2025-09-02 01:50:51,065 - INFO - Captures: 93 | Remaining: 577122s | Restarts: 1
2025-09-02 01:55:51,616 - INFO - Saved: webcam_snapshot_20250902_015551.png | Size: 1.1MB
2025-09-02 01:55:51,616 - INFO - Captures: 94 | Remaining: 576821s | Restarts: 1
2025-09-02 02:00:52,305 - INFO - Saved: webcam_snapshot_20250902_020051.png | Size: 2.3MB
2025-09-02 02:00:52,306 - INFO - Captures: 95 | Remaining: 576520s | Restarts: 1
2025-09-02 02:05:52,950 - INFO - Saved: webcam_snapshot_20250902_020552.png | Size: 2.1MB
2025-09-02 02:05:52,950 - INFO - Captures: 96 | Remaining: 576220s | Restarts: 1
2025-09-02 02:10:53,623 - INFO - Saved: webcam_snapshot_20250902_021052.png | Size: 1.9MB
2025-09-02 02:10:53,623 - INFO - Captures: 97 | Remaining: 575919s | Restarts: 1
2025-09-02 02:15:54,170 - INFO - Saved: webcam_snapshot_20250902_021553.png | Size: 1.7MB
2025-09-02 02:15:54,170 - INFO - Captures: 98 | Remaining: 575619s | Restarts: 1
2025-09-02 02:20:54,874 - INFO - Saved: webcam_snapshot_20250902_022054.png | Size: 1.8MB
2025-09-02 02:20:54,874 - INFO - Captures: 99 | Remaining: 575318s | Restarts: 1
2025-09-02 02:25:55,538 - INFO - Saved: webcam_snapshot_20250902_022554.png | Size: 1.8MB
2025-09-02 02:25:55,538 - INFO - Captures: 100 | Remaining: 575017s | Restarts: 1
2025-09-02 02:30:56,303 - INFO - Saved: webcam_snapshot_20250902_023055.png | Size: 1.9MB
2025-09-02 02:30:56,303 - INFO - Captures: 101 | Remaining: 574716s | Restarts: 1
2025-09-02 02:35:56,929 - INFO - Saved: webcam_snapshot_20250902_023556.png | Size: 1.7MB
2025-09-02 02:35:56,929 - INFO - Captures: 102 | Remaining: 574416s | Restarts: 1
2025-09-02 02:40:57,625 - INFO - Saved: webcam_snapshot_20250902_024056.png | Size: 2.1MB
2025-09-02 02:40:57,625 - INFO - Captures: 103 | Remaining: 574115s | Restarts: 1
2025-09-02 02:45:58,284 - INFO - Saved: webcam_snapshot_20250902_024557.png | Size: 2.1MB
2025-09-02 02:45:58,285 - INFO - Captures: 104 | Remaining: 573814s | Restarts: 1
2025-09-02 02:50:58,906 - INFO - Saved: webcam_snapshot_20250902_025058.png | Size: 1.9MB
2025-09-02 02:50:58,907 - INFO - Captures: 105 | Remaining: 573514s | Restarts: 1
2025-09-02 02:55:59,527 - INFO - Saved: webcam_snapshot_20250902_025558.png | Size: 1.8MB
2025-09-02 02:55:59,527 - INFO - Captures: 106 | Remaining: 573213s | Restarts: 1
2025-09-02 03:01:00,276 - INFO - Saved: webcam_snapshot_20250902_030059.png | Size: 1.5MB
2025-09-02 03:01:00,276 - INFO - Captures: 107 | Remaining: 572912s | Restarts: 1
2025-09-02 03:06:00,955 - INFO - Saved: webcam_snapshot_20250902_030600.png | Size: 2.2MB
2025-09-02 03:06:00,956 - INFO - Captures: 108 | Remaining: 572612s | Restarts: 1
2025-09-02 03:11:01,233 - WARNING - Browser session died, restarting...
2025-09-02 03:11:01,240 - INFO - Using browser binary: /usr/bin/chromium-browser
2025-09-02 03:11:02,262 - INFO - Chrome driver initialized successfully (session: 3a02e7caea91ba92413031d903daf21f)
2025-09-02 03:11:02,262 - INFO - Loading webcam URL: https://share.earthcam.net/tJ90CoLmq7TzrY396Yd88M3ySv9LnAn8E0UsZn2nKhs!/hilton_waikiki_beach/camera/live
2025-09-02 03:11:03,760 - INFO - Found video/canvas element
2025-09-02 03:11:06,760 - INFO - Page loaded successfully
2025-09-02 03:11:07,435 - INFO - Saved: webcam_snapshot_20250902_031100.png | Size: 2.0MB
2025-09-02 03:11:07,435 - INFO - Captures: 109 | Remaining: 572305s | Restarts: 1
2025-09-02 03:16:08,094 - INFO - Saved: webcam_snapshot_20250902_031607.png | Size: 2.2MB
2025-09-02 03:16:08,095 - INFO - Captures: 110 | Remaining: 572005s | Restarts: 1
2025-09-02 03:21:08,553 - INFO - Saved: webcam_snapshot_20250902_032108.png | Size: 1.1MB
2025-09-02 03:21:08,553 - INFO - Captures: 111 | Remaining: 571704s | Restarts: 1
2025-09-02 03:26:09,059 - INFO - Saved: webcam_snapshot_20250902_032608.png | Size: 1.4MB
2025-09-02 03:26:09,060 - INFO - Captures: 112 | Remaining: 571404s | Restarts: 1
2025-09-02 03:31:09,597 - INFO - Saved: webcam_snapshot_20250902_033109.png | Size: 1.4MB
2025-09-02 03:31:09,597 - INFO - Captures: 113 | Remaining: 571103s | Restarts: 1
2025-09-02 03:36:10,299 - INFO - Saved: webcam_snapshot_20250902_033609.png | Size: 2.2MB
2025-09-02 03:36:10,300 - INFO - Captures: 114 | Remaining: 570802s | Restarts: 1
2025-09-02 03:41:10,984 - INFO - Saved: webcam_snapshot_20250902_034110.png | Size: 2.1MB
2025-09-02 03:41:10,985 - INFO - Captures: 115 | Remaining: 570502s | Restarts: 1
2025-09-02 03:46:11,657 - INFO - Saved: webcam_snapshot_20250902_034610.png | Size: 2.2MB
2025-09-02 03:46:11,657 - INFO - Captures: 116 | Remaining: 570201s | Restarts: 1
2025-09-02 03:51:12,341 - INFO - Saved: webcam_snapshot_20250902_035111.png | Size: 2.2MB
2025-09-02 03:51:12,341 - INFO - Captures: 117 | Remaining: 569900s | Restarts: 1
2025-09-02 03:56:13,059 - INFO - Saved: webcam_snapshot_20250902_035612.png | Size: 2.1MB
2025-09-02 03:56:13,060 - INFO - Captures: 118 | Remaining: 569600s | Restarts: 1
2025-09-02 04:01:13,789 - INFO - Saved: webcam_snapshot_20250902_040113.png | Size: 2.1MB
2025-09-02 04:01:13,789 - INFO - Captures: 119 | Remaining: 569299s | Restarts: 1
2025-09-02 04:06:14,460 - INFO - Saved: webcam_snapshot_20250902_040613.png | Size: 2.1MB
2025-09-02 04:06:14,460 - INFO - Captures: 120 | Remaining: 568998s | Restarts: 1
2025-09-02 04:11:15,166 - INFO - Saved: webcam_snapshot_20250902_041114.png | Size: 2.3MB
2025-09-02 04:11:15,166 - INFO - Captures: 121 | Remaining: 568698s | Restarts: 1
2025-09-02 04:16:15,857 - INFO - Saved: webcam_snapshot_20250902_041615.png | Size: 2.3MB
2025-09-02 04:16:15,857 - INFO - Captures: 122 | Remaining: 568397s | Restarts: 1
2025-09-02 04:21:16,535 - INFO - Saved: webcam_snapshot_20250902_042115.png | Size: 2.0MB
2025-09-02 04:21:16,535 - INFO - Captures: 123 | Remaining: 568096s | Restarts: 1
2025-09-02 04:26:17,230 - INFO - Saved: webcam_snapshot_20250902_042616.png | Size: 2.2MB
2025-09-02 04:26:17,230 - INFO - Captures: 124 | Remaining: 567795s | Restarts: 1
2025-09-02 04:31:17,961 - INFO - Saved: webcam_snapshot_20250902_043117.png | Size: 2.1MB
2025-09-02 04:31:17,961 - INFO - Captures: 125 | Remaining: 567495s | Restarts: 1
2025-09-02 04:36:18,647 - INFO - Saved: webcam_snapshot_20250902_043617.png | Size: 2.0MB
2025-09-02 04:36:18,648 - INFO - Captures: 126 | Remaining: 567194s | Restarts: 1
2025-09-02 04:41:19,286 - INFO - Saved: webcam_snapshot_20250902_044118.png | Size: 1.9MB
2025-09-02 04:41:19,286 - INFO - Captures: 127 | Remaining: 566893s | Restarts: 1
2025-09-02 04:46:19,937 - INFO - Saved: webcam_snapshot_20250902_044619.png | Size: 1.8MB
2025-09-02 04:46:19,937 - INFO - Captures: 128 | Remaining: 566593s | Restarts: 1
2025-09-02 04:51:20,629 - INFO - Saved: webcam_snapshot_20250902_045119.png | Size: 1.9MB
2025-09-02 04:51:20,629 - INFO - Captures: 129 | Remaining: 566292s | Restarts: 1
2025-09-02 04:56:21,361 - INFO - Saved: webcam_snapshot_20250902_045620.png | Size: 1.9MB
2025-09-02 04:56:21,361 - INFO - Captures: 130 | Remaining: 565991s | Restarts: 1
2025-09-02 05:01:22,031 - INFO - Saved: webcam_snapshot_20250902_050121.png | Size: 1.7MB
2025-09-02 05:01:22,031 - INFO - Captures: 131 | Remaining: 565691s | Restarts: 1
2025-09-02 05:06:22,696 - INFO - Saved: webcam_snapshot_20250902_050622.png | Size: 1.6MB
2025-09-02 05:06:22,696 - INFO - Captures: 132 | Remaining: 565390s | Restarts: 1
2025-09-02 05:11:23,396 - INFO - Saved: webcam_snapshot_20250902_051122.png | Size: 1.5MB
2025-09-02 05:11:23,396 - INFO - Captures: 133 | Remaining: 565089s | Restarts: 1
2025-09-02 05:16:23,817 - INFO - Saved: webcam_snapshot_20250902_051623.png | Size: 0.9MB
2025-09-02 05:16:23,817 - INFO - Captures: 134 | Remaining: 564789s | Restarts: 1
2025-09-02 05:21:24,214 - INFO - Saved: webcam_snapshot_20250902_052123.png | Size: 0.9MB
2025-09-02 05:21:24,214 - INFO - Captures: 135 | Remaining: 564488s | Restarts: 1
2025-09-02 05:26:24,486 - WARNING - Browser session died, restarting...
2025-09-02 05:26:25,489 - INFO - Using browser binary: /usr/bin/chromium-browser
2025-09-02 05:26:26,493 - INFO - Chrome driver initialized successfully (session: 68f36200db1ec7975502c5de0f9dd481)
2025-09-02 05:26:26,493 - INFO - Loading webcam URL: https://share.earthcam.net/tJ90CoLmq7TzrY396Yd88M3ySv9LnAn8E0UsZn2nKhs!/hilton_waikiki_beach/camera/live
2025-09-02 05:26:28,186 - INFO - Found video/canvas element
2025-09-02 05:26:31,186 - INFO - Page loaded successfully
2025-09-02 05:26:31,582 - INFO - Saved: webcam_snapshot_20250902_052624.png | Size: 0.8MB
2025-09-02 05:26:31,582 - INFO - Captures: 136 | Remaining: 564181s | Restarts: 1
2025-09-02 05:31:31,952 - INFO - Saved: webcam_snapshot_20250902_053131.png | Size: 0.8MB
2025-09-02 05:31:31,952 - INFO - Captures: 137 | Remaining: 563881s | Restarts: 1
2025-09-02 05:36:32,329 - INFO - Saved: webcam_snapshot_20250902_053631.png | Size: 0.8MB
2025-09-02 05:36:32,329 - INFO - Captures: 138 | Remaining: 563580s | Restarts: 1
2025-09-02 05:41:32,691 - INFO - Saved: webcam_snapshot_20250902_054132.png | Size: 0.8MB
2025-09-02 05:41:32,692 - INFO - Captures: 139 | Remaining: 563280s | Restarts: 1
2025-09-02 05:46:33,064 - INFO - Saved: webcam_snapshot_20250902_054632.png | Size: 0.8MB
2025-09-02 05:46:33,064 - INFO - Captures: 140 | Remaining: 562980s | Restarts: 1
2025-09-02 05:51:33,433 - INFO - Saved: webcam_snapshot_20250902_055133.png | Size: 0.8MB
2025-09-02 05:51:33,433 - INFO - Captures: 141 | Remaining: 562679s | Restarts: 1
2025-09-02 05:56:33,795 - INFO - Saved: webcam_snapshot_20250902_055633.png | Size: 0.8MB
2025-09-02 05:56:33,795 - INFO - Captures: 142 | Remaining: 562379s | Restarts: 1
2025-09-02 06:01:34,160 - INFO - Saved: webcam_snapshot_20250902_060133.png | Size: 0.8MB
2025-09-02 06:01:34,160 - INFO - Captures: 143 | Remaining: 562079s | Restarts: 1
2025-09-02 06:06:34,549 - INFO - Saved: webcam_snapshot_20250902_060634.png | Size: 0.8MB
2025-09-02 06:06:34,549 - INFO - Captures: 144 | Remaining: 561778s | Restarts: 1
2025-09-02 06:11:34,549 - INFO - Performing scheduled browser restart
2025-09-02 06:11:34,933 - INFO - Saved: webcam_snapshot_20250902_061134.png | Size: 0.8MB
2025-09-02 06:11:34,934 - INFO - Captures: 145 | Remaining: 561478s | Restarts: 2
2025-09-02 06:16:35,321 - INFO - Saved: webcam_snapshot_20250902_061634.png | Size: 0.8MB
2025-09-02 06:16:35,321 - INFO - Captures: 146 | Remaining: 561177s | Restarts: 2
2025-09-02 06:21:35,718 - INFO - Saved: webcam_snapshot_20250902_062135.png | Size: 0.8MB
2025-09-02 06:21:35,719 - INFO - Captures: 147 | Remaining: 560877s | Restarts: 2
2025-09-02 06:26:36,096 - INFO - Saved: webcam_snapshot_20250902_062635.png | Size: 0.8MB
2025-09-02 06:26:36,096 - INFO - Captures: 148 | Remaining: 560577s | Restarts: 2
2025-09-02 06:31:36,478 - INFO - Saved: webcam_snapshot_20250902_063136.png | Size: 0.8MB
2025-09-02 06:31:36,478 - INFO - Captures: 149 | Remaining: 560276s | Restarts: 2
2025-09-02 06:36:36,839 - INFO - Saved: webcam_snapshot_20250902_063636.png | Size: 0.8MB
2025-09-02 06:36:36,840 - INFO - Captures: 150 | Remaining: 559976s | Restarts: 2
2025-09-02 06:41:37,203 - INFO - Saved: webcam_snapshot_20250902_064136.png | Size: 0.8MB
2025-09-02 06:41:37,203 - INFO - Captures: 151 | Remaining: 559676s | Restarts: 2
2025-09-02 06:46:37,570 - INFO - Saved: webcam_snapshot_20250902_064637.png | Size: 0.8MB
2025-09-02 06:46:37,570 - INFO - Captures: 152 | Remaining: 559375s | Restarts: 2
2025-09-02 06:51:37,939 - INFO - Saved: webcam_snapshot_20250902_065137.png | Size: 0.8MB
2025-09-02 06:51:37,939 - INFO - Captures: 153 | Remaining: 559075s | Restarts: 2
2025-09-02 06:56:38,312 - INFO - Saved: webcam_snapshot_20250902_065637.png | Size: 0.8MB
2025-09-02 06:56:38,312 - INFO - Captures: 154 | Remaining: 558774s | Restarts: 2
2025-09-02 07:01:38,678 - INFO - Saved: webcam_snapshot_20250902_070138.png | Size: 0.8MB
2025-09-02 07:01:38,678 - INFO - Captures: 155 | Remaining: 558474s | Restarts: 2
2025-09-02 07:06:39,042 - INFO - Saved: webcam_snapshot_20250902_070638.png | Size: 0.8MB
2025-09-02 07:06:39,042 - INFO - Captures: 156 | Remaining: 558174s | Restarts: 2
2025-09-02 07:11:39,394 - INFO - Saved: webcam_snapshot_20250902_071139.png | Size: 0.8MB
2025-09-02 07:11:39,394 - INFO - Captures: 157 | Remaining: 557873s | Restarts: 2
2025-09-02 07:16:39,757 - INFO - Saved: webcam_snapshot_20250902_071639.png | Size: 0.8MB
2025-09-02 07:16:39,757 - INFO - Captures: 158 | Remaining: 557573s | Restarts: 2
2025-09-02 07:21:40,126 - INFO - Saved: webcam_snapshot_20250902_072139.png | Size: 0.8MB
2025-09-02 07:21:40,127 - INFO - Captures: 159 | Remaining: 557273s | Restarts: 2
2025-09-02 07:26:40,510 - INFO - Saved: webcam_snapshot_20250902_072640.png | Size: 0.8MB
2025-09-02 07:26:40,510 - INFO - Captures: 160 | Remaining: 556972s | Restarts: 2
2025-09-02 07:31:40,872 - INFO - Saved: webcam_snapshot_20250902_073140.png | Size: 0.8MB
2025-09-02 07:31:40,872 - INFO - Captures: 161 | Remaining: 556672s | Restarts: 2
2025-09-02 07:36:41,237 - INFO - Saved: webcam_snapshot_20250902_073640.png | Size: 0.8MB
2025-09-02 07:36:41,237 - INFO - Captures: 162 | Remaining: 556371s | Restarts: 2
2025-09-02 07:41:41,372 - WARNING - Browser session died, restarting...
2025-09-02 07:41:41,380 - INFO - Using browser binary: /usr/bin/chromium-browser
2025-09-02 07:41:42,373 - INFO - Chrome driver initialized successfully (session: 6f3fe719709de14b6900ae94cfd8e80e)
2025-09-02 07:41:42,373 - INFO - Loading webcam URL: https://share.earthcam.net/tJ90CoLmq7TzrY396Yd88M3ySv9LnAn8E0UsZn2nKhs!/hilton_waikiki_beach/camera/live
2025-09-02 07:41:46,140 - INFO - Found video/canvas element
2025-09-02 07:41:49,140 - INFO - Page loaded successfully
2025-09-02 07:41:49,515 - INFO - Saved: webcam_snapshot_20250902_074141.png | Size: 0.8MB
2025-09-02 07:41:49,515 - INFO - Captures: 163 | Remaining: 556063s | Restarts: 2
2025-09-02 07:46:49,882 - INFO - Saved: webcam_snapshot_20250902_074649.png | Size: 0.8MB
2025-09-02 07:46:49,882 - INFO - Captures: 164 | Remaining: 555763s | Restarts: 2
2025-09-02 07:51:50,250 - INFO - Saved: webcam_snapshot_20250902_075149.png | Size: 0.8MB
2025-09-02 07:51:50,250 - INFO - Captures: 165 | Remaining: 555462s | Restarts: 2
2025-09-02 07:56:50,621 - INFO - Saved: webcam_snapshot_20250902_075650.png | Size: 0.8MB
2025-09-02 07:56:50,621 - INFO - Captures: 166 | Remaining: 555162s | Restarts: 2
2025-09-02 08:01:50,981 - INFO - Saved: webcam_snapshot_20250902_080150.png | Size: 0.8MB
2025-09-02 08:01:50,981 - INFO - Captures: 167 | Remaining: 554862s | Restarts: 2
2025-09-02 08:06:51,370 - INFO - Saved: webcam_snapshot_20250902_080650.png | Size: 0.8MB
2025-09-02 08:06:51,370 - INFO - Captures: 168 | Remaining: 554561s | Restarts: 2
2025-09-02 08:11:51,745 - INFO - Saved: webcam_snapshot_20250902_081151.png | Size: 0.8MB
2025-09-02 08:11:51,745 - INFO - Captures: 169 | Remaining: 554261s | Restarts: 2
2025-09-02 08:16:52,106 - INFO - Saved: webcam_snapshot_20250902_081651.png | Size: 0.8MB
2025-09-02 08:16:52,107 - INFO - Captures: 170 | Remaining: 553961s | Restarts: 2
2025-09-02 08:21:52,470 - INFO - Saved: webcam_snapshot_20250902_082152.png | Size: 0.8MB
2025-09-02 08:21:52,470 - INFO - Captures: 171 | Remaining: 553660s | Restarts: 2
2025-09-02 08:26:52,835 - INFO - Saved: webcam_snapshot_20250902_082652.png | Size: 0.8MB
2025-09-02 08:26:52,835 - INFO - Captures: 172 | Remaining: 553360s | Restarts: 2
2025-09-02 08:31:53,203 - INFO - Saved: webcam_snapshot_20250902_083152.png | Size: 0.8MB
2025-09-02 08:31:53,203 - INFO - Captures: 173 | Remaining: 553060s | Restarts: 2
2025-09-02 08:36:53,587 - INFO - Saved: webcam_snapshot_20250902_083653.png | Size: 0.8MB
2025-09-02 08:36:53,587 - INFO - Captures: 174 | Remaining: 552759s | Restarts: 2
2025-09-02 08:41:53,991 - INFO - Saved: webcam_snapshot_20250902_084153.png | Size: 0.8MB
2025-09-02 08:41:53,991 - INFO - Captures: 175 | Remaining: 552459s | Restarts: 2
2025-09-02 08:46:54,371 - INFO - Saved: webcam_snapshot_20250902_084653.png | Size: 0.8MB
2025-09-02 08:46:54,371 - INFO - Captures: 176 | Remaining: 552158s | Restarts: 2
2025-09-02 08:51:54,747 - INFO - Saved: webcam_snapshot_20250902_085154.png | Size: 0.8MB
2025-09-02 08:51:54,747 - INFO - Captures: 177 | Remaining: 551858s | Restarts: 2
2025-09-02 08:56:55,137 - INFO - Saved: webcam_snapshot_20250902_085654.png | Size: 0.8MB
2025-09-02 08:56:55,137 - INFO - Captures: 178 | Remaining: 551558s | Restarts: 2
2025-09-02 09:01:55,531 - INFO - Saved: webcam_snapshot_20250902_090155.png | Size: 0.8MB
2025-09-02 09:01:55,531 - INFO - Captures: 179 | Remaining: 551257s | Restarts: 2
2025-09-02 09:06:55,906 - INFO - Saved: webcam_snapshot_20250902_090655.png | Size: 0.8MB
2025-09-02 09:06:55,906 - INFO - Captures: 180 | Remaining: 550957s | Restarts: 2
2025-09-02 09:11:56,279 - INFO - Saved: webcam_snapshot_20250902_091155.png | Size: 0.8MB
2025-09-02 09:11:56,280 - INFO - Captures: 181 | Remaining: 550656s | Restarts: 2
2025-09-02 09:16:56,637 - INFO - Saved: webcam_snapshot_20250902_091656.png | Size: 0.8MB
2025-09-02 09:16:56,637 - INFO - Captures: 182 | Remaining: 550356s | Restarts: 2
2025-09-02 09:21:56,981 - INFO - Saved: webcam_snapshot_20250902_092156.png | Size: 0.7MB
2025-09-02 09:21:56,981 - INFO - Captures: 183 | Remaining: 550056s | Restarts: 2
2025-09-02 09:26:57,353 - INFO - Saved: webcam_snapshot_20250902_092656.png | Size: 0.7MB
2025-09-02 09:26:57,353 - INFO - Captures: 184 | Remaining: 549755s | Restarts: 2
2025-09-02 09:31:57,713 - INFO - Saved: webcam_snapshot_20250902_093157.png | Size: 0.7MB
2025-09-02 09:31:57,713 - INFO - Captures: 185 | Remaining: 549455s | Restarts: 2
2025-09-02 09:36:58,046 - INFO - Saved: webcam_snapshot_20250902_093657.png | Size: 0.7MB
2025-09-02 09:36:58,046 - INFO - Captures: 186 | Remaining: 549155s | Restarts: 2
2025-09-02 09:41:58,385 - INFO - Saved: webcam_snapshot_20250902_094158.png | Size: 0.7MB
2025-09-02 09:41:58,385 - INFO - Captures: 187 | Remaining: 548854s | Restarts: 2
2025-09-02 09:46:58,740 - INFO - Saved: webcam_snapshot_20250902_094658.png | Size: 0.7MB
2025-09-02 09:46:58,740 - INFO - Captures: 188 | Remaining: 548554s | Restarts: 2
2025-09-02 09:51:59,080 - INFO - Saved: webcam_snapshot_20250902_095158.png | Size: 0.7MB
2025-09-02 09:51:59,080 - INFO - Captures: 189 | Remaining: 548254s | Restarts: 2
2025-09-02 09:56:59,215 - WARNING - Browser session died, restarting...
2025-09-02 09:56:59,222 - INFO - Using browser binary: /usr/bin/chromium-browser
2025-09-02 09:57:00,223 - INFO - Chrome driver initialized successfully (session: 7a8417179c8e6869dc5f4909cd1254c1)
2025-09-02 09:57:00,223 - INFO - Loading webcam URL: https://share.earthcam.net/tJ90CoLmq7TzrY396Yd88M3ySv9LnAn8E0UsZn2nKhs!/hilton_waikiki_beach/camera/live
2025-09-02 09:57:37,548 - WARNING - No video/canvas found, will try screenshot anyway: Message: 

2025-09-02 09:57:40,548 - INFO - Page loaded successfully
2025-09-02 09:57:40,610 - INFO - Saved: webcam_snapshot_20250902_095659.png | Size: 0.0MB
2025-09-02 09:57:40,611 - INFO - Captures: 190 | Remaining: 547912s | Restarts: 2
2025-09-02 10:02:40,678 - INFO - Saved: webcam_snapshot_20250902_100240.png | Size: 0.0MB
2025-09-02 10:02:40,678 - INFO - Captures: 191 | Remaining: 547612s | Restarts: 2
2025-09-02 10:07:40,733 - INFO - Saved: webcam_snapshot_20250902_100740.png | Size: 0.0MB
2025-09-02 10:07:40,733 - INFO - Captures: 192 | Remaining: 547312s | Restarts: 2
2025-09-02 10:12:40,787 - INFO - Saved: webcam_snapshot_20250902_101240.png | Size: 0.0MB
2025-09-02 10:12:40,787 - INFO - Captures: 193 | Remaining: 547012s | Restarts: 2
2025-09-02 10:17:40,842 - INFO - Saved: webcam_snapshot_20250902_101740.png | Size: 0.0MB
2025-09-02 10:17:40,842 - INFO - Captures: 194 | Remaining: 546712s | Restarts: 2
2025-09-02 10:22:40,898 - INFO - Saved: webcam_snapshot_20250902_102240.png | Size: 0.0MB
2025-09-02 10:22:40,898 - INFO - Captures: 195 | Remaining: 546412s | Restarts: 2
2025-09-02 10:27:40,951 - INFO - Saved: webcam_snapshot_20250902_102740.png | Size: 0.0MB
2025-09-02 10:27:40,951 - INFO - Captures: 196 | Remaining: 546112s | Restarts: 2
2025-09-02 10:32:41,006 - INFO - Saved: webcam_snapshot_20250902_103240.png | Size: 0.0MB
2025-09-02 10:32:41,006 - INFO - Captures: 197 | Remaining: 545812s | Restarts: 2
2025-09-02 10:37:41,081 - INFO - Saved: webcam_snapshot_20250902_103741.png | Size: 0.0MB
2025-09-02 10:37:41,082 - INFO - Captures: 198 | Remaining: 545512s | Restarts: 2
2025-09-02 10:42:41,158 - INFO - Saved: webcam_snapshot_20250902_104241.png | Size: 0.0MB
2025-09-02 10:42:41,158 - INFO - Captures: 199 | Remaining: 545212s | Restarts: 2
2025-09-02 10:47:41,222 - INFO - Saved: webcam_snapshot_20250902_104741.png | Size: 0.0MB
2025-09-02 10:47:41,222 - INFO - Captures: 200 | Remaining: 544911s | Restarts: 2
2025-09-02 10:52:41,278 - INFO - Saved: webcam_snapshot_20250902_105241.png | Size: 0.0MB
2025-09-02 10:52:41,278 - INFO - Captures: 201 | Remaining: 544611s | Restarts: 2
2025-09-02 10:57:41,346 - INFO - Saved: webcam_snapshot_20250902_105741.png | Size: 0.0MB
2025-09-02 10:57:41,346 - INFO - Captures: 202 | Remaining: 544311s | Restarts: 2
2025-09-02 11:02:41,402 - INFO - Saved: webcam_snapshot_20250902_110241.png | Size: 0.0MB
2025-09-02 11:02:41,402 - INFO - Captures: 203 | Remaining: 544011s | Restarts: 2
2025-09-02 11:07:41,455 - INFO - Saved: webcam_snapshot_20250902_110741.png | Size: 0.0MB
2025-09-02 11:07:41,455 - INFO - Captures: 204 | Remaining: 543711s | Restarts: 2
2025-09-02 11:12:41,511 - INFO - Saved: webcam_snapshot_20250902_111241.png | Size: 0.0MB
2025-09-02 11:12:41,511 - INFO - Captures: 205 | Remaining: 543411s | Restarts: 2
2025-09-02 11:17:41,565 - INFO - Saved: webcam_snapshot_20250902_111741.png | Size: 0.0MB
2025-09-02 11:17:41,565 - INFO - Captures: 206 | Remaining: 543111s | Restarts: 2
2025-09-02 11:22:41,620 - INFO - Saved: webcam_snapshot_20250902_112241.png | Size: 0.0MB
2025-09-02 11:22:41,620 - INFO - Captures: 207 | Remaining: 542811s | Restarts: 2
2025-09-02 11:27:41,674 - INFO - Saved: webcam_snapshot_20250902_112741.png | Size: 0.0MB
2025-09-02 11:27:41,674 - INFO - Captures: 208 | Remaining: 542511s | Restarts: 2
2025-09-02 11:32:41,729 - INFO - Saved: webcam_snapshot_20250902_113241.png | Size: 0.0MB
2025-09-02 11:32:41,729 - INFO - Captures: 209 | Remaining: 542211s | Restarts: 2
2025-09-02 11:37:41,784 - INFO - Saved: webcam_snapshot_20250902_113741.png | Size: 0.0MB
2025-09-02 11:37:41,784 - INFO - Captures: 210 | Remaining: 541911s | Restarts: 2
2025-09-02 11:42:41,838 - INFO - Saved: webcam_snapshot_20250902_114241.png | Size: 0.0MB
2025-09-02 11:42:41,838 - INFO - Captures: 211 | Remaining: 541611s | Restarts: 2
2025-09-02 11:47:41,894 - INFO - Saved: webcam_snapshot_20250902_114741.png | Size: 0.0MB
2025-09-02 11:47:41,894 - INFO - Captures: 212 | Remaining: 541311s | Restarts: 2
2025-09-02 11:52:41,949 - INFO - Saved: webcam_snapshot_20250902_115241.png | Size: 0.0MB
2025-09-02 11:52:41,949 - INFO - Captures: 213 | Remaining: 541011s | Restarts: 2
2025-09-02 11:57:42,003 - INFO - Saved: webcam_snapshot_20250902_115741.png | Size: 0.0MB
2025-09-02 11:57:42,003 - INFO - Captures: 214 | Remaining: 540711s | Restarts: 2
2025-09-02 12:02:42,058 - INFO - Saved: webcam_snapshot_20250902_120242.png | Size: 0.0MB
2025-09-02 12:02:42,058 - INFO - Captures: 215 | Remaining: 540411s | Restarts: 2
2025-09-02 12:07:42,112 - INFO - Saved: webcam_snapshot_20250902_120742.png | Size: 0.0MB
2025-09-02 12:07:42,112 - INFO - Captures: 216 | Remaining: 540111s | Restarts: 2
2025-09-02 12:12:42,166 - INFO - Saved: webcam_snapshot_20250902_121242.png | Size: 0.0MB
2025-09-02 12:12:42,166 - INFO - Captures: 217 | Remaining: 539811s | Restarts: 2
2025-09-02 12:17:42,223 - INFO - Saved: webcam_snapshot_20250902_121742.png | Size: 0.0MB
2025-09-02 12:17:42,223 - INFO - Captures: 218 | Remaining: 539510s | Restarts: 2
2025-09-02 12:22:42,277 - INFO - Saved: webcam_snapshot_20250902_122242.png | Size: 0.0MB
2025-09-02 12:22:42,277 - INFO - Captures: 219 | Remaining: 539210s | Restarts: 2
2025-09-02 12:27:42,331 - INFO - Saved: webcam_snapshot_20250902_122742.png | Size: 0.0MB
2025-09-02 12:27:42,331 - INFO - Captures: 220 | Remaining: 538910s | Restarts: 2
2025-09-02 12:32:42,385 - INFO - Saved: webcam_snapshot_20250902_123242.png | Size: 0.0MB
2025-09-02 12:32:42,385 - INFO - Captures: 221 | Remaining: 538610s | Restarts: 2
2025-09-02 12:37:42,442 - INFO - Saved: webcam_snapshot_20250902_123742.png | Size: 0.0MB
2025-09-02 12:37:42,442 - INFO - Captures: 222 | Remaining: 538310s | Restarts: 2
2025-09-02 12:42:42,495 - INFO - Saved: webcam_snapshot_20250902_124242.png | Size: 0.0MB
2025-09-02 12:42:42,495 - INFO - Captures: 223 | Remaining: 538010s | Restarts: 2
2025-09-02 12:47:42,550 - INFO - Saved: webcam_snapshot_20250902_124742.png | Size: 0.0MB
2025-09-02 12:47:42,550 - INFO - Captures: 224 | Remaining: 537710s | Restarts: 2
2025-09-02 12:52:42,604 - INFO - Saved: webcam_snapshot_20250902_125242.png | Size: 0.0MB
2025-09-02 12:52:42,604 - INFO - Captures: 225 | Remaining: 537410s | Restarts: 2
2025-09-02 12:57:42,658 - INFO - Saved: webcam_snapshot_20250902_125742.png | Size: 0.0MB
2025-09-02 12:57:42,658 - INFO - Captures: 226 | Remaining: 537110s | Restarts: 2
2025-09-02 13:02:42,716 - INFO - Saved: webcam_snapshot_20250902_130242.png | Size: 0.0MB
2025-09-02 13:02:42,716 - INFO - Captures: 227 | Remaining: 536810s | Restarts: 2
2025-09-02 13:07:42,785 - INFO - Saved: webcam_snapshot_20250902_130742.png | Size: 0.0MB
2025-09-02 13:07:42,785 - INFO - Captures: 228 | Remaining: 536510s | Restarts: 2
2025-09-02 13:12:42,840 - INFO - Saved: webcam_snapshot_20250902_131242.png | Size: 0.0MB
2025-09-02 13:12:42,840 - INFO - Captures: 229 | Remaining: 536210s | Restarts: 2
2025-09-02 13:17:42,894 - INFO - Saved: webcam_snapshot_20250902_131742.png | Size: 0.0MB
2025-09-02 13:17:42,894 - INFO - Captures: 230 | Remaining: 535910s | Restarts: 2
2025-09-02 13:22:42,949 - INFO - Saved: webcam_snapshot_20250902_132242.png | Size: 0.0MB
2025-09-02 13:22:42,949 - INFO - Captures: 231 | Remaining: 535610s | Restarts: 2
2025-09-02 13:27:43,004 - INFO - Saved: webcam_snapshot_20250902_132742.png | Size: 0.0MB
2025-09-02 13:27:43,004 - INFO - Captures: 232 | Remaining: 535310s | Restarts: 2
2025-09-02 13:32:43,060 - INFO - Saved: webcam_snapshot_20250902_133243.png | Size: 0.0MB
2025-09-02 13:32:43,060 - INFO - Captures: 233 | Remaining: 535010s | Restarts: 2
2025-09-02 13:37:43,131 - INFO - Saved: webcam_snapshot_20250902_133743.png | Size: 0.0MB
2025-09-02 13:37:43,131 - INFO - Captures: 234 | Remaining: 534710s | Restarts: 2
2025-09-02 13:42:43,203 - INFO - Saved: webcam_snapshot_20250902_134243.png | Size: 0.0MB
2025-09-02 13:42:43,203 - INFO - Captures: 235 | Remaining: 534410s | Restarts: 2
2025-09-02 13:47:43,275 - INFO - Saved: webcam_snapshot_20250902_134743.png | Size: 0.0MB
2025-09-02 13:47:43,276 - INFO - Captures: 236 | Remaining: 534109s | Restarts: 2
2025-09-02 13:52:43,345 - INFO - Saved: webcam_snapshot_20250902_135243.png | Size: 0.0MB
2025-09-02 13:52:43,345 - INFO - Captures: 237 | Remaining: 533809s | Restarts: 2
2025-09-02 13:57:43,400 - INFO - Saved: webcam_snapshot_20250902_135743.png | Size: 0.0MB
2025-09-02 13:57:43,400 - INFO - Captures: 238 | Remaining: 533509s | Restarts: 2
2025-09-02 14:02:43,454 - INFO - Saved: webcam_snapshot_20250902_140243.png | Size: 0.0MB
2025-09-02 14:02:43,454 - INFO - Captures: 239 | Remaining: 533209s | Restarts: 2
2025-09-02 14:07:43,509 - INFO - Saved: webcam_snapshot_20250902_140743.png | Size: 0.0MB
2025-09-02 14:07:43,509 - INFO - Captures: 240 | Remaining: 532909s | Restarts: 2
2025-09-02 14:12:43,579 - INFO - Saved: webcam_snapshot_20250902_141243.png | Size: 0.0MB
2025-09-02 14:12:43,579 - INFO - Captures: 241 | Remaining: 532609s | Restarts: 2
2025-09-02 14:17:43,634 - INFO - Saved: webcam_snapshot_20250902_141743.png | Size: 0.0MB
2025-09-02 14:17:43,634 - INFO - Captures: 242 | Remaining: 532309s | Restarts: 2
2025-09-02 14:22:43,690 - INFO - Saved: webcam_snapshot_20250902_142243.png | Size: 0.0MB
2025-09-02 14:22:43,690 - INFO - Captures: 243 | Remaining: 532009s | Restarts: 2
2025-09-02 14:27:43,760 - INFO - Saved: webcam_snapshot_20250902_142743.png | Size: 0.0MB
2025-09-02 14:27:43,761 - INFO - Captures: 244 | Remaining: 531709s | Restarts: 2
2025-09-02 14:32:43,831 - INFO - Saved: webcam_snapshot_20250902_143243.png | Size: 0.0MB
2025-09-02 14:32:43,832 - INFO - Captures: 245 | Remaining: 531409s | Restarts: 2
2025-09-02 14:37:43,887 - INFO - Saved: webcam_snapshot_20250902_143743.png | Size: 0.0MB
2025-09-02 14:37:43,887 - INFO - Captures: 246 | Remaining: 531109s | Restarts: 2
2025-09-02 14:42:43,958 - INFO - Saved: webcam_snapshot_20250902_144243.png | Size: 0.0MB
2025-09-02 14:42:43,958 - INFO - Captures: 247 | Remaining: 530809s | Restarts: 2
2025-09-02 14:47:44,028 - INFO - Saved: webcam_snapshot_20250902_144743.png | Size: 0.0MB
2025-09-02 14:47:44,028 - INFO - Captures: 248 | Remaining: 530509s | Restarts: 2
2025-09-02 14:52:44,085 - INFO - Saved: webcam_snapshot_20250902_145244.png | Size: 0.0MB
2025-09-02 14:52:44,086 - INFO - Captures: 249 | Remaining: 530209s | Restarts: 2
2025-09-02 15:04:30,909 - INFO - Starting webcam capture for https://share.earthcam.net/tJ90CoLmq7TzrY396Yd88M3ySv9LnAn8E0UsZn2nKhs!/hilton_waikiki_beach/camera/live
2025-09-02 15:04:30,910 - INFO - Python version: 3.12.3 (main, Aug 14 2025, 17:47:21) [GCC 13.3.0]
2025-09-02 15:04:30,910 - INFO - Using browser binary: /usr/bin/chromium-browser
2025-09-02 15:04:31,908 - INFO - Chrome driver initialized successfully (session: 37300055dbd54d28733539903734c87d)
2025-09-02 15:04:31,908 - INFO - Loading webcam URL: https://share.earthcam.net/tJ90CoLmq7TzrY396Yd88M3ySv9LnAn8E0UsZn2nKhs!/hilton_waikiki_beach/camera/live
2025-09-02 15:04:34,441 - INFO - Found video/canvas element
2025-09-02 15:04:37,442 - INFO - Page loaded successfully
2025-09-02 15:04:37,442 - INFO - Capturing every 300.0 seconds
2025-09-02 15:04:37,442 - INFO - Will run for 43200 seconds
2025-09-02 15:04:37,442 - INFO - Saving to: /home/exouser/cv/images/share.earthcam.net
2025-09-02 15:04:37,442 - INFO - Logging to: /home/exouser/cv/webcam_capture.log
2025-09-02 15:04:37,442 - INFO - Performing scheduled browser restart
2025-09-02 15:04:38,369 - INFO - Saved: webcam_snapshot_20250902_150437.png | Size: 0.7MB
2025-09-02 15:04:38,369 - INFO - Captures: 1 | Remaining: 43193s | Restarts: 1
2025-09-02 15:09:38,414 - WARNING - Browser session died, restarting...
2025-09-02 15:09:38,450 - INFO - Using browser binary: /usr/bin/chromium-browser
2025-09-02 15:09:39,474 - INFO - Chrome driver initialized successfully (session: 7fc06b885621d86f6a79b18744ebbc1d)
2025-09-02 15:09:39,474 - INFO - Loading webcam URL: https://share.earthcam.net/tJ90CoLmq7TzrY396Yd88M3ySv9LnAn8E0UsZn2nKhs!/hilton_waikiki_beach/camera/live
2025-09-02 15:09:41,075 - INFO - Found video/canvas element
2025-09-02 15:09:44,075 - INFO - Page loaded successfully
2025-09-02 15:09:44,414 - INFO - Saved: webcam_snapshot_20250902_150938.png | Size: 0.7MB
2025-09-02 15:09:44,415 - INFO - Captures: 2 | Remaining: 42886s | Restarts: 1
2025-09-02 15:14:44,771 - INFO - Saved: webcam_snapshot_20250902_151444.png | Size: 0.7MB
2025-09-02 15:14:44,771 - INFO - Captures: 3 | Remaining: 42586s | Restarts: 1
2025-09-02 15:19:45,118 - INFO - Saved: webcam_snapshot_20250902_151944.png | Size: 0.7MB
2025-09-02 15:19:45,118 - INFO - Captures: 4 | Remaining: 42286s | Restarts: 1
2025-09-02 15:24:45,479 - INFO - Saved: webcam_snapshot_20250902_152445.png | Size: 0.7MB
2025-09-02 15:24:45,480 - INFO - Captures: 5 | Remaining: 41985s | Restarts: 1
2025-09-02 15:29:45,860 - INFO - Saved: webcam_snapshot_20250902_152945.png | Size: 0.7MB
2025-09-02 15:29:45,860 - INFO - Captures: 6 | Remaining: 41685s | Restarts: 1
2025-09-02 15:34:46,260 - INFO - Saved: webcam_snapshot_20250902_153445.png | Size: 0.7MB
2025-09-02 15:34:46,261 - INFO - Captures: 7 | Remaining: 41385s | Restarts: 1
2025-09-02 15:39:46,602 - INFO - Saved: webcam_snapshot_20250902_153946.png | Size: 0.7MB
2025-09-02 15:39:46,602 - INFO - Captures: 8 | Remaining: 41084s | Restarts: 1
2025-09-02 15:44:46,946 - INFO - Saved: webcam_snapshot_20250902_154446.png | Size: 0.7MB
2025-09-02 15:44:46,946 - INFO - Captures: 9 | Remaining: 40784s | Restarts: 1
2025-09-02 15:49:47,516 - INFO - Saved: webcam_snapshot_20250902_154946.png | Size: 1.2MB
2025-09-02 15:49:47,517 - INFO - Captures: 10 | Remaining: 40483s | Restarts: 1
2025-09-02 15:54:48,055 - INFO - Saved: webcam_snapshot_20250902_155447.png | Size: 1.1MB
2025-09-02 15:54:48,055 - INFO - Captures: 11 | Remaining: 40183s | Restarts: 1
2025-09-02 15:59:48,671 - INFO - Saved: webcam_snapshot_20250902_155948.png | Size: 1.5MB
2025-09-02 15:59:48,671 - INFO - Captures: 12 | Remaining: 39882s | Restarts: 1
2025-09-02 16:04:49,343 - INFO - Saved: webcam_snapshot_20250902_160448.png | Size: 1.6MB
2025-09-02 16:04:49,343 - INFO - Captures: 13 | Remaining: 39582s | Restarts: 1
2025-09-02 16:09:50,011 - INFO - Saved: webcam_snapshot_20250902_160949.png | Size: 1.6MB
2025-09-02 16:09:50,011 - INFO - Captures: 14 | Remaining: 39281s | Restarts: 1
2025-09-02 16:14:50,697 - INFO - Saved: webcam_snapshot_20250902_161450.png | Size: 1.7MB
2025-09-02 16:14:50,697 - INFO - Captures: 15 | Remaining: 38980s | Restarts: 1
2025-09-02 16:19:51,152 - INFO - Saved: webcam_snapshot_20250902_161950.png | Size: 1.0MB
2025-09-02 16:19:51,152 - INFO - Captures: 16 | Remaining: 38680s | Restarts: 1
2025-09-02 16:24:51,630 - INFO - Saved: webcam_snapshot_20250902_162451.png | Size: 1.0MB
2025-09-02 16:24:51,630 - INFO - Captures: 17 | Remaining: 38379s | Restarts: 1
2025-09-02 16:29:52,107 - INFO - Saved: webcam_snapshot_20250902_162951.png | Size: 1.0MB
2025-09-02 16:29:52,107 - INFO - Captures: 18 | Remaining: 38079s | Restarts: 1
2025-09-02 16:34:52,769 - INFO - Saved: webcam_snapshot_20250902_163452.png | Size: 1.7MB
2025-09-02 16:34:52,770 - INFO - Captures: 19 | Remaining: 37778s | Restarts: 1
2025-09-02 16:39:53,433 - INFO - Saved: webcam_snapshot_20250902_163952.png | Size: 1.6MB
2025-09-02 16:39:53,433 - INFO - Captures: 20 | Remaining: 37477s | Restarts: 1
2025-09-02 16:44:54,157 - INFO - Saved: webcam_snapshot_20250902_164453.png | Size: 1.8MB
2025-09-02 16:44:54,158 - INFO - Captures: 21 | Remaining: 37177s | Restarts: 1
2025-09-02 16:49:54,870 - INFO - Saved: webcam_snapshot_20250902_164954.png | Size: 1.6MB
2025-09-02 16:49:54,871 - INFO - Captures: 22 | Remaining: 36876s | Restarts: 1
2025-09-02 16:54:55,538 - INFO - Saved: webcam_snapshot_20250902_165454.png | Size: 1.7MB
2025-09-02 16:54:55,538 - INFO - Captures: 23 | Remaining: 36575s | Restarts: 1
2025-09-02 16:59:56,043 - INFO - Saved: webcam_snapshot_20250902_165955.png | Size: 1.1MB
2025-09-02 16:59:56,044 - INFO - Captures: 24 | Remaining: 36275s | Restarts: 1
2025-09-02 17:04:56,752 - INFO - Saved: webcam_snapshot_20250902_170456.png | Size: 1.6MB
2025-09-02 17:04:56,753 - INFO - Captures: 25 | Remaining: 35974s | Restarts: 1
2025-09-02 17:09:57,425 - INFO - Saved: webcam_snapshot_20250902_170956.png | Size: 1.6MB
2025-09-02 17:09:57,425 - INFO - Captures: 26 | Remaining: 35673s | Restarts: 1
2025-09-02 17:14:58,098 - INFO - Saved: webcam_snapshot_20250902_171457.png | Size: 1.6MB
2025-09-02 17:14:58,099 - INFO - Captures: 27 | Remaining: 35373s | Restarts: 1
2025-09-02 17:19:58,820 - INFO - Saved: webcam_snapshot_20250902_171958.png | Size: 1.5MB
2025-09-02 17:19:58,820 - INFO - Captures: 28 | Remaining: 35072s | Restarts: 1
2025-09-02 17:24:59,044 - WARNING - Browser session died, restarting...
2025-09-02 17:25:00,048 - INFO - Using browser binary: /usr/bin/chromium-browser
2025-09-02 17:25:01,168 - INFO - Chrome driver initialized successfully (session: ca7747c1c41c5fca5ce0911eff095c31)
2025-09-02 17:25:01,168 - INFO - Loading webcam URL: https://share.earthcam.net/tJ90CoLmq7TzrY396Yd88M3ySv9LnAn8E0UsZn2nKhs!/hilton_waikiki_beach/camera/live
2025-09-02 17:25:02,892 - INFO - Found video/canvas element
2025-09-02 17:25:05,892 - INFO - Page loaded successfully
2025-09-02 17:25:06,347 - INFO - Saved: webcam_snapshot_20250902_172458.png | Size: 1.0MB
2025-09-02 17:25:06,347 - INFO - Captures: 29 | Remaining: 34765s | Restarts: 1
2025-09-02 17:30:06,802 - INFO - Saved: webcam_snapshot_20250902_173006.png | Size: 1.1MB
2025-09-02 17:30:06,803 - INFO - Captures: 30 | Remaining: 34464s | Restarts: 1
2025-09-02 17:35:07,458 - INFO - Saved: webcam_snapshot_20250902_173506.png | Size: 1.6MB
2025-09-02 17:35:07,458 - INFO - Captures: 31 | Remaining: 34163s | Restarts: 1
2025-09-02 17:40:08,094 - INFO - Saved: webcam_snapshot_20250902_174007.png | Size: 1.6MB
2025-09-02 17:40:08,094 - INFO - Captures: 32 | Remaining: 33863s | Restarts: 1
2025-09-02 17:45:08,742 - INFO - Saved: webcam_snapshot_20250902_174508.png | Size: 1.6MB
2025-09-02 17:45:08,743 - INFO - Captures: 33 | Remaining: 33562s | Restarts: 1
2025-09-02 17:50:09,371 - INFO - Saved: webcam_snapshot_20250902_175008.png | Size: 1.5MB
2025-09-02 17:50:09,371 - INFO - Captures: 34 | Remaining: 33262s | Restarts: 1
2025-09-02 17:55:09,852 - INFO - Saved: webcam_snapshot_20250902_175509.png | Size: 1.1MB
2025-09-02 17:55:09,853 - INFO - Captures: 35 | Remaining: 32961s | Restarts: 1
2025-09-02 18:00:10,314 - INFO - Saved: webcam_snapshot_20250902_180009.png | Size: 1.1MB
2025-09-02 18:00:10,314 - INFO - Captures: 36 | Remaining: 32661s | Restarts: 1
2025-09-02 18:05:10,994 - INFO - Saved: webcam_snapshot_20250902_180510.png | Size: 1.5MB
2025-09-02 18:05:10,995 - INFO - Captures: 37 | Remaining: 32360s | Restarts: 1
2025-09-02 18:10:11,665 - INFO - Saved: webcam_snapshot_20250902_181010.png | Size: 1.6MB
2025-09-02 18:10:11,665 - INFO - Captures: 38 | Remaining: 32059s | Restarts: 1
2025-09-02 18:15:12,388 - INFO - Saved: webcam_snapshot_20250902_181511.png | Size: 1.8MB
2025-09-02 18:15:12,388 - INFO - Captures: 39 | Remaining: 31759s | Restarts: 1
2025-09-02 18:20:13,008 - INFO - Saved: webcam_snapshot_20250902_182012.png | Size: 1.6MB
2025-09-02 18:20:13,009 - INFO - Captures: 40 | Remaining: 31458s | Restarts: 1
2025-09-02 18:25:13,477 - INFO - Saved: webcam_snapshot_20250902_182513.png | Size: 1.1MB
2025-09-02 18:25:13,477 - INFO - Captures: 41 | Remaining: 31157s | Restarts: 1
2025-09-02 18:30:13,970 - INFO - Saved: webcam_snapshot_20250902_183013.png | Size: 1.2MB
2025-09-02 18:30:13,971 - INFO - Captures: 42 | Remaining: 30857s | Restarts: 1
2025-09-02 18:35:14,458 - INFO - Saved: webcam_snapshot_20250902_183513.png | Size: 1.2MB
2025-09-02 18:35:14,458 - INFO - Captures: 43 | Remaining: 30556s | Restarts: 1
2025-09-02 18:40:14,977 - INFO - Saved: webcam_snapshot_20250902_184014.png | Size: 1.2MB
2025-09-02 18:40:14,978 - INFO - Captures: 44 | Remaining: 30256s | Restarts: 1
2025-09-02 18:45:15,582 - INFO - Saved: webcam_snapshot_20250902_184514.png | Size: 1.5MB
2025-09-02 18:45:15,582 - INFO - Captures: 45 | Remaining: 29955s | Restarts: 1
2025-09-02 18:50:16,211 - INFO - Saved: webcam_snapshot_20250902_185015.png | Size: 1.6MB
2025-09-02 18:50:16,211 - INFO - Captures: 46 | Remaining: 29655s | Restarts: 1
2025-09-02 18:55:16,926 - INFO - Saved: webcam_snapshot_20250902_185516.png | Size: 2.0MB
2025-09-02 18:55:16,927 - INFO - Captures: 47 | Remaining: 29354s | Restarts: 1
2025-09-02 19:00:17,516 - INFO - Saved: webcam_snapshot_20250902_190016.png | Size: 1.5MB
2025-09-02 19:00:17,517 - INFO - Captures: 48 | Remaining: 29053s | Restarts: 1
2025-09-02 19:05:18,061 - INFO - Saved: webcam_snapshot_20250902_190517.png | Size: 1.3MB
2025-09-02 19:05:18,061 - INFO - Captures: 49 | Remaining: 28753s | Restarts: 1
2025-09-02 19:10:18,795 - INFO - Saved: webcam_snapshot_20250902_191018.png | Size: 2.0MB
2025-09-02 19:10:18,795 - INFO - Captures: 50 | Remaining: 28452s | Restarts: 1
2025-09-02 19:15:19,480 - INFO - Saved: webcam_snapshot_20250902_191518.png | Size: 1.8MB
2025-09-02 19:15:19,480 - INFO - Captures: 51 | Remaining: 28151s | Restarts: 1
2025-09-02 19:20:20,116 - INFO - Saved: webcam_snapshot_20250902_192019.png | Size: 1.7MB
2025-09-02 19:20:20,117 - INFO - Captures: 52 | Remaining: 27851s | Restarts: 1
2025-09-02 19:25:20,746 - INFO - Saved: webcam_snapshot_20250902_192520.png | Size: 1.7MB
2025-09-02 19:25:20,746 - INFO - Captures: 53 | Remaining: 27550s | Restarts: 1
2025-09-02 19:30:21,272 - INFO - Saved: webcam_snapshot_20250902_193020.png | Size: 1.4MB
2025-09-02 19:30:21,273 - INFO - Captures: 54 | Remaining: 27250s | Restarts: 1
2025-09-02 19:35:21,817 - INFO - Saved: webcam_snapshot_20250902_193521.png | Size: 1.5MB
2025-09-02 19:35:21,818 - INFO - Captures: 55 | Remaining: 26949s | Restarts: 1
2025-09-02 19:40:22,085 - WARNING - Browser session died, restarting...
2025-09-02 19:40:22,094 - INFO - Using browser binary: /usr/bin/chromium-browser
2025-09-02 19:40:23,197 - INFO - Chrome driver initialized successfully (session: 5b889e30e97712f3c50690c8c762e0fe)
2025-09-02 19:40:23,197 - INFO - Loading webcam URL: https://share.earthcam.net/tJ90CoLmq7TzrY396Yd88M3ySv9LnAn8E0UsZn2nKhs!/hilton_waikiki_beach/camera/live
2025-09-02 19:40:25,089 - INFO - Found video/canvas element
2025-09-02 19:40:28,089 - INFO - Page loaded successfully
2025-09-02 19:40:28,720 - INFO - Saved: webcam_snapshot_20250902_194021.png | Size: 1.8MB
2025-09-02 19:40:28,720 - INFO - Captures: 56 | Remaining: 26642s | Restarts: 1
2025-09-02 19:45:29,437 - INFO - Saved: webcam_snapshot_20250902_194528.png | Size: 1.9MB
2025-09-02 19:45:29,438 - INFO - Captures: 57 | Remaining: 26341s | Restarts: 1
2025-09-02 19:50:30,116 - INFO - Saved: webcam_snapshot_20250902_195029.png | Size: 1.8MB
2025-09-02 19:50:30,116 - INFO - Captures: 58 | Remaining: 26041s | Restarts: 1
2025-09-02 19:55:30,732 - INFO - Saved: webcam_snapshot_20250902_195530.png | Size: 1.7MB
2025-09-02 19:55:30,732 - INFO - Captures: 59 | Remaining: 25740s | Restarts: 1
2025-09-02 20:00:31,227 - INFO - Saved: webcam_snapshot_20250902_200030.png | Size: 1.0MB
2025-09-02 20:00:31,228 - INFO - Captures: 60 | Remaining: 25440s | Restarts: 1
2025-09-02 20:05:31,709 - INFO - Saved: webcam_snapshot_20250902_200531.png | Size: 1.1MB
2025-09-02 20:05:31,709 - INFO - Captures: 61 | Remaining: 25139s | Restarts: 1
2025-09-02 20:10:32,267 - INFO - Saved: webcam_snapshot_20250902_201031.png | Size: 1.5MB
2025-09-02 20:10:32,267 - INFO - Captures: 62 | Remaining: 24839s | Restarts: 1
2025-09-02 20:15:32,856 - INFO - Saved: webcam_snapshot_20250902_201532.png | Size: 1.8MB
2025-09-02 20:15:32,856 - INFO - Captures: 63 | Remaining: 24538s | Restarts: 1
2025-09-02 20:20:33,478 - INFO - Saved: webcam_snapshot_20250902_202032.png | Size: 1.8MB
2025-09-02 20:20:33,479 - INFO - Captures: 64 | Remaining: 24237s | Restarts: 1
2025-09-02 20:25:34,081 - INFO - Saved: webcam_snapshot_20250902_202533.png | Size: 1.8MB
2025-09-02 20:25:34,082 - INFO - Captures: 65 | Remaining: 23937s | Restarts: 1
2025-09-02 20:30:34,649 - INFO - Saved: webcam_snapshot_20250902_203034.png | Size: 1.5MB
2025-09-02 20:30:34,650 - INFO - Captures: 66 | Remaining: 23636s | Restarts: 1
2025-09-02 20:35:35,212 - INFO - Saved: webcam_snapshot_20250902_203534.png | Size: 1.5MB
2025-09-02 20:35:35,212 - INFO - Captures: 67 | Remaining: 23336s | Restarts: 1
2025-09-02 20:40:35,774 - INFO - Saved: webcam_snapshot_20250902_204035.png | Size: 1.6MB
2025-09-02 20:40:35,774 - INFO - Captures: 68 | Remaining: 23035s | Restarts: 1
2025-09-02 20:45:36,411 - INFO - Saved: webcam_snapshot_20250902_204535.png | Size: 1.9MB
2025-09-02 20:45:36,412 - INFO - Captures: 69 | Remaining: 22734s | Restarts: 1
2025-09-02 20:50:37,075 - INFO - Saved: webcam_snapshot_20250902_205036.png | Size: 2.0MB
2025-09-02 20:50:37,076 - INFO - Captures: 70 | Remaining: 22434s | Restarts: 1
2025-09-02 20:55:37,741 - INFO - Saved: webcam_snapshot_20250902_205537.png | Size: 1.9MB
2025-09-02 20:55:37,741 - INFO - Captures: 71 | Remaining: 22133s | Restarts: 1
2025-09-02 21:00:38,369 - INFO - Saved: webcam_snapshot_20250902_210037.png | Size: 1.9MB
2025-09-02 21:00:38,369 - INFO - Captures: 72 | Remaining: 21833s | Restarts: 1
2025-09-02 21:05:39,081 - INFO - Saved: webcam_snapshot_20250902_210538.png | Size: 2.1MB
2025-09-02 21:05:39,082 - INFO - Captures: 73 | Remaining: 21532s | Restarts: 1
2025-09-02 21:10:39,739 - INFO - Saved: webcam_snapshot_20250902_211039.png | Size: 1.9MB
2025-09-02 21:10:39,739 - INFO - Captures: 74 | Remaining: 21231s | Restarts: 1
2025-09-02 21:15:40,601 - INFO - Saved: webcam_snapshot_20250902_211539.png | Size: 2.1MB
2025-09-02 21:15:40,603 - INFO - Captures: 75 | Remaining: 20930s | Restarts: 1
2025-09-02 21:20:41,259 - INFO - Saved: webcam_snapshot_20250902_212040.png | Size: 2.0MB
2025-09-02 21:20:41,259 - INFO - Captures: 76 | Remaining: 20630s | Restarts: 1
2025-09-02 21:25:41,946 - INFO - Saved: webcam_snapshot_20250902_212541.png | Size: 2.0MB
2025-09-02 21:25:41,946 - INFO - Captures: 77 | Remaining: 20329s | Restarts: 1
2025-09-02 21:30:42,605 - INFO - Saved: webcam_snapshot_20250902_213041.png | Size: 2.1MB
2025-09-02 21:30:42,605 - INFO - Captures: 78 | Remaining: 20028s | Restarts: 1
2025-09-02 21:35:43,298 - INFO - Saved: webcam_snapshot_20250902_213542.png | Size: 2.1MB
2025-09-02 21:35:43,299 - INFO - Captures: 79 | Remaining: 19728s | Restarts: 1
2025-09-02 21:40:43,963 - INFO - Saved: webcam_snapshot_20250902_214043.png | Size: 2.0MB
2025-09-02 21:40:43,965 - INFO - Captures: 80 | Remaining: 19427s | Restarts: 1
2025-09-02 21:45:44,613 - INFO - Saved: webcam_snapshot_20250902_214543.png | Size: 1.9MB
2025-09-02 21:45:44,613 - INFO - Captures: 81 | Remaining: 19126s | Restarts: 1
2025-09-02 21:50:45,263 - INFO - Saved: webcam_snapshot_20250902_215044.png | Size: 2.0MB
2025-09-02 21:50:45,263 - INFO - Captures: 82 | Remaining: 18826s | Restarts: 1
2025-09-02 21:55:45,507 - WARNING - Browser session died, restarting...
2025-09-02 21:55:45,516 - INFO - Using browser binary: /usr/bin/chromium-browser
2025-09-02 21:55:46,652 - INFO - Chrome driver initialized successfully (session: 91008b9eca21bc41ec0c3fb9e62f1baa)
2025-09-02 21:55:46,652 - INFO - Loading webcam URL: https://share.earthcam.net/tJ90CoLmq7TzrY396Yd88M3ySv9LnAn8E0UsZn2nKhs!/hilton_waikiki_beach/camera/live
2025-09-02 21:56:23,947 - WARNING - No video/canvas found, will try screenshot anyway: Message: 

2025-09-02 21:56:26,948 - INFO - Page loaded successfully
2025-09-02 21:56:27,002 - INFO - Saved: webcam_snapshot_20250902_215545.png | Size: 0.0MB
2025-09-02 21:56:27,002 - INFO - Captures: 83 | Remaining: 18484s | Restarts: 1
2025-09-02 22:01:27,072 - INFO - Saved: webcam_snapshot_20250902_220127.png | Size: 0.0MB
2025-09-02 22:01:27,073 - INFO - Captures: 84 | Remaining: 18184s | Restarts: 1
2025-09-02 22:06:27,146 - INFO - Saved: webcam_snapshot_20250902_220627.png | Size: 0.0MB
2025-09-02 22:06:27,147 - INFO - Captures: 85 | Remaining: 17884s | Restarts: 1
2025-09-02 22:11:27,219 - INFO - Saved: webcam_snapshot_20250902_221127.png | Size: 0.0MB
2025-09-02 22:11:27,220 - INFO - Captures: 86 | Remaining: 17584s | Restarts: 1
2025-09-02 22:16:27,285 - INFO - Saved: webcam_snapshot_20250902_221627.png | Size: 0.0MB
2025-09-02 22:16:27,285 - INFO - Captures: 87 | Remaining: 17284s | Restarts: 1
2025-09-02 22:21:27,341 - INFO - Saved: webcam_snapshot_20250902_222127.png | Size: 0.0MB
2025-09-02 22:21:27,341 - INFO - Captures: 88 | Remaining: 16984s | Restarts: 1
2025-09-02 22:26:27,417 - INFO - Saved: webcam_snapshot_20250902_222627.png | Size: 0.0MB
2025-09-02 22:26:27,417 - INFO - Captures: 89 | Remaining: 16683s | Restarts: 1
2025-09-02 22:31:27,482 - INFO - Saved: webcam_snapshot_20250902_223127.png | Size: 0.0MB
2025-09-02 22:31:27,482 - INFO - Captures: 90 | Remaining: 16383s | Restarts: 1
2025-09-02 22:36:27,537 - INFO - Saved: webcam_snapshot_20250902_223627.png | Size: 0.0MB
2025-09-02 22:36:27,537 - INFO - Captures: 91 | Remaining: 16083s | Restarts: 1
2025-09-02 22:41:27,592 - INFO - Saved: webcam_snapshot_20250902_224127.png | Size: 0.0MB
2025-09-02 22:41:27,592 - INFO - Captures: 92 | Remaining: 15783s | Restarts: 1
2025-09-02 22:46:27,663 - INFO - Saved: webcam_snapshot_20250902_224627.png | Size: 0.0MB
2025-09-02 22:46:27,663 - INFO - Captures: 93 | Remaining: 15483s | Restarts: 1
2025-09-02 22:51:27,719 - INFO - Saved: webcam_snapshot_20250902_225127.png | Size: 0.0MB
2025-09-02 22:51:27,719 - INFO - Captures: 94 | Remaining: 15183s | Restarts: 1
2025-09-02 22:56:27,788 - INFO - Saved: webcam_snapshot_20250902_225627.png | Size: 0.0MB
2025-09-02 22:56:27,789 - INFO - Captures: 95 | Remaining: 14883s | Restarts: 1
2025-09-02 23:01:27,843 - INFO - Saved: webcam_snapshot_20250902_230127.png | Size: 0.0MB
2025-09-02 23:01:27,843 - INFO - Captures: 96 | Remaining: 14583s | Restarts: 1
2025-09-02 23:06:27,897 - INFO - Saved: webcam_snapshot_20250902_230627.png | Size: 0.0MB
2025-09-02 23:06:27,898 - INFO - Captures: 97 | Remaining: 14283s | Restarts: 1
2025-09-02 23:11:27,952 - INFO - Saved: webcam_snapshot_20250902_231127.png | Size: 0.0MB
2025-09-02 23:11:27,952 - INFO - Captures: 98 | Remaining: 13983s | Restarts: 1
2025-09-02 23:16:28,006 - INFO - Saved: webcam_snapshot_20250902_231627.png | Size: 0.0MB
2025-09-02 23:16:28,006 - INFO - Captures: 99 | Remaining: 13683s | Restarts: 1
2025-09-02 23:21:28,062 - INFO - Saved: webcam_snapshot_20250902_232128.png | Size: 0.0MB
2025-09-02 23:21:28,062 - INFO - Captures: 100 | Remaining: 13383s | Restarts: 1
2025-09-02 23:26:28,117 - INFO - Saved: webcam_snapshot_20250902_232628.png | Size: 0.0MB
2025-09-02 23:26:28,117 - INFO - Captures: 101 | Remaining: 13083s | Restarts: 1
2025-09-02 23:31:28,170 - INFO - Saved: webcam_snapshot_20250902_233128.png | Size: 0.0MB
2025-09-02 23:31:28,170 - INFO - Captures: 102 | Remaining: 12783s | Restarts: 1
2025-09-02 23:36:28,227 - INFO - Saved: webcam_snapshot_20250902_233628.png | Size: 0.0MB
2025-09-02 23:36:28,227 - INFO - Captures: 103 | Remaining: 12483s | Restarts: 1
2025-09-02 23:41:28,280 - INFO - Saved: webcam_snapshot_20250902_234128.png | Size: 0.0MB
2025-09-02 23:41:28,280 - INFO - Captures: 104 | Remaining: 12183s | Restarts: 1
2025-09-02 23:46:28,336 - INFO - Saved: webcam_snapshot_20250902_234628.png | Size: 0.0MB
2025-09-02 23:46:28,336 - INFO - Captures: 105 | Remaining: 11883s | Restarts: 1
2025-09-02 23:51:28,409 - INFO - Saved: webcam_snapshot_20250902_235128.png | Size: 0.0MB
2025-09-02 23:51:28,409 - INFO - Captures: 106 | Remaining: 11583s | Restarts: 1
2025-09-02 23:56:28,483 - INFO - Saved: webcam_snapshot_20250902_235628.png | Size: 0.0MB
2025-09-02 23:56:28,483 - INFO - Captures: 107 | Remaining: 11282s | Restarts: 1
2025-09-03 00:01:28,563 - INFO - Saved: webcam_snapshot_20250903_000128.png | Size: 0.0MB
2025-09-03 00:01:28,564 - INFO - Captures: 108 | Remaining: 10982s | Restarts: 1
2025-09-03 00:06:28,626 - INFO - Saved: webcam_snapshot_20250903_000628.png | Size: 0.0MB
2025-09-03 00:06:28,626 - INFO - Captures: 109 | Remaining: 10682s | Restarts: 1
2025-09-03 00:11:28,693 - INFO - Saved: webcam_snapshot_20250903_001128.png | Size: 0.0MB
2025-09-03 00:11:28,693 - INFO - Captures: 110 | Remaining: 10382s | Restarts: 1
2025-09-03 00:16:28,747 - INFO - Saved: webcam_snapshot_20250903_001628.png | Size: 0.0MB
2025-09-03 00:16:28,747 - INFO - Captures: 111 | Remaining: 10082s | Restarts: 1
2025-09-03 00:21:28,801 - INFO - Saved: webcam_snapshot_20250903_002128.png | Size: 0.0MB
2025-09-03 00:21:28,801 - INFO - Captures: 112 | Remaining: 9782s | Restarts: 1
2025-09-03 00:26:28,857 - INFO - Saved: webcam_snapshot_20250903_002628.png | Size: 0.0MB
2025-09-03 00:26:28,857 - INFO - Captures: 113 | Remaining: 9482s | Restarts: 1
2025-09-03 00:31:28,928 - INFO - Saved: webcam_snapshot_20250903_003128.png | Size: 0.0MB
2025-09-03 00:31:28,929 - INFO - Captures: 114 | Remaining: 9182s | Restarts: 1
2025-09-03 00:36:29,000 - INFO - Saved: webcam_snapshot_20250903_003628.png | Size: 0.0MB
2025-09-03 00:36:29,000 - INFO - Captures: 115 | Remaining: 8882s | Restarts: 1
2025-09-03 00:41:29,071 - INFO - Saved: webcam_snapshot_20250903_004129.png | Size: 0.0MB
2025-09-03 00:41:29,071 - INFO - Captures: 116 | Remaining: 8582s | Restarts: 1
2025-09-03 00:46:29,126 - INFO - Saved: webcam_snapshot_20250903_004629.png | Size: 0.0MB
2025-09-03 00:46:29,126 - INFO - Captures: 117 | Remaining: 8282s | Restarts: 1
2025-09-03 00:51:29,196 - INFO - Saved: webcam_snapshot_20250903_005129.png | Size: 0.0MB
2025-09-03 00:51:29,196 - INFO - Captures: 118 | Remaining: 7982s | Restarts: 1
2025-09-03 00:56:29,251 - INFO - Saved: webcam_snapshot_20250903_005629.png | Size: 0.0MB
2025-09-03 00:56:29,251 - INFO - Captures: 119 | Remaining: 7682s | Restarts: 1
2025-09-03 01:01:29,306 - INFO - Saved: webcam_snapshot_20250903_010129.png | Size: 0.0MB
2025-09-03 01:01:29,307 - INFO - Captures: 120 | Remaining: 7382s | Restarts: 1
2025-09-03 01:06:29,380 - INFO - Saved: webcam_snapshot_20250903_010629.png | Size: 0.0MB
2025-09-03 01:06:29,380 - INFO - Captures: 121 | Remaining: 7082s | Restarts: 1
2025-09-03 01:11:29,459 - INFO - Saved: webcam_snapshot_20250903_011129.png | Size: 0.0MB
2025-09-03 01:11:29,459 - INFO - Captures: 122 | Remaining: 6781s | Restarts: 1
2025-09-03 01:16:29,530 - INFO - Saved: webcam_snapshot_20250903_011629.png | Size: 0.0MB
2025-09-03 01:16:29,530 - INFO - Captures: 123 | Remaining: 6481s | Restarts: 1
2025-09-03 01:21:29,591 - INFO - Saved: webcam_snapshot_20250903_012129.png | Size: 0.0MB
2025-09-03 01:21:29,592 - INFO - Captures: 124 | Remaining: 6181s | Restarts: 1
2025-09-03 01:26:29,662 - INFO - Saved: webcam_snapshot_20250903_012629.png | Size: 0.0MB
2025-09-03 01:26:29,662 - INFO - Captures: 125 | Remaining: 5881s | Restarts: 1
2025-09-03 01:31:29,723 - INFO - Saved: webcam_snapshot_20250903_013129.png | Size: 0.0MB
2025-09-03 01:31:29,724 - INFO - Captures: 126 | Remaining: 5581s | Restarts: 1
2025-09-03 01:36:29,815 - INFO - Saved: webcam_snapshot_20250903_013629.png | Size: 0.0MB
2025-09-03 01:36:29,815 - INFO - Captures: 127 | Remaining: 5281s | Restarts: 1
2025-09-03 01:41:29,876 - INFO - Saved: webcam_snapshot_20250903_014129.png | Size: 0.0MB
2025-09-03 01:41:29,876 - INFO - Captures: 128 | Remaining: 4981s | Restarts: 1
2025-09-03 01:46:29,932 - INFO - Saved: webcam_snapshot_20250903_014629.png | Size: 0.0MB
2025-09-03 01:46:29,932 - INFO - Captures: 129 | Remaining: 4681s | Restarts: 1
2025-09-03 01:51:30,003 - INFO - Saved: webcam_snapshot_20250903_015129.png | Size: 0.0MB
2025-09-03 01:51:30,003 - INFO - Captures: 130 | Remaining: 4381s | Restarts: 1
2025-09-03 01:56:30,077 - INFO - Saved: webcam_snapshot_20250903_015630.png | Size: 0.0MB
2025-09-03 01:56:30,077 - INFO - Captures: 131 | Remaining: 4081s | Restarts: 1
2025-09-03 02:01:30,147 - INFO - Saved: webcam_snapshot_20250903_020130.png | Size: 0.0MB
2025-09-03 02:01:30,147 - INFO - Captures: 132 | Remaining: 3781s | Restarts: 1
2025-09-03 02:06:30,218 - INFO - Saved: webcam_snapshot_20250903_020630.png | Size: 0.0MB
2025-09-03 02:06:30,218 - INFO - Captures: 133 | Remaining: 3481s | Restarts: 1
2025-09-03 02:11:30,288 - INFO - Saved: webcam_snapshot_20250903_021130.png | Size: 0.0MB
2025-09-03 02:11:30,288 - INFO - Captures: 134 | Remaining: 3181s | Restarts: 1
2025-09-03 02:16:30,344 - INFO - Saved: webcam_snapshot_20250903_021630.png | Size: 0.0MB
2025-09-03 02:16:30,344 - INFO - Captures: 135 | Remaining: 2881s | Restarts: 1
2025-09-03 02:21:30,412 - INFO - Saved: webcam_snapshot_20250903_022130.png | Size: 0.0MB
2025-09-03 02:21:30,412 - INFO - Captures: 136 | Remaining: 2580s | Restarts: 1
2025-09-03 02:26:30,488 - INFO - Saved: webcam_snapshot_20250903_022630.png | Size: 0.0MB
2025-09-03 02:26:30,488 - INFO - Captures: 137 | Remaining: 2280s | Restarts: 1
2025-09-03 02:31:30,561 - INFO - Saved: webcam_snapshot_20250903_023130.png | Size: 0.0MB
2025-09-03 02:31:30,561 - INFO - Captures: 138 | Remaining: 1980s | Restarts: 1
2025-09-03 02:36:30,629 - INFO - Saved: webcam_snapshot_20250903_023630.png | Size: 0.0MB
2025-09-03 02:36:30,629 - INFO - Captures: 139 | Remaining: 1680s | Restarts: 1
2025-09-03 02:41:30,699 - INFO - Saved: webcam_snapshot_20250903_024130.png | Size: 0.0MB
2025-09-03 02:41:30,699 - INFO - Captures: 140 | Remaining: 1380s | Restarts: 1
2025-09-03 02:46:30,754 - INFO - Saved: webcam_snapshot_20250903_024630.png | Size: 0.0MB
2025-09-03 02:46:30,755 - INFO - Captures: 141 | Remaining: 1080s | Restarts: 1
2025-09-03 02:51:30,825 - INFO - Saved: webcam_snapshot_20250903_025130.png | Size: 0.0MB
2025-09-03 02:51:30,825 - INFO - Captures: 142 | Remaining: 780s | Restarts: 1
2025-09-03 02:56:30,879 - INFO - Saved: webcam_snapshot_20250903_025630.png | Size: 0.0MB
2025-09-03 02:56:30,879 - INFO - Captures: 143 | Remaining: 480s | Restarts: 1
2025-09-03 03:01:30,933 - INFO - Saved: webcam_snapshot_20250903_030130.png | Size: 0.0MB
2025-09-03 03:01:30,933 - INFO - Captures: 144 | Remaining: 180s | Restarts: 1
2025-09-03 03:06:30,934 - INFO - Maximum runtime reached. Captured 144 images.
2025-09-03 03:06:31,032 - INFO - Browser closed
