nohup: ignoring input
2025-09-11 17:01:53,182 - INFO - Starting webcam capture for https://www.nps.gov/media/webcam/view.htm?id=56F5E0DC-9116-8502-7F673D0FF0B8378A
2025-09-11 17:01:53,183 - INFO - Python version: 3.12.3 (main, Aug 14 2025, 17:47:21) [GCC 13.3.0]
2025-09-11 17:01:53,183 - INFO - Using browser binary: /usr/bin/chromium-browser
2025-09-11 17:01:55,473 - INFO - Chrome driver initialized successfully (session: b240a19c03a0f678e59034b5c2909bb6)
2025-09-11 17:01:55,473 - INFO - Loading webcam URL: https://www.nps.gov/media/webcam/view.htm?id=56F5E0DC-9116-8502-7F673D0FF0B8378A
2025-09-11 17:02:26,653 - WARNING - No video/canvas found, will try screenshot anyway: Message: 

2025-09-11 17:02:29,654 - INFO - Page loaded successfully
2025-09-11 17:02:29,654 - INFO - Capturing every 1800.0 seconds
2025-09-11 17:02:29,654 - INFO - Will run for 604800 seconds
2025-09-11 17:02:29,654 - INFO - Saving to: /home/exouser/cv/images/www.nps.gov
2025-09-11 17:02:29,654 - INFO - Logging to: /home/exouser/cv/webcam_capture.log
2025-09-11 17:02:29,654 - INFO - Performing scheduled browser restart
2025-09-11 17:02:30,749 - INFO - Saved: webcam_snapshot_20250911_170229.png | Size: 1.1MB
2025-09-11 17:02:30,750 - INFO - Captures: 1 | Remaining: 604762s | Restarts: 1
2025-09-11 17:32:31,665 - INFO - Saved: webcam_snapshot_20250911_173230.png | Size: 1.1MB
2025-09-11 17:32:31,666 - INFO - Captures: 2 | Remaining: 602962s | Restarts: 1
2025-09-11 18:02:32,544 - INFO - Saved: webcam_snapshot_20250911_180231.png | Size: 1.2MB
2025-09-11 18:02:32,544 - INFO - Captures: 3 | Remaining: 601161s | Restarts: 1
2025-09-11 18:32:33,411 - INFO - Saved: webcam_snapshot_20250911_183232.png | Size: 1.2MB
2025-09-11 18:32:33,412 - INFO - Captures: 4 | Remaining: 599360s | Restarts: 1
2025-09-11 19:02:34,300 - INFO - Saved: webcam_snapshot_20250911_190233.png | Size: 1.1MB
2025-09-11 19:02:34,301 - INFO - Captures: 5 | Remaining: 597559s | Restarts: 1
2025-09-11 19:32:35,161 - INFO - Saved: webcam_snapshot_20250911_193234.png | Size: 1.2MB
2025-09-11 19:32:35,162 - INFO - Captures: 6 | Remaining: 595758s | Restarts: 1
2025-09-11 20:02:36,042 - INFO - Saved: webcam_snapshot_20250911_200235.png | Size: 1.0MB
2025-09-11 20:02:36,043 - INFO - Captures: 7 | Remaining: 593957s | Restarts: 1
2025-09-11 20:32:36,880 - INFO - Saved: webcam_snapshot_20250911_203236.png | Size: 0.9MB
2025-09-11 20:32:36,881 - INFO - Captures: 8 | Remaining: 592156s | Restarts: 1
2025-09-11 21:02:37,771 - INFO - Saved: webcam_snapshot_20250911_210236.png | Size: 0.9MB
2025-09-11 21:02:37,772 - INFO - Captures: 9 | Remaining: 590355s | Restarts: 1
2025-09-11 21:32:38,616 - INFO - Saved: webcam_snapshot_20250911_213237.png | Size: 1.0MB
2025-09-11 21:32:38,617 - INFO - Captures: 10 | Remaining: 588555s | Restarts: 1
2025-09-11 22:02:39,408 - INFO - Saved: webcam_snapshot_20250911_220238.png | Size: 0.8MB
2025-09-11 22:02:39,409 - INFO - Captures: 11 | Remaining: 586754s | Restarts: 1
2025-09-11 22:32:40,247 - INFO - Saved: webcam_snapshot_20250911_223239.png | Size: 0.7MB
2025-09-11 22:32:40,248 - INFO - Captures: 12 | Remaining: 584953s | Restarts: 1
2025-09-11 23:02:41,128 - INFO - Saved: webcam_snapshot_20250911_230240.png | Size: 1.0MB
2025-09-11 23:02:41,129 - INFO - Captures: 13 | Remaining: 583152s | Restarts: 1
2025-09-11 23:32:42,032 - INFO - Saved: webcam_snapshot_20250911_233241.png | Size: 1.2MB
2025-09-11 23:32:42,033 - INFO - Captures: 14 | Remaining: 581351s | Restarts: 1
2025-09-12 00:02:42,832 - INFO - Saved: webcam_snapshot_20250912_000242.png | Size: 0.8MB
2025-09-12 00:02:42,833 - INFO - Captures: 15 | Remaining: 579550s | Restarts: 1
2025-09-12 00:32:43,713 - INFO - Saved: webcam_snapshot_20250912_003242.png | Size: 1.3MB
2025-09-12 00:32:43,714 - INFO - Captures: 16 | Remaining: 577749s | Restarts: 1
2025-09-12 01:02:44,601 - INFO - Saved: webcam_snapshot_20250912_010243.png | Size: 1.3MB
2025-09-12 01:02:44,601 - INFO - Captures: 17 | Remaining: 575949s | Restarts: 1
2025-09-12 01:32:45,481 - INFO - Saved: webcam_snapshot_20250912_013244.png | Size: 1.1MB
2025-09-12 01:32:45,482 - INFO - Captures: 18 | Remaining: 574148s | Restarts: 1
2025-09-12 02:02:46,366 - INFO - Saved: webcam_snapshot_20250912_020245.png | Size: 1.1MB
2025-09-12 02:02:46,366 - INFO - Captures: 19 | Remaining: 572347s | Restarts: 1
2025-09-12 02:32:47,182 - INFO - Saved: webcam_snapshot_20250912_023246.png | Size: 1.1MB
2025-09-12 02:32:47,182 - INFO - Captures: 20 | Remaining: 570546s | Restarts: 1
2025-09-12 03:02:47,995 - INFO - Saved: webcam_snapshot_20250912_030247.png | Size: 1.1MB
2025-09-12 03:02:47,995 - INFO - Captures: 21 | Remaining: 568745s | Restarts: 1
2025-09-12 03:32:48,795 - INFO - Saved: webcam_snapshot_20250912_033247.png | Size: 1.0MB
2025-09-12 03:32:48,795 - INFO - Captures: 22 | Remaining: 566944s | Restarts: 1
2025-09-12 04:02:49,648 - INFO - Saved: webcam_snapshot_20250912_040248.png | Size: 1.1MB
2025-09-12 04:02:49,649 - INFO - Captures: 23 | Remaining: 565144s | Restarts: 1
2025-09-12 04:32:50,560 - INFO - Saved: webcam_snapshot_20250912_043249.png | Size: 1.4MB
2025-09-12 04:32:50,560 - INFO - Captures: 24 | Remaining: 563343s | Restarts: 1
2025-09-12 05:02:50,562 - INFO - Performing scheduled browser restart
2025-09-12 05:02:51,478 - INFO - Saved: webcam_snapshot_20250912_050250.png | Size: 1.0MB
2025-09-12 05:02:51,479 - INFO - Captures: 25 | Remaining: 561542s | Restarts: 2
2025-09-12 05:32:52,418 - INFO - Saved: webcam_snapshot_20250912_053251.png | Size: 0.7MB
2025-09-12 05:32:52,419 - INFO - Captures: 26 | Remaining: 559741s | Restarts: 2
2025-09-12 06:02:53,244 - INFO - Saved: webcam_snapshot_20250912_060252.png | Size: 0.7MB
2025-09-12 06:02:53,245 - INFO - Captures: 27 | Remaining: 557940s | Restarts: 2
2025-09-12 06:32:54,058 - INFO - Saved: webcam_snapshot_20250912_063253.png | Size: 0.7MB
2025-09-12 06:32:54,060 - INFO - Captures: 28 | Remaining: 556139s | Restarts: 2
2025-09-12 07:02:54,962 - INFO - Saved: webcam_snapshot_20250912_070254.png | Size: 0.7MB
2025-09-12 07:02:54,963 - INFO - Captures: 29 | Remaining: 554338s | Restarts: 2
2025-09-12 07:32:55,852 - INFO - Saved: webcam_snapshot_20250912_073254.png | Size: 0.7MB
2025-09-12 07:32:55,853 - INFO - Captures: 30 | Remaining: 552537s | Restarts: 2
2025-09-12 08:02:56,717 - INFO - Saved: webcam_snapshot_20250912_080255.png | Size: 0.7MB
2025-09-12 08:02:56,719 - INFO - Captures: 31 | Remaining: 550736s | Restarts: 2
2025-09-12 08:32:57,594 - INFO - Saved: webcam_snapshot_20250912_083256.png | Size: 0.7MB
2025-09-12 08:32:57,595 - INFO - Captures: 32 | Remaining: 548936s | Restarts: 2
2025-09-12 09:02:58,438 - INFO - Saved: webcam_snapshot_20250912_090257.png | Size: 0.7MB
2025-09-12 09:02:58,439 - INFO - Captures: 33 | Remaining: 547135s | Restarts: 2
2025-09-12 09:32:59,310 - INFO - Saved: webcam_snapshot_20250912_093258.png | Size: 0.7MB
2025-09-12 09:32:59,311 - INFO - Captures: 34 | Remaining: 545334s | Restarts: 2
2025-09-12 10:03:00,163 - INFO - Saved: webcam_snapshot_20250912_100259.png | Size: 0.7MB
2025-09-12 10:03:00,164 - INFO - Captures: 35 | Remaining: 543533s | Restarts: 2
2025-09-12 10:33:00,998 - INFO - Saved: webcam_snapshot_20250912_103300.png | Size: 0.7MB
2025-09-12 10:33:00,999 - INFO - Captures: 36 | Remaining: 541732s | Restarts: 2
2025-09-12 11:03:01,830 - INFO - Saved: webcam_snapshot_20250912_110301.png | Size: 0.7MB
2025-09-12 11:03:01,831 - INFO - Captures: 37 | Remaining: 539931s | Restarts: 2
2025-09-12 11:33:02,694 - INFO - Saved: webcam_snapshot_20250912_113301.png | Size: 0.8MB
2025-09-12 11:33:02,694 - INFO - Captures: 38 | Remaining: 538130s | Restarts: 2
2025-09-12 12:03:03,527 - INFO - Saved: webcam_snapshot_20250912_120302.png | Size: 0.8MB
2025-09-12 12:03:03,527 - INFO - Captures: 39 | Remaining: 536330s | Restarts: 2
2025-09-12 12:33:04,371 - INFO - Saved: webcam_snapshot_20250912_123303.png | Size: 0.8MB
2025-09-12 12:33:04,371 - INFO - Captures: 40 | Remaining: 534529s | Restarts: 2
2025-09-12 13:03:05,215 - INFO - Saved: webcam_snapshot_20250912_130304.png | Size: 0.8MB
2025-09-12 13:03:05,216 - INFO - Captures: 41 | Remaining: 532728s | Restarts: 2
2025-09-12 13:33:06,060 - INFO - Saved: webcam_snapshot_20250912_133305.png | Size: 0.8MB
2025-09-12 13:33:06,060 - INFO - Captures: 42 | Remaining: 530927s | Restarts: 2
2025-09-12 14:03:06,928 - INFO - Saved: webcam_snapshot_20250912_140306.png | Size: 0.8MB
2025-09-12 14:03:06,930 - INFO - Captures: 43 | Remaining: 529126s | Restarts: 2
2025-09-12 14:33:07,759 - INFO - Saved: webcam_snapshot_20250912_143306.png | Size: 0.8MB
2025-09-12 14:33:07,759 - INFO - Captures: 44 | Remaining: 527325s | Restarts: 2
2025-09-12 15:03:08,576 - INFO - Saved: webcam_snapshot_20250912_150307.png | Size: 0.6MB
2025-09-12 15:03:08,577 - INFO - Captures: 45 | Remaining: 525525s | Restarts: 2
2025-09-12 15:33:09,464 - INFO - Saved: webcam_snapshot_20250912_153308.png | Size: 1.0MB
2025-09-12 15:33:09,465 - INFO - Captures: 46 | Remaining: 523724s | Restarts: 2
2025-09-12 16:03:10,301 - INFO - Saved: webcam_snapshot_20250912_160309.png | Size: 1.2MB
2025-09-12 16:03:10,301 - INFO - Captures: 47 | Remaining: 521923s | Restarts: 2
2025-09-12 16:33:11,209 - INFO - Saved: webcam_snapshot_20250912_163310.png | Size: 1.2MB
2025-09-12 16:33:11,210 - INFO - Captures: 48 | Remaining: 520122s | Restarts: 2
2025-09-12 17:03:11,211 - INFO - Performing scheduled browser restart
2025-09-12 17:03:12,149 - INFO - Saved: webcam_snapshot_20250912_170311.png | Size: 1.2MB
2025-09-12 17:03:12,149 - INFO - Captures: 49 | Remaining: 518321s | Restarts: 3
2025-09-12 17:33:13,029 - INFO - Saved: webcam_snapshot_20250912_173312.png | Size: 1.3MB
2025-09-12 17:33:13,032 - INFO - Captures: 50 | Remaining: 516520s | Restarts: 3
2025-09-12 18:03:13,901 - INFO - Saved: webcam_snapshot_20250912_180313.png | Size: 1.2MB
2025-09-12 18:03:13,901 - INFO - Captures: 51 | Remaining: 514719s | Restarts: 3
2025-09-12 18:33:14,790 - INFO - Saved: webcam_snapshot_20250912_183313.png | Size: 1.2MB
2025-09-12 18:33:14,791 - INFO - Captures: 52 | Remaining: 512918s | Restarts: 3
2025-09-12 19:03:15,608 - INFO - Saved: webcam_snapshot_20250912_190314.png | Size: 1.2MB
2025-09-12 19:03:15,609 - INFO - Captures: 53 | Remaining: 511118s | Restarts: 3
2025-09-12 19:33:16,459 - INFO - Saved: webcam_snapshot_20250912_193315.png | Size: 1.3MB
2025-09-12 19:33:16,459 - INFO - Captures: 54 | Remaining: 509317s | Restarts: 3
2025-09-12 20:03:17,298 - INFO - Saved: webcam_snapshot_20250912_200316.png | Size: 1.3MB
2025-09-12 20:03:17,299 - INFO - Captures: 55 | Remaining: 507516s | Restarts: 3
2025-09-12 20:33:18,120 - INFO - Saved: webcam_snapshot_20250912_203317.png | Size: 1.3MB
2025-09-12 20:33:18,120 - INFO - Captures: 56 | Remaining: 505715s | Restarts: 3
2025-09-12 21:03:18,969 - INFO - Saved: webcam_snapshot_20250912_210318.png | Size: 1.3MB
2025-09-12 21:03:18,970 - INFO - Captures: 57 | Remaining: 503914s | Restarts: 3
2025-09-12 21:33:19,823 - INFO - Saved: webcam_snapshot_20250912_213318.png | Size: 1.4MB
2025-09-12 21:33:19,823 - INFO - Captures: 58 | Remaining: 502113s | Restarts: 3
2025-09-12 22:03:20,668 - INFO - Saved: webcam_snapshot_20250912_220319.png | Size: 1.4MB
2025-09-12 22:03:20,669 - INFO - Captures: 59 | Remaining: 500313s | Restarts: 3
2025-09-12 22:33:21,531 - INFO - Saved: webcam_snapshot_20250912_223320.png | Size: 1.4MB
2025-09-12 22:33:21,532 - INFO - Captures: 60 | Remaining: 498512s | Restarts: 3
2025-09-12 23:03:22,365 - INFO - Saved: webcam_snapshot_20250912_230321.png | Size: 1.3MB
2025-09-12 23:03:22,366 - INFO - Captures: 61 | Remaining: 496711s | Restarts: 3
2025-09-12 23:33:23,274 - INFO - Saved: webcam_snapshot_20250912_233322.png | Size: 1.4MB
2025-09-12 23:33:23,274 - INFO - Captures: 62 | Remaining: 494910s | Restarts: 3
2025-09-13 00:03:24,168 - INFO - Saved: webcam_snapshot_20250913_000323.png | Size: 1.4MB
2025-09-13 00:03:24,169 - INFO - Captures: 63 | Remaining: 493109s | Restarts: 3
2025-09-13 00:33:25,047 - INFO - Saved: webcam_snapshot_20250913_003324.png | Size: 1.4MB
2025-09-13 00:33:25,048 - INFO - Captures: 64 | Remaining: 491308s | Restarts: 3
2025-09-13 01:03:25,939 - INFO - Saved: webcam_snapshot_20250913_010325.png | Size: 1.3MB
2025-09-13 01:03:25,939 - INFO - Captures: 65 | Remaining: 489507s | Restarts: 3
2025-09-13 01:33:26,857 - INFO - Saved: webcam_snapshot_20250913_013325.png | Size: 1.3MB
2025-09-13 01:33:26,858 - INFO - Captures: 66 | Remaining: 487706s | Restarts: 3
2025-09-13 02:03:27,800 - INFO - Saved: webcam_snapshot_20250913_020326.png | Size: 1.3MB
2025-09-13 02:03:27,800 - INFO - Captures: 67 | Remaining: 485905s | Restarts: 3
2025-09-13 02:33:28,662 - INFO - Saved: webcam_snapshot_20250913_023327.png | Size: 1.3MB
2025-09-13 02:33:28,662 - INFO - Captures: 68 | Remaining: 484105s | Restarts: 3
2025-09-13 03:03:29,472 - INFO - Saved: webcam_snapshot_20250913_030328.png | Size: 1.2MB
2025-09-13 03:03:29,472 - INFO - Captures: 69 | Remaining: 482304s | Restarts: 3
2025-09-13 03:33:30,375 - INFO - Saved: webcam_snapshot_20250913_033329.png | Size: 1.1MB
2025-09-13 03:33:30,375 - INFO - Captures: 70 | Remaining: 480503s | Restarts: 3
2025-09-13 04:03:31,205 - INFO - Saved: webcam_snapshot_20250913_040330.png | Size: 1.1MB
2025-09-13 04:03:31,206 - INFO - Captures: 71 | Remaining: 478702s | Restarts: 3
2025-09-13 04:33:31,999 - INFO - Saved: webcam_snapshot_20250913_043331.png | Size: 1.0MB
2025-09-13 04:33:31,999 - INFO - Captures: 72 | Remaining: 476901s | Restarts: 3
2025-09-13 05:03:32,000 - INFO - Performing scheduled browser restart
2025-09-13 05:03:32,851 - INFO - Saved: webcam_snapshot_20250913_050332.png | Size: 0.8MB
2025-09-13 05:03:32,851 - INFO - Captures: 73 | Remaining: 475100s | Restarts: 4
2025-09-13 05:33:33,699 - INFO - Saved: webcam_snapshot_20250913_053332.png | Size: 0.7MB
2025-09-13 05:33:33,699 - INFO - Captures: 74 | Remaining: 473299s | Restarts: 4
2025-09-13 06:03:34,565 - INFO - Saved: webcam_snapshot_20250913_060333.png | Size: 0.7MB
2025-09-13 06:03:34,565 - INFO - Captures: 75 | Remaining: 471499s | Restarts: 4
2025-09-13 06:33:35,393 - INFO - Saved: webcam_snapshot_20250913_063334.png | Size: 0.7MB
2025-09-13 06:33:35,393 - INFO - Captures: 76 | Remaining: 469698s | Restarts: 4
2025-09-13 07:03:36,213 - INFO - Saved: webcam_snapshot_20250913_070335.png | Size: 0.7MB
2025-09-13 07:03:36,214 - INFO - Captures: 77 | Remaining: 467897s | Restarts: 4
2025-09-13 07:33:37,085 - INFO - Saved: webcam_snapshot_20250913_073336.png | Size: 0.7MB
2025-09-13 07:33:37,085 - INFO - Captures: 78 | Remaining: 466096s | Restarts: 4
2025-09-13 08:03:37,936 - INFO - Saved: webcam_snapshot_20250913_080337.png | Size: 0.7MB
2025-09-13 08:03:37,937 - INFO - Captures: 79 | Remaining: 464295s | Restarts: 4
2025-09-13 08:33:38,799 - INFO - Saved: webcam_snapshot_20250913_083337.png | Size: 0.7MB
2025-09-13 08:33:38,800 - INFO - Captures: 80 | Remaining: 462494s | Restarts: 4
2025-09-13 09:03:39,659 - INFO - Saved: webcam_snapshot_20250913_090338.png | Size: 0.8MB
2025-09-13 09:03:39,660 - INFO - Captures: 81 | Remaining: 460694s | Restarts: 4
2025-09-13 09:33:40,475 - INFO - Saved: webcam_snapshot_20250913_093339.png | Size: 0.7MB
2025-09-13 09:33:40,476 - INFO - Captures: 82 | Remaining: 458893s | Restarts: 4
2025-09-13 10:03:41,294 - INFO - Saved: webcam_snapshot_20250913_100340.png | Size: 0.7MB
2025-09-13 10:03:41,295 - INFO - Captures: 83 | Remaining: 457092s | Restarts: 4
2025-09-13 10:33:42,118 - INFO - Saved: webcam_snapshot_20250913_103341.png | Size: 0.8MB
2025-09-13 10:33:42,119 - INFO - Captures: 84 | Remaining: 455291s | Restarts: 4
2025-09-13 11:03:42,948 - INFO - Saved: webcam_snapshot_20250913_110342.png | Size: 0.7MB
2025-09-13 11:03:42,949 - INFO - Captures: 85 | Remaining: 453490s | Restarts: 4
2025-09-13 11:33:43,804 - INFO - Saved: webcam_snapshot_20250913_113342.png | Size: 0.7MB
2025-09-13 11:33:43,805 - INFO - Captures: 86 | Remaining: 451689s | Restarts: 4
2025-09-13 12:03:44,630 - INFO - Saved: webcam_snapshot_20250913_120343.png | Size: 0.7MB
2025-09-13 12:03:44,630 - INFO - Captures: 87 | Remaining: 449889s | Restarts: 4
2025-09-13 12:33:45,498 - INFO - Saved: webcam_snapshot_20250913_123344.png | Size: 0.7MB
2025-09-13 12:33:45,499 - INFO - Captures: 88 | Remaining: 448088s | Restarts: 4
2025-09-13 13:03:46,340 - INFO - Saved: webcam_snapshot_20250913_130345.png | Size: 0.7MB
2025-09-13 13:03:46,341 - INFO - Captures: 89 | Remaining: 446287s | Restarts: 4
2025-09-13 13:33:47,191 - INFO - Saved: webcam_snapshot_20250913_133346.png | Size: 0.7MB
2025-09-13 13:33:47,191 - INFO - Captures: 90 | Remaining: 444486s | Restarts: 4
2025-09-13 14:03:48,029 - INFO - Saved: webcam_snapshot_20250913_140347.png | Size: 0.7MB
2025-09-13 14:03:48,030 - INFO - Captures: 91 | Remaining: 442685s | Restarts: 4
2025-09-13 14:33:48,902 - INFO - Saved: webcam_snapshot_20250913_143348.png | Size: 0.7MB
2025-09-13 14:33:48,903 - INFO - Captures: 92 | Remaining: 440884s | Restarts: 4
2025-09-13 15:03:49,751 - INFO - Saved: webcam_snapshot_20250913_150348.png | Size: 0.7MB
2025-09-13 15:03:49,752 - INFO - Captures: 93 | Remaining: 439083s | Restarts: 4
2025-09-13 15:33:50,638 - INFO - Saved: webcam_snapshot_20250913_153349.png | Size: 1.1MB
2025-09-13 15:33:50,640 - INFO - Captures: 94 | Remaining: 437283s | Restarts: 4
2025-09-13 16:03:51,566 - INFO - Saved: webcam_snapshot_20250913_160350.png | Size: 1.3MB
2025-09-13 16:03:51,568 - INFO - Captures: 95 | Remaining: 435482s | Restarts: 4
2025-09-13 16:33:52,421 - INFO - Saved: webcam_snapshot_20250913_163351.png | Size: 1.2MB
2025-09-13 16:33:52,421 - INFO - Captures: 96 | Remaining: 433681s | Restarts: 4
2025-09-13 17:03:52,422 - INFO - Performing scheduled browser restart
2025-09-13 17:03:53,311 - INFO - Saved: webcam_snapshot_20250913_170352.png | Size: 1.2MB
2025-09-13 17:03:53,311 - INFO - Captures: 97 | Remaining: 431880s | Restarts: 5
2025-09-13 17:33:54,203 - INFO - Saved: webcam_snapshot_20250913_173353.png | Size: 1.1MB
2025-09-13 17:33:54,203 - INFO - Captures: 98 | Remaining: 430079s | Restarts: 5
2025-09-13 18:03:55,069 - INFO - Saved: webcam_snapshot_20250913_180354.png | Size: 1.3MB
2025-09-13 18:03:55,070 - INFO - Captures: 99 | Remaining: 428278s | Restarts: 5
2025-09-13 18:33:55,885 - INFO - Saved: webcam_snapshot_20250913_183355.png | Size: 1.2MB
2025-09-13 18:33:55,885 - INFO - Captures: 100 | Remaining: 426477s | Restarts: 5
2025-09-13 19:03:56,713 - INFO - Saved: webcam_snapshot_20250913_190355.png | Size: 1.1MB
2025-09-13 19:03:56,714 - INFO - Captures: 101 | Remaining: 424676s | Restarts: 5
2025-09-13 19:33:57,563 - INFO - Saved: webcam_snapshot_20250913_193356.png | Size: 1.3MB
2025-09-13 19:33:57,564 - INFO - Captures: 102 | Remaining: 422876s | Restarts: 5
2025-09-13 20:03:58,396 - INFO - Saved: webcam_snapshot_20250913_200357.png | Size: 1.4MB
2025-09-13 20:03:58,397 - INFO - Captures: 103 | Remaining: 421075s | Restarts: 5
2025-09-13 20:33:59,212 - INFO - Saved: webcam_snapshot_20250913_203358.png | Size: 1.3MB
2025-09-13 20:33:59,213 - INFO - Captures: 104 | Remaining: 419274s | Restarts: 5
2025-09-13 21:04:00,058 - INFO - Saved: webcam_snapshot_20250913_210359.png | Size: 1.4MB
2025-09-13 21:04:00,059 - INFO - Captures: 105 | Remaining: 417473s | Restarts: 5
2025-09-13 21:34:00,912 - INFO - Saved: webcam_snapshot_20250913_213400.png | Size: 1.3MB
2025-09-13 21:34:00,913 - INFO - Captures: 106 | Remaining: 415672s | Restarts: 5
2025-09-13 22:04:01,780 - INFO - Saved: webcam_snapshot_20250913_220400.png | Size: 1.2MB
2025-09-13 22:04:01,781 - INFO - Captures: 107 | Remaining: 413871s | Restarts: 5
2025-09-13 22:34:02,645 - INFO - Saved: webcam_snapshot_20250913_223401.png | Size: 1.2MB
2025-09-13 22:34:02,645 - INFO - Captures: 108 | Remaining: 412071s | Restarts: 5
2025-09-13 23:04:03,466 - INFO - Saved: webcam_snapshot_20250913_230402.png | Size: 1.2MB
2025-09-13 23:04:03,467 - INFO - Captures: 109 | Remaining: 410270s | Restarts: 5
2025-09-13 23:34:04,277 - INFO - Saved: webcam_snapshot_20250913_233403.png | Size: 1.2MB
2025-09-13 23:34:04,277 - INFO - Captures: 110 | Remaining: 408469s | Restarts: 5
2025-09-14 00:04:05,076 - INFO - Saved: webcam_snapshot_20250914_000404.png | Size: 1.1MB
2025-09-14 00:04:05,076 - INFO - Captures: 111 | Remaining: 406668s | Restarts: 5
2025-09-14 00:34:05,921 - INFO - Saved: webcam_snapshot_20250914_003405.png | Size: 1.3MB
2025-09-14 00:34:05,922 - INFO - Captures: 112 | Remaining: 404867s | Restarts: 5
2025-09-14 01:04:06,733 - INFO - Saved: webcam_snapshot_20250914_010405.png | Size: 1.3MB
2025-09-14 01:04:06,733 - INFO - Captures: 113 | Remaining: 403066s | Restarts: 5
2025-09-14 01:34:07,520 - INFO - Saved: webcam_snapshot_20250914_013406.png | Size: 1.1MB
2025-09-14 01:34:07,520 - INFO - Captures: 114 | Remaining: 401266s | Restarts: 5
2025-09-14 02:04:08,321 - INFO - Saved: webcam_snapshot_20250914_020407.png | Size: 1.2MB
2025-09-14 02:04:08,321 - INFO - Captures: 115 | Remaining: 399465s | Restarts: 5
2025-09-14 02:34:09,112 - INFO - Saved: webcam_snapshot_20250914_023408.png | Size: 1.2MB
2025-09-14 02:34:09,112 - INFO - Captures: 116 | Remaining: 397664s | Restarts: 5
2025-09-14 03:04:09,933 - INFO - Saved: webcam_snapshot_20250914_030409.png | Size: 1.3MB
2025-09-14 03:04:09,934 - INFO - Captures: 117 | Remaining: 395863s | Restarts: 5
2025-09-14 03:34:10,774 - INFO - Saved: webcam_snapshot_20250914_033409.png | Size: 1.1MB
2025-09-14 03:34:10,775 - INFO - Captures: 118 | Remaining: 394062s | Restarts: 5
2025-09-14 04:04:11,587 - INFO - Saved: webcam_snapshot_20250914_040410.png | Size: 1.0MB
2025-09-14 04:04:11,588 - INFO - Captures: 119 | Remaining: 392262s | Restarts: 5
2025-09-14 04:34:12,341 - INFO - Saved: webcam_snapshot_20250914_043411.png | Size: 1.0MB
2025-09-14 04:34:12,341 - INFO - Captures: 120 | Remaining: 390461s | Restarts: 5
2025-09-14 05:04:12,344 - INFO - Performing scheduled browser restart
2025-09-14 05:04:13,180 - INFO - Saved: webcam_snapshot_20250914_050412.png | Size: 0.8MB
2025-09-14 05:04:13,180 - INFO - Captures: 121 | Remaining: 388660s | Restarts: 6
2025-09-14 05:34:13,994 - INFO - Saved: webcam_snapshot_20250914_053413.png | Size: 0.7MB
2025-09-14 05:34:13,994 - INFO - Captures: 122 | Remaining: 386859s | Restarts: 6
2025-09-14 06:04:14,845 - INFO - Saved: webcam_snapshot_20250914_060413.png | Size: 0.7MB
2025-09-14 06:04:14,846 - INFO - Captures: 123 | Remaining: 385058s | Restarts: 6
2025-09-14 06:34:15,675 - INFO - Saved: webcam_snapshot_20250914_063414.png | Size: 0.7MB
2025-09-14 06:34:15,675 - INFO - Captures: 124 | Remaining: 383258s | Restarts: 6
2025-09-14 07:04:16,480 - INFO - Saved: webcam_snapshot_20250914_070415.png | Size: 0.7MB
2025-09-14 07:04:16,480 - INFO - Captures: 125 | Remaining: 381457s | Restarts: 6
2025-09-14 07:34:17,308 - INFO - Saved: webcam_snapshot_20250914_073416.png | Size: 0.7MB
2025-09-14 07:34:17,309 - INFO - Captures: 126 | Remaining: 379656s | Restarts: 6
2025-09-14 08:04:18,137 - INFO - Saved: webcam_snapshot_20250914_080417.png | Size: 0.7MB
2025-09-14 08:04:18,137 - INFO - Captures: 127 | Remaining: 377855s | Restarts: 6
2025-09-14 08:34:18,939 - INFO - Saved: webcam_snapshot_20250914_083418.png | Size: 0.7MB
2025-09-14 08:34:18,939 - INFO - Captures: 128 | Remaining: 376054s | Restarts: 6
2025-09-14 09:04:19,762 - INFO - Saved: webcam_snapshot_20250914_090418.png | Size: 0.7MB
2025-09-14 09:04:19,762 - INFO - Captures: 129 | Remaining: 374253s | Restarts: 6
2025-09-14 09:34:20,580 - INFO - Saved: webcam_snapshot_20250914_093419.png | Size: 0.7MB
2025-09-14 09:34:20,580 - INFO - Captures: 130 | Remaining: 372453s | Restarts: 6
2025-09-14 10:04:21,402 - INFO - Saved: webcam_snapshot_20250914_100420.png | Size: 0.8MB
2025-09-14 10:04:21,403 - INFO - Captures: 131 | Remaining: 370652s | Restarts: 6
2025-09-14 10:34:22,261 - INFO - Saved: webcam_snapshot_20250914_103421.png | Size: 0.7MB
2025-09-14 10:34:22,262 - INFO - Captures: 132 | Remaining: 368851s | Restarts: 6
2025-09-14 11:04:23,070 - INFO - Saved: webcam_snapshot_20250914_110422.png | Size: 0.8MB
2025-09-14 11:04:23,070 - INFO - Captures: 133 | Remaining: 367050s | Restarts: 6
2025-09-14 11:34:23,917 - INFO - Saved: webcam_snapshot_20250914_113423.png | Size: 0.7MB
2025-09-14 11:34:23,917 - INFO - Captures: 134 | Remaining: 365249s | Restarts: 6
2025-09-14 12:04:24,750 - INFO - Saved: webcam_snapshot_20250914_120423.png | Size: 0.8MB
2025-09-14 12:04:24,750 - INFO - Captures: 135 | Remaining: 363448s | Restarts: 6
2025-09-14 12:34:25,586 - INFO - Saved: webcam_snapshot_20250914_123424.png | Size: 0.7MB
2025-09-14 12:34:25,587 - INFO - Captures: 136 | Remaining: 361648s | Restarts: 6
2025-09-14 13:04:26,402 - INFO - Saved: webcam_snapshot_20250914_130425.png | Size: 0.7MB
2025-09-14 13:04:26,403 - INFO - Captures: 137 | Remaining: 359847s | Restarts: 6
2025-09-14 13:34:27,246 - INFO - Saved: webcam_snapshot_20250914_133426.png | Size: 0.7MB
2025-09-14 13:34:27,246 - INFO - Captures: 138 | Remaining: 358046s | Restarts: 6
2025-09-14 14:04:28,096 - INFO - Saved: webcam_snapshot_20250914_140427.png | Size: 0.7MB
2025-09-14 14:04:28,097 - INFO - Captures: 139 | Remaining: 356245s | Restarts: 6
2025-09-14 14:34:28,902 - INFO - Saved: webcam_snapshot_20250914_143428.png | Size: 0.8MB
2025-09-14 14:34:28,902 - INFO - Captures: 140 | Remaining: 354444s | Restarts: 6
2025-09-14 15:04:29,745 - INFO - Saved: webcam_snapshot_20250914_150428.png | Size: 0.8MB
2025-09-14 15:04:29,745 - INFO - Captures: 141 | Remaining: 352643s | Restarts: 6
2025-09-14 15:34:30,581 - INFO - Saved: webcam_snapshot_20250914_153429.png | Size: 1.1MB
2025-09-14 15:34:30,581 - INFO - Captures: 142 | Remaining: 350843s | Restarts: 6
2025-09-14 16:04:31,405 - INFO - Saved: webcam_snapshot_20250914_160430.png | Size: 1.1MB
2025-09-14 16:04:31,405 - INFO - Captures: 143 | Remaining: 349042s | Restarts: 6
2025-09-14 16:34:32,183 - INFO - Saved: webcam_snapshot_20250914_163431.png | Size: 1.0MB
2025-09-14 16:34:32,183 - INFO - Captures: 144 | Remaining: 347241s | Restarts: 6
2025-09-14 17:04:32,183 - INFO - Performing scheduled browser restart
2025-09-14 17:04:32,985 - INFO - Saved: webcam_snapshot_20250914_170432.png | Size: 1.0MB
2025-09-14 17:04:32,985 - INFO - Captures: 145 | Remaining: 345440s | Restarts: 7
2025-09-14 17:34:33,816 - INFO - Saved: webcam_snapshot_20250914_173432.png | Size: 1.2MB
2025-09-14 17:34:33,817 - INFO - Captures: 146 | Remaining: 343639s | Restarts: 7
2025-09-14 18:04:34,578 - INFO - Saved: webcam_snapshot_20250914_180433.png | Size: 1.0MB
2025-09-14 18:04:34,579 - INFO - Captures: 147 | Remaining: 341839s | Restarts: 7
2025-09-14 18:34:35,350 - INFO - Saved: webcam_snapshot_20250914_183434.png | Size: 1.0MB
2025-09-14 18:34:35,350 - INFO - Captures: 148 | Remaining: 340038s | Restarts: 7
2025-09-14 19:04:36,168 - INFO - Saved: webcam_snapshot_20250914_190435.png | Size: 1.1MB
2025-09-14 19:04:36,169 - INFO - Captures: 149 | Remaining: 338237s | Restarts: 7
2025-09-14 19:34:36,953 - INFO - Saved: webcam_snapshot_20250914_193436.png | Size: 1.2MB
2025-09-14 19:34:36,953 - INFO - Captures: 150 | Remaining: 336436s | Restarts: 7
2025-09-14 20:04:37,708 - INFO - Saved: webcam_snapshot_20250914_200436.png | Size: 1.2MB
2025-09-14 20:04:37,708 - INFO - Captures: 151 | Remaining: 334635s | Restarts: 7
2025-09-14 20:34:38,458 - INFO - Saved: webcam_snapshot_20250914_203437.png | Size: 1.2MB
2025-09-14 20:34:38,459 - INFO - Captures: 152 | Remaining: 332835s | Restarts: 7
2025-09-14 21:04:39,300 - INFO - Saved: webcam_snapshot_20250914_210438.png | Size: 1.2MB
2025-09-14 21:04:39,301 - INFO - Captures: 153 | Remaining: 331034s | Restarts: 7
2025-09-14 21:34:40,091 - INFO - Saved: webcam_snapshot_20250914_213439.png | Size: 1.3MB
2025-09-14 21:34:40,091 - INFO - Captures: 154 | Remaining: 329233s | Restarts: 7
2025-09-14 22:04:40,883 - INFO - Saved: webcam_snapshot_20250914_220440.png | Size: 1.3MB
2025-09-14 22:04:40,884 - INFO - Captures: 155 | Remaining: 327432s | Restarts: 7
2025-09-14 22:34:41,643 - INFO - Saved: webcam_snapshot_20250914_223440.png | Size: 1.3MB
2025-09-14 22:34:41,643 - INFO - Captures: 156 | Remaining: 325632s | Restarts: 7
2025-09-14 23:04:42,464 - INFO - Saved: webcam_snapshot_20250914_230441.png | Size: 1.3MB
2025-09-14 23:04:42,464 - INFO - Captures: 157 | Remaining: 323831s | Restarts: 7
2025-09-14 23:34:43,240 - INFO - Saved: webcam_snapshot_20250914_233442.png | Size: 1.3MB
2025-09-14 23:34:43,240 - INFO - Captures: 158 | Remaining: 322030s | Restarts: 7
2025-09-15 00:04:44,039 - INFO - Saved: webcam_snapshot_20250915_000443.png | Size: 1.3MB
2025-09-15 00:04:44,040 - INFO - Captures: 159 | Remaining: 320229s | Restarts: 7
2025-09-15 00:34:44,870 - INFO - Saved: webcam_snapshot_20250915_003444.png | Size: 1.4MB
2025-09-15 00:34:44,870 - INFO - Captures: 160 | Remaining: 318428s | Restarts: 7
2025-09-15 01:04:45,671 - INFO - Saved: webcam_snapshot_20250915_010444.png | Size: 1.3MB
2025-09-15 01:04:45,671 - INFO - Captures: 161 | Remaining: 316628s | Restarts: 7
2025-09-15 01:34:46,485 - INFO - Saved: webcam_snapshot_20250915_013445.png | Size: 1.4MB
2025-09-15 01:34:46,485 - INFO - Captures: 162 | Remaining: 314827s | Restarts: 7
2025-09-15 02:04:47,324 - INFO - Saved: webcam_snapshot_20250915_020446.png | Size: 1.4MB
2025-09-15 02:04:47,325 - INFO - Captures: 163 | Remaining: 313026s | Restarts: 7
2025-09-15 02:34:48,146 - INFO - Saved: webcam_snapshot_20250915_023447.png | Size: 1.4MB
2025-09-15 02:34:48,146 - INFO - Captures: 164 | Remaining: 311225s | Restarts: 7
2025-09-15 03:04:48,983 - INFO - Saved: webcam_snapshot_20250915_030448.png | Size: 1.4MB
2025-09-15 03:04:48,983 - INFO - Captures: 165 | Remaining: 309424s | Restarts: 7
2025-09-15 03:34:49,819 - INFO - Saved: webcam_snapshot_20250915_033448.png | Size: 1.2MB
2025-09-15 03:34:49,819 - INFO - Captures: 166 | Remaining: 307623s | Restarts: 7
2025-09-15 04:04:50,575 - INFO - Saved: webcam_snapshot_20250915_040449.png | Size: 1.0MB
2025-09-15 04:04:50,576 - INFO - Captures: 167 | Remaining: 305823s | Restarts: 7
2025-09-15 04:34:51,363 - INFO - Saved: webcam_snapshot_20250915_043450.png | Size: 1.1MB
2025-09-15 04:34:51,363 - INFO - Captures: 168 | Remaining: 304022s | Restarts: 7
2025-09-15 05:04:51,364 - INFO - Performing scheduled browser restart
2025-09-15 05:04:52,164 - INFO - Saved: webcam_snapshot_20250915_050451.png | Size: 1.5MB
2025-09-15 05:04:52,164 - INFO - Captures: 169 | Remaining: 302221s | Restarts: 8
2025-09-15 05:34:53,047 - INFO - Saved: webcam_snapshot_20250915_053452.png | Size: 0.7MB
2025-09-15 05:34:53,047 - INFO - Captures: 170 | Remaining: 300420s | Restarts: 8
2025-09-15 06:04:53,878 - INFO - Saved: webcam_snapshot_20250915_060453.png | Size: 0.7MB
2025-09-15 06:04:53,879 - INFO - Captures: 171 | Remaining: 298619s | Restarts: 8
2025-09-15 06:34:54,673 - INFO - Saved: webcam_snapshot_20250915_063453.png | Size: 0.7MB
2025-09-15 06:34:54,673 - INFO - Captures: 172 | Remaining: 296819s | Restarts: 8
2025-09-15 07:04:55,529 - INFO - Saved: webcam_snapshot_20250915_070454.png | Size: 0.7MB
2025-09-15 07:04:55,530 - INFO - Captures: 173 | Remaining: 295018s | Restarts: 8
2025-09-15 07:34:56,345 - INFO - Saved: webcam_snapshot_20250915_073455.png | Size: 0.7MB
2025-09-15 07:34:56,346 - INFO - Captures: 174 | Remaining: 293217s | Restarts: 8
2025-09-15 08:04:57,181 - INFO - Saved: webcam_snapshot_20250915_080456.png | Size: 0.7MB
2025-09-15 08:04:57,182 - INFO - Captures: 175 | Remaining: 291416s | Restarts: 8
2025-09-15 08:34:57,987 - INFO - Saved: webcam_snapshot_20250915_083457.png | Size: 0.7MB
2025-09-15 08:34:57,988 - INFO - Captures: 176 | Remaining: 289615s | Restarts: 8
2025-09-15 09:04:58,796 - INFO - Saved: webcam_snapshot_20250915_090457.png | Size: 0.8MB
2025-09-15 09:04:58,796 - INFO - Captures: 177 | Remaining: 287814s | Restarts: 8
2025-09-15 09:34:59,613 - INFO - Saved: webcam_snapshot_20250915_093458.png | Size: 0.7MB
2025-09-15 09:34:59,614 - INFO - Captures: 178 | Remaining: 286014s | Restarts: 8
2025-09-15 10:05:00,395 - INFO - Saved: webcam_snapshot_20250915_100459.png | Size: 0.7MB
2025-09-15 10:05:00,396 - INFO - Captures: 179 | Remaining: 284213s | Restarts: 8
2025-09-15 10:35:01,190 - INFO - Saved: webcam_snapshot_20250915_103500.png | Size: 0.8MB
2025-09-15 10:35:01,190 - INFO - Captures: 180 | Remaining: 282412s | Restarts: 8
2025-09-15 11:05:02,012 - INFO - Saved: webcam_snapshot_20250915_110501.png | Size: 0.8MB
2025-09-15 11:05:02,012 - INFO - Captures: 181 | Remaining: 280611s | Restarts: 8
2025-09-15 11:35:02,842 - INFO - Saved: webcam_snapshot_20250915_113502.png | Size: 0.8MB
2025-09-15 11:35:02,843 - INFO - Captures: 182 | Remaining: 278810s | Restarts: 8
2025-09-15 12:05:03,646 - INFO - Saved: webcam_snapshot_20250915_120502.png | Size: 0.8MB
2025-09-15 12:05:03,646 - INFO - Captures: 183 | Remaining: 277010s | Restarts: 8
2025-09-15 12:35:04,497 - INFO - Saved: webcam_snapshot_20250915_123503.png | Size: 0.8MB
2025-09-15 12:35:04,498 - INFO - Captures: 184 | Remaining: 275209s | Restarts: 8
2025-09-15 13:05:05,369 - INFO - Saved: webcam_snapshot_20250915_130504.png | Size: 0.8MB
2025-09-15 13:05:05,369 - INFO - Captures: 185 | Remaining: 273408s | Restarts: 8
2025-09-15 13:35:06,167 - INFO - Saved: webcam_snapshot_20250915_133505.png | Size: 0.8MB
2025-09-15 13:35:06,167 - INFO - Captures: 186 | Remaining: 271607s | Restarts: 8
2025-09-15 14:05:07,027 - INFO - Saved: webcam_snapshot_20250915_140506.png | Size: 0.8MB
2025-09-15 14:05:07,028 - INFO - Captures: 187 | Remaining: 269806s | Restarts: 8
2025-09-15 14:35:07,819 - INFO - Saved: webcam_snapshot_20250915_143507.png | Size: 0.8MB
2025-09-15 14:35:07,819 - INFO - Captures: 188 | Remaining: 268005s | Restarts: 8
2025-09-15 15:05:08,534 - INFO - Saved: webcam_snapshot_20250915_150507.png | Size: 0.5MB
2025-09-15 15:05:08,534 - INFO - Captures: 189 | Remaining: 266205s | Restarts: 8
2025-09-15 15:35:09,328 - INFO - Saved: webcam_snapshot_20250915_153508.png | Size: 1.0MB
2025-09-15 15:35:09,328 - INFO - Captures: 190 | Remaining: 264404s | Restarts: 8
2025-09-15 16:05:10,093 - INFO - Saved: webcam_snapshot_20250915_160509.png | Size: 1.0MB
2025-09-15 16:05:10,093 - INFO - Captures: 191 | Remaining: 262603s | Restarts: 8
2025-09-15 16:35:10,920 - INFO - Saved: webcam_snapshot_20250915_163510.png | Size: 1.2MB
2025-09-15 16:35:10,920 - INFO - Captures: 192 | Remaining: 260802s | Restarts: 8
2025-09-15 17:05:10,921 - INFO - Performing scheduled browser restart
2025-09-15 17:05:11,767 - INFO - Saved: webcam_snapshot_20250915_170510.png | Size: 1.2MB
2025-09-15 17:05:11,767 - INFO - Captures: 193 | Remaining: 259001s | Restarts: 9
2025-09-15 17:35:12,626 - INFO - Saved: webcam_snapshot_20250915_173511.png | Size: 1.2MB
2025-09-15 17:35:12,627 - INFO - Captures: 194 | Remaining: 257201s | Restarts: 9
2025-09-15 18:05:13,456 - INFO - Saved: webcam_snapshot_20250915_180512.png | Size: 1.3MB
2025-09-15 18:05:13,457 - INFO - Captures: 195 | Remaining: 255400s | Restarts: 9
2025-09-15 18:35:14,273 - INFO - Saved: webcam_snapshot_20250915_183513.png | Size: 1.2MB
2025-09-15 18:35:14,274 - INFO - Captures: 196 | Remaining: 253599s | Restarts: 9
2025-09-15 19:05:15,109 - INFO - Saved: webcam_snapshot_20250915_190514.png | Size: 1.2MB
2025-09-15 19:05:15,109 - INFO - Captures: 197 | Remaining: 251798s | Restarts: 9
2025-09-15 19:35:15,941 - INFO - Saved: webcam_snapshot_20250915_193515.png | Size: 1.3MB
2025-09-15 19:35:15,941 - INFO - Captures: 198 | Remaining: 249997s | Restarts: 9
2025-09-15 20:05:16,814 - INFO - Saved: webcam_snapshot_20250915_200515.png | Size: 1.4MB
2025-09-15 20:05:16,814 - INFO - Captures: 199 | Remaining: 248196s | Restarts: 9
2025-09-15 20:35:17,683 - INFO - Saved: webcam_snapshot_20250915_203516.png | Size: 1.4MB
2025-09-15 20:35:17,684 - INFO - Captures: 200 | Remaining: 246395s | Restarts: 9
2025-09-15 21:05:18,528 - INFO - Saved: webcam_snapshot_20250915_210517.png | Size: 1.4MB
2025-09-15 21:05:18,529 - INFO - Captures: 201 | Remaining: 244595s | Restarts: 9
2025-09-15 21:35:19,341 - INFO - Saved: webcam_snapshot_20250915_213518.png | Size: 1.4MB
2025-09-15 21:35:19,341 - INFO - Captures: 202 | Remaining: 242794s | Restarts: 9
2025-09-15 22:05:20,140 - INFO - Saved: webcam_snapshot_20250915_220519.png | Size: 1.4MB
2025-09-15 22:05:20,141 - INFO - Captures: 203 | Remaining: 240993s | Restarts: 9
2025-09-15 22:35:20,975 - INFO - Saved: webcam_snapshot_20250915_223520.png | Size: 1.4MB
2025-09-15 22:35:20,975 - INFO - Captures: 204 | Remaining: 239192s | Restarts: 9
2025-09-15 23:05:21,808 - INFO - Saved: webcam_snapshot_20250915_230520.png | Size: 1.4MB
2025-09-15 23:05:21,808 - INFO - Captures: 205 | Remaining: 237391s | Restarts: 9
2025-09-15 23:35:22,622 - INFO - Saved: webcam_snapshot_20250915_233521.png | Size: 1.4MB
2025-09-15 23:35:22,622 - INFO - Captures: 206 | Remaining: 235591s | Restarts: 9
2025-09-16 00:05:23,448 - INFO - Saved: webcam_snapshot_20250916_000522.png | Size: 1.4MB
2025-09-16 00:05:23,448 - INFO - Captures: 207 | Remaining: 233790s | Restarts: 9
2025-09-16 00:35:24,280 - INFO - Saved: webcam_snapshot_20250916_003523.png | Size: 1.4MB
2025-09-16 00:35:24,281 - INFO - Captures: 208 | Remaining: 231989s | Restarts: 9
2025-09-16 01:05:25,269 - INFO - Saved: webcam_snapshot_20250916_010524.png | Size: 1.3MB
2025-09-16 01:05:25,270 - INFO - Captures: 209 | Remaining: 230188s | Restarts: 9
2025-09-16 01:35:26,102 - INFO - Saved: webcam_snapshot_20250916_013525.png | Size: 1.3MB
2025-09-16 01:35:26,103 - INFO - Captures: 210 | Remaining: 228387s | Restarts: 9
2025-09-16 02:05:26,909 - INFO - Saved: webcam_snapshot_20250916_020526.png | Size: 1.3MB
2025-09-16 02:05:26,910 - INFO - Captures: 211 | Remaining: 226586s | Restarts: 9
2025-09-16 02:35:27,758 - INFO - Saved: webcam_snapshot_20250916_023526.png | Size: 1.4MB
2025-09-16 02:35:27,758 - INFO - Captures: 212 | Remaining: 224785s | Restarts: 9
2025-09-16 03:05:28,620 - INFO - Saved: webcam_snapshot_20250916_030527.png | Size: 1.4MB
2025-09-16 03:05:28,620 - INFO - Captures: 213 | Remaining: 222985s | Restarts: 9
2025-09-16 03:35:29,476 - INFO - Saved: webcam_snapshot_20250916_033528.png | Size: 1.2MB
2025-09-16 03:35:29,477 - INFO - Captures: 214 | Remaining: 221184s | Restarts: 9
2025-09-16 04:05:30,241 - INFO - Saved: webcam_snapshot_20250916_040529.png | Size: 1.0MB
2025-09-16 04:05:30,241 - INFO - Captures: 215 | Remaining: 219383s | Restarts: 9
2025-09-16 04:35:31,152 - INFO - Saved: webcam_snapshot_20250916_043530.png | Size: 1.2MB
2025-09-16 04:35:31,153 - INFO - Captures: 216 | Remaining: 217582s | Restarts: 9
2025-09-16 05:05:31,154 - INFO - Performing scheduled browser restart
2025-09-16 05:05:31,985 - INFO - Saved: webcam_snapshot_20250916_050531.png | Size: 0.8MB
2025-09-16 05:05:31,985 - INFO - Captures: 217 | Remaining: 215781s | Restarts: 10
2025-09-16 05:35:32,822 - INFO - Saved: webcam_snapshot_20250916_053531.png | Size: 0.8MB
2025-09-16 05:35:32,822 - INFO - Captures: 218 | Remaining: 213980s | Restarts: 10
2025-09-16 06:05:33,686 - INFO - Saved: webcam_snapshot_20250916_060532.png | Size: 0.8MB
2025-09-16 06:05:33,687 - INFO - Captures: 219 | Remaining: 212179s | Restarts: 10
2025-09-16 06:35:34,564 - INFO - Saved: webcam_snapshot_20250916_063533.png | Size: 0.7MB
2025-09-16 06:35:34,565 - INFO - Captures: 220 | Remaining: 210379s | Restarts: 10
2025-09-16 07:05:35,413 - INFO - Saved: webcam_snapshot_20250916_070534.png | Size: 0.7MB
2025-09-16 07:05:35,413 - INFO - Captures: 221 | Remaining: 208578s | Restarts: 10
2025-09-16 07:35:36,249 - INFO - Saved: webcam_snapshot_20250916_073535.png | Size: 0.7MB
2025-09-16 07:35:36,249 - INFO - Captures: 222 | Remaining: 206777s | Restarts: 10
2025-09-16 08:05:37,077 - INFO - Saved: webcam_snapshot_20250916_080536.png | Size: 0.7MB
2025-09-16 08:05:37,078 - INFO - Captures: 223 | Remaining: 204976s | Restarts: 10
2025-09-16 08:35:37,945 - INFO - Saved: webcam_snapshot_20250916_083537.png | Size: 0.7MB
2025-09-16 08:35:37,945 - INFO - Captures: 224 | Remaining: 203175s | Restarts: 10
2025-09-16 09:05:38,813 - INFO - Saved: webcam_snapshot_20250916_090537.png | Size: 0.8MB
2025-09-16 09:05:38,813 - INFO - Captures: 225 | Remaining: 201374s | Restarts: 10
2025-09-16 09:35:39,695 - INFO - Saved: webcam_snapshot_20250916_093538.png | Size: 0.7MB
2025-09-16 09:35:39,696 - INFO - Captures: 226 | Remaining: 199573s | Restarts: 10
2025-09-16 10:05:40,567 - INFO - Saved: webcam_snapshot_20250916_100539.png | Size: 0.7MB
2025-09-16 10:05:40,567 - INFO - Captures: 227 | Remaining: 197773s | Restarts: 10
2025-09-16 10:35:41,433 - INFO - Saved: webcam_snapshot_20250916_103540.png | Size: 0.8MB
2025-09-16 10:35:41,433 - INFO - Captures: 228 | Remaining: 195972s | Restarts: 10
2025-09-16 11:05:42,293 - INFO - Saved: webcam_snapshot_20250916_110541.png | Size: 0.7MB
2025-09-16 11:05:42,293 - INFO - Captures: 229 | Remaining: 194171s | Restarts: 10
2025-09-16 11:35:43,122 - INFO - Saved: webcam_snapshot_20250916_113542.png | Size: 0.8MB
2025-09-16 11:35:43,123 - INFO - Captures: 230 | Remaining: 192370s | Restarts: 10
2025-09-16 12:05:43,943 - INFO - Saved: webcam_snapshot_20250916_120543.png | Size: 0.7MB
2025-09-16 12:05:43,944 - INFO - Captures: 231 | Remaining: 190569s | Restarts: 10
2025-09-16 12:35:44,836 - INFO - Saved: webcam_snapshot_20250916_123543.png | Size: 0.8MB
2025-09-16 12:35:44,837 - INFO - Captures: 232 | Remaining: 188768s | Restarts: 10
2025-09-16 13:05:45,687 - INFO - Saved: webcam_snapshot_20250916_130544.png | Size: 0.8MB
2025-09-16 13:05:45,688 - INFO - Captures: 233 | Remaining: 186967s | Restarts: 10
2025-09-16 13:35:46,518 - INFO - Saved: webcam_snapshot_20250916_133545.png | Size: 0.7MB
2025-09-16 13:35:46,518 - INFO - Captures: 234 | Remaining: 185167s | Restarts: 10
2025-09-16 14:05:47,355 - INFO - Saved: webcam_snapshot_20250916_140546.png | Size: 0.7MB
2025-09-16 14:05:47,356 - INFO - Captures: 235 | Remaining: 183366s | Restarts: 10
2025-09-16 14:35:48,199 - INFO - Saved: webcam_snapshot_20250916_143547.png | Size: 0.8MB
2025-09-16 14:35:48,199 - INFO - Captures: 236 | Remaining: 181565s | Restarts: 10
2025-09-16 15:05:48,952 - INFO - Saved: webcam_snapshot_20250916_150548.png | Size: 0.5MB
2025-09-16 15:05:48,952 - INFO - Captures: 237 | Remaining: 179764s | Restarts: 10
2025-09-16 15:35:49,836 - INFO - Saved: webcam_snapshot_20250916_153548.png | Size: 1.1MB
2025-09-16 15:35:49,837 - INFO - Captures: 238 | Remaining: 177963s | Restarts: 10
2025-09-16 16:05:50,652 - INFO - Saved: webcam_snapshot_20250916_160549.png | Size: 1.1MB
2025-09-16 16:05:50,653 - INFO - Captures: 239 | Remaining: 176163s | Restarts: 10
2025-09-16 16:35:51,529 - INFO - Saved: webcam_snapshot_20250916_163550.png | Size: 1.2MB
2025-09-16 16:35:51,529 - INFO - Captures: 240 | Remaining: 174362s | Restarts: 10
2025-09-16 17:05:51,530 - INFO - Performing scheduled browser restart
2025-09-16 17:05:52,354 - INFO - Saved: webcam_snapshot_20250916_170551.png | Size: 1.2MB
2025-09-16 17:05:52,354 - INFO - Captures: 241 | Remaining: 172561s | Restarts: 11
2025-09-16 17:35:53,190 - INFO - Saved: webcam_snapshot_20250916_173552.png | Size: 1.3MB
2025-09-16 17:35:53,190 - INFO - Captures: 242 | Remaining: 170760s | Restarts: 11
2025-09-16 18:05:54,068 - INFO - Saved: webcam_snapshot_20250916_180553.png | Size: 1.2MB
2025-09-16 18:05:54,068 - INFO - Captures: 243 | Remaining: 168959s | Restarts: 11
2025-09-16 18:35:54,932 - INFO - Saved: webcam_snapshot_20250916_183554.png | Size: 1.2MB
2025-09-16 18:35:54,932 - INFO - Captures: 244 | Remaining: 167158s | Restarts: 11
2025-09-16 19:05:55,796 - INFO - Saved: webcam_snapshot_20250916_190554.png | Size: 1.3MB
2025-09-16 19:05:55,796 - INFO - Captures: 245 | Remaining: 165357s | Restarts: 11
2025-09-16 19:35:56,636 - INFO - Saved: webcam_snapshot_20250916_193555.png | Size: 1.3MB
2025-09-16 19:35:56,637 - INFO - Captures: 246 | Remaining: 163557s | Restarts: 11
2025-09-16 20:05:57,489 - INFO - Saved: webcam_snapshot_20250916_200556.png | Size: 1.3MB
2025-09-16 20:05:57,490 - INFO - Captures: 247 | Remaining: 161756s | Restarts: 11
2025-09-16 20:35:58,302 - INFO - Saved: webcam_snapshot_20250916_203557.png | Size: 1.4MB
2025-09-16 20:35:58,302 - INFO - Captures: 248 | Remaining: 159955s | Restarts: 11
2025-09-16 21:05:59,200 - INFO - Saved: webcam_snapshot_20250916_210558.png | Size: 1.3MB
2025-09-16 21:05:59,200 - INFO - Captures: 249 | Remaining: 158154s | Restarts: 11
2025-09-16 21:36:00,052 - INFO - Saved: webcam_snapshot_20250916_213559.png | Size: 1.2MB
2025-09-16 21:36:00,052 - INFO - Captures: 250 | Remaining: 156353s | Restarts: 11
2025-09-16 22:06:00,935 - INFO - Saved: webcam_snapshot_20250916_220600.png | Size: 0.9MB
2025-09-16 22:06:00,935 - INFO - Captures: 251 | Remaining: 154552s | Restarts: 11
2025-09-16 22:36:01,796 - INFO - Saved: webcam_snapshot_20250916_223600.png | Size: 1.1MB
2025-09-16 22:36:01,797 - INFO - Captures: 252 | Remaining: 152751s | Restarts: 11
2025-09-16 23:06:02,693 - INFO - Saved: webcam_snapshot_20250916_230601.png | Size: 1.0MB
2025-09-16 23:06:02,693 - INFO - Captures: 253 | Remaining: 150950s | Restarts: 11
2025-09-16 23:36:03,555 - INFO - Saved: webcam_snapshot_20250916_233602.png | Size: 1.0MB
2025-09-16 23:36:03,555 - INFO - Captures: 254 | Remaining: 149150s | Restarts: 11
2025-09-17 00:06:04,429 - INFO - Saved: webcam_snapshot_20250917_000603.png | Size: 1.0MB
2025-09-17 00:06:04,429 - INFO - Captures: 255 | Remaining: 147349s | Restarts: 11
2025-09-17 00:36:05,298 - INFO - Saved: webcam_snapshot_20250917_003604.png | Size: 1.1MB
2025-09-17 00:36:05,299 - INFO - Captures: 256 | Remaining: 145548s | Restarts: 11
2025-09-17 01:06:06,168 - INFO - Saved: webcam_snapshot_20250917_010605.png | Size: 1.2MB
2025-09-17 01:06:06,169 - INFO - Captures: 257 | Remaining: 143747s | Restarts: 11
2025-09-17 01:36:07,145 - INFO - Saved: webcam_snapshot_20250917_013606.png | Size: 1.3MB
2025-09-17 01:36:07,146 - INFO - Captures: 258 | Remaining: 141946s | Restarts: 11
2025-09-17 02:06:07,986 - INFO - Saved: webcam_snapshot_20250917_020607.png | Size: 1.3MB
2025-09-17 02:06:07,987 - INFO - Captures: 259 | Remaining: 140145s | Restarts: 11
2025-09-17 02:36:08,842 - INFO - Saved: webcam_snapshot_20250917_023607.png | Size: 1.4MB
2025-09-17 02:36:08,842 - INFO - Captures: 260 | Remaining: 138344s | Restarts: 11
2025-09-17 03:06:09,701 - INFO - Saved: webcam_snapshot_20250917_030608.png | Size: 1.4MB
2025-09-17 03:06:09,702 - INFO - Captures: 261 | Remaining: 136543s | Restarts: 11
2025-09-17 03:36:10,537 - INFO - Saved: webcam_snapshot_20250917_033609.png | Size: 1.3MB
2025-09-17 03:36:10,537 - INFO - Captures: 262 | Remaining: 134743s | Restarts: 11
2025-09-17 04:06:11,360 - INFO - Saved: webcam_snapshot_20250917_040610.png | Size: 1.0MB
2025-09-17 04:06:11,361 - INFO - Captures: 263 | Remaining: 132942s | Restarts: 11
2025-09-17 04:36:12,275 - INFO - Saved: webcam_snapshot_20250917_043611.png | Size: 1.2MB
2025-09-17 04:36:12,276 - INFO - Captures: 264 | Remaining: 131141s | Restarts: 11
2025-09-17 05:06:12,278 - INFO - Performing scheduled browser restart
2025-09-17 05:06:13,129 - INFO - Saved: webcam_snapshot_20250917_050612.png | Size: 0.8MB
2025-09-17 05:06:13,129 - INFO - Captures: 265 | Remaining: 129340s | Restarts: 12
2025-09-17 05:36:13,979 - INFO - Saved: webcam_snapshot_20250917_053613.png | Size: 0.7MB
2025-09-17 05:36:13,980 - INFO - Captures: 266 | Remaining: 127539s | Restarts: 12
2025-09-17 06:06:14,843 - INFO - Saved: webcam_snapshot_20250917_060613.png | Size: 0.7MB
2025-09-17 06:06:14,843 - INFO - Captures: 267 | Remaining: 125738s | Restarts: 12
2025-09-17 06:36:15,700 - INFO - Saved: webcam_snapshot_20250917_063614.png | Size: 0.7MB
2025-09-17 06:36:15,701 - INFO - Captures: 268 | Remaining: 123937s | Restarts: 12
2025-09-17 07:06:16,550 - INFO - Saved: webcam_snapshot_20250917_070615.png | Size: 0.7MB
2025-09-17 07:06:16,550 - INFO - Captures: 269 | Remaining: 122137s | Restarts: 12
2025-09-17 07:36:17,387 - INFO - Saved: webcam_snapshot_20250917_073616.png | Size: 0.7MB
2025-09-17 07:36:17,387 - INFO - Captures: 270 | Remaining: 120336s | Restarts: 12
2025-09-17 08:06:18,286 - INFO - Saved: webcam_snapshot_20250917_080617.png | Size: 0.7MB
2025-09-17 08:06:18,286 - INFO - Captures: 271 | Remaining: 118535s | Restarts: 12
2025-09-17 08:36:19,088 - INFO - Saved: webcam_snapshot_20250917_083618.png | Size: 0.7MB
2025-09-17 08:36:19,088 - INFO - Captures: 272 | Remaining: 116734s | Restarts: 12
2025-09-17 09:06:19,916 - INFO - Saved: webcam_snapshot_20250917_090619.png | Size: 0.8MB
2025-09-17 09:06:19,917 - INFO - Captures: 273 | Remaining: 114933s | Restarts: 12
2025-09-17 09:36:20,762 - INFO - Saved: webcam_snapshot_20250917_093619.png | Size: 0.7MB
2025-09-17 09:36:20,763 - INFO - Captures: 274 | Remaining: 113132s | Restarts: 12
2025-09-17 10:06:21,600 - INFO - Saved: webcam_snapshot_20250917_100620.png | Size: 0.7MB
2025-09-17 10:06:21,601 - INFO - Captures: 275 | Remaining: 111332s | Restarts: 12
2025-09-17 10:36:22,440 - INFO - Saved: webcam_snapshot_20250917_103621.png | Size: 0.8MB
2025-09-17 10:36:22,441 - INFO - Captures: 276 | Remaining: 109531s | Restarts: 12
2025-09-17 11:06:23,302 - INFO - Saved: webcam_snapshot_20250917_110622.png | Size: 0.7MB
2025-09-17 11:06:23,302 - INFO - Captures: 277 | Remaining: 107730s | Restarts: 12
2025-09-17 11:36:24,143 - INFO - Saved: webcam_snapshot_20250917_113623.png | Size: 0.8MB
2025-09-17 11:36:24,144 - INFO - Captures: 278 | Remaining: 105929s | Restarts: 12
2025-09-17 12:06:24,989 - INFO - Saved: webcam_snapshot_20250917_120624.png | Size: 0.7MB
2025-09-17 12:06:24,989 - INFO - Captures: 279 | Remaining: 104128s | Restarts: 12
2025-09-17 12:36:25,795 - INFO - Saved: webcam_snapshot_20250917_123624.png | Size: 0.8MB
2025-09-17 12:36:25,795 - INFO - Captures: 280 | Remaining: 102327s | Restarts: 12
2025-09-17 13:06:26,656 - INFO - Saved: webcam_snapshot_20250917_130625.png | Size: 0.7MB
2025-09-17 13:06:26,657 - INFO - Captures: 281 | Remaining: 100527s | Restarts: 12
2025-09-17 13:36:27,487 - INFO - Saved: webcam_snapshot_20250917_133626.png | Size: 0.7MB
2025-09-17 13:36:27,488 - INFO - Captures: 282 | Remaining: 98726s | Restarts: 12
2025-09-17 14:06:28,310 - INFO - Saved: webcam_snapshot_20250917_140627.png | Size: 0.8MB
2025-09-17 14:06:28,310 - INFO - Captures: 283 | Remaining: 96925s | Restarts: 12
2025-09-17 14:36:29,132 - INFO - Saved: webcam_snapshot_20250917_143628.png | Size: 0.8MB
2025-09-17 14:36:29,132 - INFO - Captures: 284 | Remaining: 95124s | Restarts: 12
2025-09-17 15:06:29,921 - INFO - Saved: webcam_snapshot_20250917_150629.png | Size: 0.7MB
2025-09-17 15:06:29,921 - INFO - Captures: 285 | Remaining: 93323s | Restarts: 12
2025-09-17 15:36:30,772 - INFO - Saved: webcam_snapshot_20250917_153629.png | Size: 1.0MB
2025-09-17 15:36:30,773 - INFO - Captures: 286 | Remaining: 91522s | Restarts: 12
2025-09-17 16:06:31,556 - INFO - Saved: webcam_snapshot_20250917_160630.png | Size: 1.0MB
2025-09-17 16:06:31,556 - INFO - Captures: 287 | Remaining: 89722s | Restarts: 12
2025-09-17 16:36:32,389 - INFO - Saved: webcam_snapshot_20250917_163631.png | Size: 1.1MB
2025-09-17 16:36:32,389 - INFO - Captures: 288 | Remaining: 87921s | Restarts: 12
2025-09-17 17:06:32,390 - INFO - Performing scheduled browser restart
2025-09-17 17:06:33,202 - INFO - Saved: webcam_snapshot_20250917_170632.png | Size: 1.0MB
2025-09-17 17:06:33,202 - INFO - Captures: 289 | Remaining: 86120s | Restarts: 13
2025-09-17 17:36:34,035 - INFO - Saved: webcam_snapshot_20250917_173633.png | Size: 1.2MB
2025-09-17 17:36:34,036 - INFO - Captures: 290 | Remaining: 84319s | Restarts: 13
2025-09-17 18:06:34,885 - INFO - Saved: webcam_snapshot_20250917_180634.png | Size: 1.2MB
2025-09-17 18:06:34,886 - INFO - Captures: 291 | Remaining: 82518s | Restarts: 13
2025-09-17 18:36:35,725 - INFO - Saved: webcam_snapshot_20250917_183634.png | Size: 1.2MB
2025-09-17 18:36:35,725 - INFO - Captures: 292 | Remaining: 80717s | Restarts: 13
2025-09-17 19:06:36,615 - INFO - Saved: webcam_snapshot_20250917_190635.png | Size: 1.2MB
2025-09-17 19:06:36,615 - INFO - Captures: 293 | Remaining: 78917s | Restarts: 13
2025-09-17 19:36:37,480 - INFO - Saved: webcam_snapshot_20250917_193636.png | Size: 1.3MB
2025-09-17 19:36:37,481 - INFO - Captures: 294 | Remaining: 77116s | Restarts: 13
2025-09-17 20:06:38,319 - INFO - Saved: webcam_snapshot_20250917_200637.png | Size: 1.3MB
2025-09-17 20:06:38,320 - INFO - Captures: 295 | Remaining: 75315s | Restarts: 13
2025-09-17 20:36:39,196 - INFO - Saved: webcam_snapshot_20250917_203638.png | Size: 1.4MB
2025-09-17 20:36:39,197 - INFO - Captures: 296 | Remaining: 73514s | Restarts: 13
2025-09-17 21:06:40,020 - INFO - Saved: webcam_snapshot_20250917_210639.png | Size: 1.4MB
2025-09-17 21:06:40,020 - INFO - Captures: 297 | Remaining: 71713s | Restarts: 13
2025-09-17 21:36:40,922 - INFO - Saved: webcam_snapshot_20250917_213640.png | Size: 1.4MB
2025-09-17 21:36:40,923 - INFO - Captures: 298 | Remaining: 69912s | Restarts: 13
2025-09-17 22:06:41,746 - INFO - Saved: webcam_snapshot_20250917_220640.png | Size: 1.5MB
2025-09-17 22:06:41,747 - INFO - Captures: 299 | Remaining: 68111s | Restarts: 13
2025-09-17 22:36:42,583 - INFO - Saved: webcam_snapshot_20250917_223641.png | Size: 1.5MB
2025-09-17 22:36:42,583 - INFO - Captures: 300 | Remaining: 66311s | Restarts: 13
2025-09-17 23:06:43,379 - INFO - Saved: webcam_snapshot_20250917_230642.png | Size: 1.4MB
2025-09-17 23:06:43,380 - INFO - Captures: 301 | Remaining: 64510s | Restarts: 13
2025-09-17 23:36:44,236 - INFO - Saved: webcam_snapshot_20250917_233643.png | Size: 1.4MB
2025-09-17 23:36:44,236 - INFO - Captures: 302 | Remaining: 62709s | Restarts: 13
2025-09-18 00:06:45,066 - INFO - Saved: webcam_snapshot_20250918_000644.png | Size: 1.4MB
2025-09-18 00:06:45,067 - INFO - Captures: 303 | Remaining: 60908s | Restarts: 13
2025-09-18 00:36:45,891 - INFO - Saved: webcam_snapshot_20250918_003645.png | Size: 1.4MB
2025-09-18 00:36:45,892 - INFO - Captures: 304 | Remaining: 59107s | Restarts: 13
2025-09-18 01:06:46,744 - INFO - Saved: webcam_snapshot_20250918_010645.png | Size: 1.3MB
2025-09-18 01:06:46,744 - INFO - Captures: 305 | Remaining: 57306s | Restarts: 13
2025-09-18 01:36:47,638 - INFO - Saved: webcam_snapshot_20250918_013646.png | Size: 1.3MB
2025-09-18 01:36:47,639 - INFO - Captures: 306 | Remaining: 55506s | Restarts: 13
2025-09-18 02:06:48,481 - INFO - Saved: webcam_snapshot_20250918_020647.png | Size: 1.3MB
2025-09-18 02:06:48,481 - INFO - Captures: 307 | Remaining: 53705s | Restarts: 13
2025-09-18 02:36:49,313 - INFO - Saved: webcam_snapshot_20250918_023648.png | Size: 1.3MB
2025-09-18 02:36:49,314 - INFO - Captures: 308 | Remaining: 51904s | Restarts: 13
2025-09-18 03:06:50,148 - INFO - Saved: webcam_snapshot_20250918_030649.png | Size: 1.4MB
2025-09-18 03:06:50,148 - INFO - Captures: 309 | Remaining: 50103s | Restarts: 13
2025-09-18 03:36:50,966 - INFO - Saved: webcam_snapshot_20250918_033650.png | Size: 1.2MB
2025-09-18 03:36:50,967 - INFO - Captures: 310 | Remaining: 48302s | Restarts: 13
2025-09-18 04:06:51,764 - INFO - Saved: webcam_snapshot_20250918_040650.png | Size: 1.0MB
2025-09-18 04:06:51,765 - INFO - Captures: 311 | Remaining: 46501s | Restarts: 13
2025-09-18 04:36:52,578 - INFO - Saved: webcam_snapshot_20250918_043651.png | Size: 1.2MB
2025-09-18 04:36:52,579 - INFO - Captures: 312 | Remaining: 44701s | Restarts: 13
2025-09-18 05:06:52,580 - INFO - Performing scheduled browser restart
2025-09-18 05:06:53,481 - INFO - Saved: webcam_snapshot_20250918_050652.png | Size: 0.8MB
2025-09-18 05:06:53,481 - INFO - Captures: 313 | Remaining: 42900s | Restarts: 14
2025-09-18 05:36:54,294 - INFO - Saved: webcam_snapshot_20250918_053653.png | Size: 0.7MB
2025-09-18 05:36:54,295 - INFO - Captures: 314 | Remaining: 41099s | Restarts: 14
2025-09-18 06:06:55,114 - INFO - Saved: webcam_snapshot_20250918_060654.png | Size: 0.7MB
2025-09-18 06:06:55,115 - INFO - Captures: 315 | Remaining: 39298s | Restarts: 14
2025-09-18 06:36:55,950 - INFO - Saved: webcam_snapshot_20250918_063655.png | Size: 0.7MB
2025-09-18 06:36:55,951 - INFO - Captures: 316 | Remaining: 37497s | Restarts: 14
2025-09-18 07:06:56,808 - INFO - Saved: webcam_snapshot_20250918_070655.png | Size: 0.7MB
2025-09-18 07:06:56,808 - INFO - Captures: 317 | Remaining: 35696s | Restarts: 14
2025-09-18 07:36:57,663 - INFO - Saved: webcam_snapshot_20250918_073656.png | Size: 0.7MB
2025-09-18 07:36:57,664 - INFO - Captures: 318 | Remaining: 33896s | Restarts: 14
2025-09-18 08:06:58,493 - INFO - Saved: webcam_snapshot_20250918_080657.png | Size: 0.7MB
2025-09-18 08:06:58,494 - INFO - Captures: 319 | Remaining: 32095s | Restarts: 14
2025-09-18 08:36:59,396 - INFO - Saved: webcam_snapshot_20250918_083658.png | Size: 0.7MB
2025-09-18 08:36:59,397 - INFO - Captures: 320 | Remaining: 30294s | Restarts: 14
2025-09-18 09:07:00,213 - INFO - Saved: webcam_snapshot_20250918_090659.png | Size: 0.7MB
2025-09-18 09:07:00,213 - INFO - Captures: 321 | Remaining: 28493s | Restarts: 14
2025-09-18 09:37:01,064 - INFO - Saved: webcam_snapshot_20250918_093700.png | Size: 0.7MB
2025-09-18 09:37:01,064 - INFO - Captures: 322 | Remaining: 26692s | Restarts: 14
2025-09-18 10:07:01,906 - INFO - Saved: webcam_snapshot_20250918_100701.png | Size: 0.7MB
2025-09-18 10:07:01,907 - INFO - Captures: 323 | Remaining: 24891s | Restarts: 14
2025-09-18 10:37:02,778 - INFO - Saved: webcam_snapshot_20250918_103701.png | Size: 0.7MB
2025-09-18 10:37:02,779 - INFO - Captures: 324 | Remaining: 23090s | Restarts: 14
2025-09-18 11:07:03,602 - INFO - Saved: webcam_snapshot_20250918_110702.png | Size: 0.7MB
2025-09-18 11:07:03,602 - INFO - Captures: 325 | Remaining: 21290s | Restarts: 14
2025-09-18 11:37:04,485 - INFO - Saved: webcam_snapshot_20250918_113703.png | Size: 0.7MB
2025-09-18 11:37:04,486 - INFO - Captures: 326 | Remaining: 19489s | Restarts: 14
2025-09-18 12:07:05,326 - INFO - Saved: webcam_snapshot_20250918_120704.png | Size: 0.7MB
2025-09-18 12:07:05,326 - INFO - Captures: 327 | Remaining: 17688s | Restarts: 14
2025-09-18 12:37:06,187 - INFO - Saved: webcam_snapshot_20250918_123705.png | Size: 0.7MB
2025-09-18 12:37:06,187 - INFO - Captures: 328 | Remaining: 15887s | Restarts: 14
2025-09-18 13:07:07,005 - INFO - Saved: webcam_snapshot_20250918_130706.png | Size: 0.7MB
2025-09-18 13:07:07,006 - INFO - Captures: 329 | Remaining: 14086s | Restarts: 14
2025-09-18 13:37:07,810 - INFO - Saved: webcam_snapshot_20250918_133707.png | Size: 0.7MB
2025-09-18 13:37:07,810 - INFO - Captures: 330 | Remaining: 12285s | Restarts: 14
2025-09-18 14:07:08,651 - INFO - Saved: webcam_snapshot_20250918_140707.png | Size: 0.7MB
2025-09-18 14:07:08,652 - INFO - Captures: 331 | Remaining: 10485s | Restarts: 14
2025-09-18 14:37:09,501 - INFO - Saved: webcam_snapshot_20250918_143708.png | Size: 0.7MB
2025-09-18 14:37:09,501 - INFO - Captures: 332 | Remaining: 8684s | Restarts: 14
2025-09-18 15:07:10,337 - INFO - Saved: webcam_snapshot_20250918_150709.png | Size: 0.8MB
2025-09-18 15:07:10,337 - INFO - Captures: 333 | Remaining: 6883s | Restarts: 14
2025-09-18 15:37:11,189 - INFO - Saved: webcam_snapshot_20250918_153710.png | Size: 0.7MB
2025-09-18 15:37:11,190 - INFO - Captures: 334 | Remaining: 5082s | Restarts: 14
2025-09-18 16:07:11,978 - INFO - Saved: webcam_snapshot_20250918_160711.png | Size: 1.1MB
2025-09-18 16:07:11,978 - INFO - Captures: 335 | Remaining: 3281s | Restarts: 14
2025-09-18 16:37:12,833 - INFO - Saved: webcam_snapshot_20250918_163711.png | Size: 1.2MB
2025-09-18 16:37:12,834 - INFO - Captures: 336 | Remaining: 1480s | Restarts: 14
2025-09-18 17:07:12,836 - INFO - Maximum runtime reached. Captured 336 images.
2025-09-18 17:07:13,206 - INFO - Browser closed
